<?xml version="1.0" encoding="UTF-8"?>
<robot generator="Robot 4.1.3 (Python 3.9.6 on win32)" generated="20220407 13:22:44.783" rpa="false" schemaversion="2">
<suite id="s1" name="1099Misc" source="C:\Users\STS360-UDHAYA S\Desktop\1099\1099misc.robot">
<test id="s1-t1" name="Login in to account">
<kw name="Login _Functionality" library="Sign">
<var>${passed}</var>
<kw name="Parse Xml" library="XML">
<var>${xml}</var>
<arg>login.xml</arg>
<doc>Parses the given XML file or string into an element structure.</doc>
<msg timestamp="20220407 13:22:45.555" level="INFO">${xml} = &lt;Element 'OR' at 0x0000022518BB8F90&gt;</msg>
<status status="PASS" starttime="20220407 13:22:45.553" endtime="20220407 13:22:45.555"/>
</kw>
<kw name="Get Element Text" library="XML">
<var>${obj_email}</var>
<arg>${xml}</arg>
<arg>email</arg>
<doc>Returns all text of the element, possibly whitespace normalized.</doc>
<msg timestamp="20220407 13:22:45.556" level="INFO">${obj_email} = //input[@type='text']</msg>
<status status="PASS" starttime="20220407 13:22:45.555" endtime="20220407 13:22:45.556"/>
</kw>
<kw name="Get Element Text" library="XML">
<var>${obj_pass}</var>
<arg>${xml}</arg>
<arg>password</arg>
<doc>Returns all text of the element, possibly whitespace normalized.</doc>
<msg timestamp="20220407 13:22:45.557" level="INFO">${obj_pass} = //input[@type='password']</msg>
<status status="PASS" starttime="20220407 13:22:45.557" endtime="20220407 13:22:45.557"/>
</kw>
<kw name="Get Element Text" library="XML">
<var>${obj_signin}</var>
<arg>${xml}</arg>
<arg>login</arg>
<doc>Returns all text of the element, possibly whitespace normalized.</doc>
<msg timestamp="20220407 13:22:45.558" level="INFO">${obj_signin} = (//button[@type='button'])[4]</msg>
<status status="PASS" starttime="20220407 13:22:45.557" endtime="20220407 13:22:45.558"/>
</kw>
<kw name="Set Variable" library="BuiltIn">
<var>${wbook}</var>
<arg>1099misc.xlsx</arg>
<doc>Returns the given values which can then be assigned to a variables.</doc>
<msg timestamp="20220407 13:22:45.558" level="INFO">${wbook} = 1099misc.xlsx</msg>
<status status="PASS" starttime="20220407 13:22:45.558" endtime="20220407 13:22:45.558"/>
</kw>
<kw name="Open Workbook" library="RPA.Excel.Files">
<arg>${wbook}</arg>
<doc>Open an existing Excel workbook.</doc>
<msg timestamp="20220407 13:22:45.647" level="INFO">Opened workbook: &lt;RPA.Excel.Files.XlsxWorkbook object at 0x0000022518BAC250&gt;</msg>
<status status="PASS" starttime="20220407 13:22:45.559" endtime="20220407 13:22:45.647"/>
</kw>
<kw name="Get Cell Value" library="RPA.Excel.Files">
<var>${fname}</var>
<arg>2</arg>
<arg>A</arg>
<arg>RecipientDetails</arg>
<doc>Get a cell value in the given worksheet.</doc>
<msg timestamp="20220407 13:22:45.648" level="INFO">${fname} = udhaya.g+april05@dotnetethics.com</msg>
<status status="PASS" starttime="20220407 13:22:45.648" endtime="20220407 13:22:45.648"/>
</kw>
<kw name="Get Cell Value" library="RPA.Excel.Files">
<var>${fPass}</var>
<arg>2</arg>
<arg>B</arg>
<arg>RecipientDetails</arg>
<doc>Get a cell value in the given worksheet.</doc>
<msg timestamp="20220407 13:22:45.648" level="INFO">${fPass} = Span@123</msg>
<status status="PASS" starttime="20220407 13:22:45.648" endtime="20220407 13:22:45.648"/>
</kw>
<kw name="Open Browser" library="SeleniumLibrary">
<arg>https://secure.tbsuat.com/</arg>
<arg>Chrome</arg>
<doc>Opens a new browser instance to the optional ``url``.</doc>
<msg timestamp="20220407 13:22:45.649" level="INFO">Opening browser 'Chrome' to base url 'https://secure.tbsuat.com/'.</msg>
<status status="PASS" starttime="20220407 13:22:45.648" endtime="20220407 13:22:49.263"/>
</kw>
<kw name="Maximize Browser Window" library="SeleniumLibrary">
<doc>Maximizes current browser window.</doc>
<status status="PASS" starttime="20220407 13:22:49.263" endtime="20220407 13:22:49.406"/>
</kw>
<kw name="Input Text" library="SeleniumLibrary">
<arg>${obj_email}</arg>
<arg>${fname}</arg>
<doc>Types the given ``text`` into the text field identified by ``locator``.</doc>
<msg timestamp="20220407 13:22:49.407" level="INFO">Typing text 'udhaya.g+april05@dotnetethics.com' into text field '//input[@type='text']'.</msg>
<status status="PASS" starttime="20220407 13:22:49.407" endtime="20220407 13:22:49.803"/>
</kw>
<kw name="Input Text" library="SeleniumLibrary">
<arg>${obj_pass}</arg>
<arg>${fPass}</arg>
<doc>Types the given ``text`` into the text field identified by ``locator``.</doc>
<msg timestamp="20220407 13:22:49.804" level="INFO">Typing text 'Span@123' into text field '//input[@type='password']'.</msg>
<status status="PASS" starttime="20220407 13:22:49.803" endtime="20220407 13:22:49.946"/>
</kw>
<kw name="Click Button" library="SeleniumLibrary">
<arg>${obj_signin}</arg>
<doc>Clicks the button identified by ``locator``.</doc>
<msg timestamp="20220407 13:22:49.947" level="INFO">Clicking button '(//button[@type='button'])[4]'.</msg>
<status status="PASS" starttime="20220407 13:22:49.946" endtime="20220407 13:22:50.056"/>
</kw>
<msg timestamp="20220407 13:22:50.056" level="INFO">${passed} = None</msg>
<status status="PASS" starttime="20220407 13:22:45.551" endtime="20220407 13:22:50.056"/>
</kw>
<kw name="Sleep" library="BuiltIn">
<arg>10s</arg>
<doc>Pauses the test executed for the given time.</doc>
<msg timestamp="20220407 13:23:00.059" level="INFO">Slept 10 seconds</msg>
<status status="PASS" starttime="20220407 13:22:50.057" endtime="20220407 13:23:00.059"/>
</kw>
<status status="PASS" starttime="20220407 13:22:45.548" endtime="20220407 13:23:00.059"/>
</test>
<test id="s1-t2" name="Click Start New Form">
<kw name="Select_Form" library="Home">
<var>${passed}</var>
<kw name="Parse Xml" library="XML">
<var>${xml}</var>
<arg>login.xml</arg>
<doc>Parses the given XML file or string into an element structure.</doc>
<msg timestamp="20220407 13:23:00.064" level="INFO">${xml} = &lt;Element 'OR' at 0x0000022518D8FC20&gt;</msg>
<status status="PASS" starttime="20220407 13:23:00.063" endtime="20220407 13:23:00.064"/>
</kw>
<kw name="Get Element Text" library="XML">
<var>${obj_start}</var>
<arg>${xml}</arg>
<arg>start</arg>
<doc>Returns all text of the element, possibly whitespace normalized.</doc>
<msg timestamp="20220407 13:23:00.064" level="INFO">${obj_start} = //i[@class="v-icon notranslate v-icon--right mdi mdi-arrow-down-drop-circle-outline theme--dark"]</msg>
<status status="PASS" starttime="20220407 13:23:00.064" endtime="20220407 13:23:00.064"/>
</kw>
<kw name="Get Element Text" library="XML">
<var>${obj_newform}</var>
<arg>${xml}</arg>
<arg>form</arg>
<doc>Returns all text of the element, possibly whitespace normalized.</doc>
<msg timestamp="20220407 13:23:00.065" level="INFO">${obj_newform} = (//div[@class='v-list-item__content'])[1]</msg>
<status status="PASS" starttime="20220407 13:23:00.065" endtime="20220407 13:23:00.065"/>
</kw>
<kw name="Click Element" library="SeleniumLibrary">
<arg>${obj_start}</arg>
<doc>Click the element identified by ``locator``.</doc>
<msg timestamp="20220407 13:23:00.066" level="INFO">Clicking element '//i[@class="v-icon notranslate v-icon--right mdi mdi-arrow-down-drop-circle-outline theme--dark"]'.</msg>
<status status="PASS" starttime="20220407 13:23:00.066" endtime="20220407 13:23:00.260"/>
</kw>
<kw name="Wait Until Element Is Enabled" library="SeleniumLibrary">
<arg>${obj_newform}</arg>
<arg>10s</arg>
<doc>Waits until the element ``locator`` is enabled.</doc>
<status status="PASS" starttime="20220407 13:23:00.260" endtime="20220407 13:23:00.307"/>
</kw>
<kw name="Click Element" library="SeleniumLibrary">
<arg>${obj_newform}</arg>
<doc>Click the element identified by ``locator``.</doc>
<msg timestamp="20220407 13:23:00.307" level="INFO">Clicking element '(//div[@class='v-list-item__content'])[1]'.</msg>
<status status="PASS" starttime="20220407 13:23:00.307" endtime="20220407 13:23:00.357"/>
</kw>
<msg timestamp="20220407 13:23:00.357" level="INFO">${passed} = None</msg>
<status status="PASS" starttime="20220407 13:23:00.062" endtime="20220407 13:23:00.357"/>
</kw>
<status status="PASS" starttime="20220407 13:23:00.062" endtime="20220407 13:23:00.358"/>
</test>
<test id="s1-t3" name="Fill Form 1099MISC">
<kw name="Select_Form_1099MISC" library="Form1099misc">
<var>${passed}</var>
<kw name="Parse Xml" library="XML">
<var>${xml}</var>
<arg>login.xml</arg>
<doc>Parses the given XML file or string into an element structure.</doc>
<msg timestamp="20220407 13:23:00.362" level="INFO">${xml} = &lt;Element 'OR' at 0x0000022518D99360&gt;</msg>
<status status="PASS" starttime="20220407 13:23:00.361" endtime="20220407 13:23:00.362"/>
</kw>
<kw name="Get Element Text" library="XML">
<var>${obj_reviewcon}</var>
<arg>${xml}</arg>
<arg>reviewcon</arg>
<doc>Returns all text of the element, possibly whitespace normalized.</doc>
<msg timestamp="20220407 13:23:00.363" level="INFO">${obj_reviewcon} = //span[@class="v-btn__content" and contains(text(),"Continue")]</msg>
<status status="PASS" starttime="20220407 13:23:00.362" endtime="20220407 13:23:00.363"/>
</kw>
<kw name="Get Element Text" library="XML">
<var>${obj_miscform}</var>
<arg>${xml}</arg>
<arg>miscform</arg>
<doc>Returns all text of the element, possibly whitespace normalized.</doc>
<msg timestamp="20220407 13:23:00.363" level="INFO">${obj_miscform} = //span[@class="v-btn__content" and contains (text(),"1099-MISC")]</msg>
<status status="PASS" starttime="20220407 13:23:00.363" endtime="20220407 13:23:00.363"/>
</kw>
<kw name="Get Element Text" library="XML">
<var>${obj_taxyear2021}</var>
<arg>${xml}</arg>
<arg>taxyear2021</arg>
<doc>Returns all text of the element, possibly whitespace normalized.</doc>
<msg timestamp="20220407 13:23:00.363" level="INFO">${obj_taxyear2021} = //span[@class="v-btn__content" and contains (text(),"File Form 1099-MISC for 2021")]</msg>
<status status="PASS" starttime="20220407 13:23:00.363" endtime="20220407 13:23:00.363"/>
</kw>
<kw name="Get Element Text" library="XML">
<var>${obj_manual}</var>
<arg>${xml}</arg>
<arg>manual</arg>
<doc>Returns all text of the element, possibly whitespace normalized.</doc>
<msg timestamp="20220407 13:23:00.364" level="INFO">${obj_manual} = //button[@type='button' and @class='btn-hover-shrink primary-btn v-btn v-btn--has-bg theme--light elevation-1 v-size--x-large primary text-capitalize border-0 xl']</msg>
<status status="PASS" starttime="20220407 13:23:00.363" endtime="20220407 13:23:00.364"/>
</kw>
<kw name="Get Element Text" library="XML">
<var>${obj_business}</var>
<arg>${xml}</arg>
<arg>business</arg>
<doc>Returns all text of the element, possibly whitespace normalized.</doc>
<msg timestamp="20220407 13:23:00.364" level="INFO">${obj_business} = //span[@class='v-btn__content' and contains(text(), 'Select / Add Business')]</msg>
<status status="PASS" starttime="20220407 13:23:00.364" endtime="20220407 13:23:00.364"/>
</kw>
<kw name="Get Element Text" library="XML">
<var>${obj_bsearch}</var>
<arg>${xml}</arg>
<arg>bsearch</arg>
<doc>Returns all text of the element, possibly whitespace normalized.</doc>
<msg timestamp="20220407 13:23:00.365" level="INFO">${obj_bsearch} = //input[@type='text' and @placeholder='Search by Payer/Employer Name, Ref.No and EIN/SSN']</msg>
<status status="PASS" starttime="20220407 13:23:00.364" endtime="20220407 13:23:00.366"/>
</kw>
<kw name="Get Element Text" library="XML">
<var>${obj_bselect}</var>
<arg>${xml}</arg>
<arg>bselect</arg>
<doc>Returns all text of the element, possibly whitespace normalized.</doc>
<msg timestamp="20220407 13:23:00.367" level="INFO">${obj_bselect} = //button[@class='text-capitalize primary-outlined-btn v-btn v-btn--outlined theme--light v-size--default secondary--text' and @type='button']</msg>
<status status="PASS" starttime="20220407 13:23:00.367" endtime="20220407 13:23:00.368"/>
</kw>
<kw name="Get Element Text" library="XML">
<var>${obj_recipient}</var>
<arg>${xml}</arg>
<arg>recipient</arg>
<doc>Returns all text of the element, possibly whitespace normalized.</doc>
<msg timestamp="20220407 13:23:00.368" level="INFO">${obj_recipient} = //span[@class='recipent-name mr-auto' and contains(text(), 'Search by Recipient Name/TIN')]</msg>
<status status="PASS" starttime="20220407 13:23:00.368" endtime="20220407 13:23:00.368"/>
</kw>
<kw name="Get Element Text" library="XML">
<var>${obj_rsearch}</var>
<arg>${xml}</arg>
<arg>rsearch</arg>
<doc>Returns all text of the element, possibly whitespace normalized.</doc>
<msg timestamp="20220407 13:23:00.369" level="INFO">${obj_rsearch} = //input[@type='text' and @placeholder='Search by Employee/Recipient Name or TIN']</msg>
<status status="PASS" starttime="20220407 13:23:00.369" endtime="20220407 13:23:00.369"/>
</kw>
<kw name="Get Element Text" library="XML">
<var>${obj_rselect}</var>
<arg>${xml}</arg>
<arg>rselect</arg>
<doc>Returns all text of the element, possibly whitespace normalized.</doc>
<msg timestamp="20220407 13:23:00.370" level="INFO">${obj_rselect} = //div[@class='pa-2 border-bottom v-list-item v-list-item--link theme--light']</msg>
<status status="PASS" starttime="20220407 13:23:00.370" endtime="20220407 13:23:00.370"/>
</kw>
<kw name="Get Element Text" library="XML">
<var>${obj_line1}</var>
<arg>${xml}</arg>
<arg>line1</arg>
<doc>Returns all text of the element, possibly whitespace normalized.</doc>
<msg timestamp="20220407 13:23:00.371" level="INFO">${obj_line1} = //em[contains(text(),"Rents")]/../..//following-sibling::section/div/div/div/div/input</msg>
<status status="PASS" starttime="20220407 13:23:00.370" endtime="20220407 13:23:00.371"/>
</kw>
<kw name="Get Element Text" library="XML">
<var>${obj_line2}</var>
<arg>${xml}</arg>
<arg>line2</arg>
<doc>Returns all text of the element, possibly whitespace normalized.</doc>
<msg timestamp="20220407 13:23:00.372" level="INFO">${obj_line2} = //em[contains(text(),"Royalties")]/../..//following-sibling::section/div/div/div/div/input</msg>
<status status="PASS" starttime="20220407 13:23:00.371" endtime="20220407 13:23:00.372"/>
</kw>
<kw name="Get Element Text" library="XML">
<var>${obj_line3}</var>
<arg>${xml}</arg>
<arg>line3</arg>
<doc>Returns all text of the element, possibly whitespace normalized.</doc>
<msg timestamp="20220407 13:23:00.373" level="INFO">${obj_line3} = //em[contains(text(),"Other income")]/../..//following-sibling::section/div/div/div/div/input</msg>
<status status="PASS" starttime="20220407 13:23:00.372" endtime="20220407 13:23:00.373"/>
</kw>
<kw name="Get Element Text" library="XML">
<var>${obj_line4}</var>
<arg>${xml}</arg>
<arg>line4</arg>
<doc>Returns all text of the element, possibly whitespace normalized.</doc>
<msg timestamp="20220407 13:23:00.374" level="INFO">${obj_line4} = //em[contains(text(),"Federal ")]/../..//following-sibling::section/div/div/div/div/input</msg>
<status status="PASS" starttime="20220407 13:23:00.373" endtime="20220407 13:23:00.374"/>
</kw>
<kw name="Get Element Text" library="XML">
<var>${obj_line5}</var>
<arg>${xml}</arg>
<arg>line5</arg>
<doc>Returns all text of the element, possibly whitespace normalized.</doc>
<msg timestamp="20220407 13:23:00.375" level="INFO">${obj_line5} = //em[contains(text(),"Fishing")]/../..//following-sibling::section/div/div/div/div/input</msg>
<status status="PASS" starttime="20220407 13:23:00.374" endtime="20220407 13:23:00.375"/>
</kw>
<kw name="Get Element Text" library="XML">
<var>${obj_line6}</var>
<arg>${xml}</arg>
<arg>line6</arg>
<doc>Returns all text of the element, possibly whitespace normalized.</doc>
<msg timestamp="20220407 13:23:00.375" level="INFO">${obj_line6} = //em[contains(text(),"Medical")]/../..//following-sibling::section/div/div/div/div/input</msg>
<status status="PASS" starttime="20220407 13:23:00.375" endtime="20220407 13:23:00.375"/>
</kw>
<kw name="Get Element Text" library="XML">
<var>${obj_line7}</var>
<arg>${xml}</arg>
<arg>line7</arg>
<doc>Returns all text of the element, possibly whitespace normalized.</doc>
<msg timestamp="20220407 13:23:00.376" level="INFO">${obj_line7} = //em[contains(text(),"Payer made direct sales totaling $5,000 or more of ")]/../following-sibling::div/div/div/div/input</msg>
<status status="PASS" starttime="20220407 13:23:00.376" endtime="20220407 13:23:00.376"/>
</kw>
<kw name="Get Element Text" library="XML">
<var>${obj_line8}</var>
<arg>${xml}</arg>
<arg>line8</arg>
<doc>Returns all text of the element, possibly whitespace normalized.</doc>
<msg timestamp="20220407 13:23:00.377" level="INFO">${obj_line8} = //em[contains(text(),"Substitute")]/../..//following-sibling::section/div/div/div/div/input</msg>
<status status="PASS" starttime="20220407 13:23:00.377" endtime="20220407 13:23:00.377"/>
</kw>
<kw name="Get Element Text" library="XML">
<var>${obj_line9}</var>
<arg>${xml}</arg>
<arg>line9</arg>
<doc>Returns all text of the element, possibly whitespace normalized.</doc>
<msg timestamp="20220407 13:23:00.378" level="INFO">${obj_line9} = //em[contains(text(),"Crop")]/../..//following-sibling::section/div/div/div/div/input</msg>
<status status="PASS" starttime="20220407 13:23:00.378" endtime="20220407 13:23:00.378"/>
</kw>
<kw name="Get Element Text" library="XML">
<var>${obj_line10}</var>
<arg>${xml}</arg>
<arg>line10</arg>
<doc>Returns all text of the element, possibly whitespace normalized.</doc>
<msg timestamp="20220407 13:23:00.379" level="INFO">${obj_line10} = //em[contains(text(),"Gross")]/../..//following-sibling::section/div/div/div/div/input</msg>
<status status="PASS" starttime="20220407 13:23:00.378" endtime="20220407 13:23:00.379"/>
</kw>
<kw name="Get Element Text" library="XML">
<var>${obj_line11}</var>
<arg>${xml}</arg>
<arg>line11</arg>
<doc>Returns all text of the element, possibly whitespace normalized.</doc>
<msg timestamp="20220407 13:23:00.379" level="INFO">${obj_line11} = //em[contains(text(),"Fish purchased")]/../..//following-sibling::section/div/div/div/div/input</msg>
<status status="PASS" starttime="20220407 13:23:00.379" endtime="20220407 13:23:00.379"/>
</kw>
<kw name="Get Element Text" library="XML">
<var>${obj_line12}</var>
<arg>${xml}</arg>
<arg>line12</arg>
<doc>Returns all text of the element, possibly whitespace normalized.</doc>
<msg timestamp="20220407 13:23:00.380" level="INFO">${obj_line12} = //em[contains(text(),"Section")]/../..//following-sibling::section/div/div/div/div/input</msg>
<status status="PASS" starttime="20220407 13:23:00.380" endtime="20220407 13:23:00.380"/>
</kw>
<kw name="Get Element Text" library="XML">
<var>${obj_line13}</var>
<arg>${xml}</arg>
<arg>line13</arg>
<doc>Returns all text of the element, possibly whitespace normalized.</doc>
<msg timestamp="20220407 13:23:00.381" level="INFO">${obj_line13} = //em[contains(text(),"Excess")]/../..//following-sibling::section/div/div/div/div/input</msg>
<status status="PASS" starttime="20220407 13:23:00.380" endtime="20220407 13:23:00.381"/>
</kw>
<kw name="Get Element Text" library="XML">
<var>${obj_line14}</var>
<arg>${xml}</arg>
<arg>line14</arg>
<doc>Returns all text of the element, possibly whitespace normalized.</doc>
<msg timestamp="20220407 13:23:00.382" level="INFO">${obj_line14} = //em[contains(text(),"Nonqualified")]/../..//following-sibling::section/div/div/div/div/input</msg>
<status status="PASS" starttime="20220407 13:23:00.381" endtime="20220407 13:23:00.382"/>
</kw>
<kw name="Get Element Text" library="XML">
<var>${obj_save}</var>
<arg>${xml}</arg>
<arg>save</arg>
<doc>Returns all text of the element, possibly whitespace normalized.</doc>
<msg timestamp="20220407 13:23:00.383" level="INFO">${obj_save} = //span[@class="v-btn__content" and contains(text(),"Save &amp; Add Another")]</msg>
<status status="PASS" starttime="20220407 13:23:00.382" endtime="20220407 13:23:00.383"/>
</kw>
<kw name="Get Element Text" library="XML">
<var>${obj_savecon}</var>
<arg>${xml}</arg>
<arg>savecon</arg>
<doc>Returns all text of the element, possibly whitespace normalized.</doc>
<msg timestamp="20220407 13:23:00.384" level="INFO">${obj_savecon} = //span[@class="v-btn__content" and contains(text(),"Save &amp; Continue")]</msg>
<status status="PASS" starttime="20220407 13:23:00.383" endtime="20220407 13:23:00.384"/>
</kw>
<kw name="Get Element Text" library="XML">
<var>${obj_continue}</var>
<arg>${xml}</arg>
<arg>continue</arg>
<doc>Returns all text of the element, possibly whitespace normalized.</doc>
<msg timestamp="20220407 13:23:00.386" level="INFO">${obj_continue} = //button[@class='text-capitalize border-0 xl v-btn v-btn--has-bg theme--light elevation-1 v-size--x-large primary']</msg>
<status status="PASS" starttime="20220407 13:23:00.384" endtime="20220407 13:23:00.386"/>
</kw>
<kw name="Get Element Text" library="XML">
<var>${obj_add}</var>
<arg>${xml}</arg>
<arg>add</arg>
<doc>Returns all text of the element, possibly whitespace normalized.</doc>
<msg timestamp="20220407 13:23:00.386" level="INFO">${obj_add} = //span[@class="v-btn__content" and contains(text(),"Add New Form")]</msg>
<status status="PASS" starttime="20220407 13:23:00.386" endtime="20220407 13:23:00.386"/>
</kw>
<kw name="Get Element Text" library="XML">
<var>${obj_misc}</var>
<arg>${xml}</arg>
<arg>misc</arg>
<doc>Returns all text of the element, possibly whitespace normalized.</doc>
<msg timestamp="20220407 13:23:00.386" level="INFO">${obj_misc} = //p[contains (text(), 'Manually add Form 1099-MISC details for each recipient.')]/../../following-sibling::div/button</msg>
<status status="PASS" starttime="20220407 13:23:00.386" endtime="20220407 13:23:00.386"/>
</kw>
<kw name="Get Element Text" library="XML">
<var>${obj_address}</var>
<arg>${xml}</arg>
<arg>address</arg>
<doc>Returns all text of the element, possibly whitespace normalized.</doc>
<msg timestamp="20220407 13:23:00.387" level="INFO">${obj_address} = //label[@class="v-label theme--light" and contains(text(),"Address you entered")]</msg>
<status status="PASS" starttime="20220407 13:23:00.387" endtime="20220407 13:23:00.387"/>
</kw>
<kw name="Sleep" library="BuiltIn">
<arg>2s</arg>
<doc>Pauses the test executed for the given time.</doc>
<msg timestamp="20220407 13:23:02.389" level="INFO">Slept 2 seconds</msg>
<status status="PASS" starttime="20220407 13:23:00.387" endtime="20220407 13:23:02.389"/>
</kw>
<kw name="Click Element" library="SeleniumLibrary">
<arg>${obj_miscform}</arg>
<doc>Click the element identified by ``locator``.</doc>
<msg timestamp="20220407 13:23:02.389" level="INFO">Clicking element '//span[@class="v-btn__content" and contains (text(),"1099-MISC")]'.</msg>
<status status="PASS" starttime="20220407 13:23:02.389" endtime="20220407 13:23:02.454"/>
</kw>
<kw name="Sleep" library="BuiltIn">
<arg>2s</arg>
<doc>Pauses the test executed for the given time.</doc>
<msg timestamp="20220407 13:23:04.470" level="INFO">Slept 2 seconds</msg>
<status status="PASS" starttime="20220407 13:23:02.454" endtime="20220407 13:23:04.470"/>
</kw>
<kw name="Click Element" library="SeleniumLibrary">
<arg>${obj_taxyear2021}</arg>
<doc>Click the element identified by ``locator``.</doc>
<msg timestamp="20220407 13:23:04.470" level="INFO">Clicking element '//span[@class="v-btn__content" and contains (text(),"File Form 1099-MISC for 2021")]'.</msg>
<status status="PASS" starttime="20220407 13:23:04.470" endtime="20220407 13:23:04.546"/>
</kw>
<kw name="Sleep" library="BuiltIn">
<arg>2s</arg>
<doc>Pauses the test executed for the given time.</doc>
<msg timestamp="20220407 13:23:06.558" level="INFO">Slept 2 seconds</msg>
<status status="PASS" starttime="20220407 13:23:04.546" endtime="20220407 13:23:06.558"/>
</kw>
<kw name="Click Element" library="SeleniumLibrary">
<arg>${obj_manual}</arg>
<doc>Click the element identified by ``locator``.</doc>
<msg timestamp="20220407 13:23:06.560" level="INFO">Clicking element '//button[@type='button' and @class='btn-hover-shrink primary-btn v-btn v-btn--has-bg theme--light elevation-1 v-size--x-large primary text-capitalize border-0 xl']'.</msg>
<status status="PASS" starttime="20220407 13:23:06.559" endtime="20220407 13:23:08.630"/>
</kw>
<kw name="Set Variable" library="BuiltIn">
<var>${wbook}</var>
<arg>1099misc.xlsx</arg>
<doc>Returns the given values which can then be assigned to a variables.</doc>
<msg timestamp="20220407 13:23:08.631" level="INFO">${wbook} = 1099misc.xlsx</msg>
<status status="PASS" starttime="20220407 13:23:08.630" endtime="20220407 13:23:08.631"/>
</kw>
<kw name="Open Workbook" library="RPA.Excel.Files">
<arg>${wbook}</arg>
<doc>Open an existing Excel workbook.</doc>
<msg timestamp="20220407 13:23:08.631" level="INFO">Closing workbook: &lt;RPA.Excel.Files.XlsxWorkbook object at 0x0000022518BAC250&gt;</msg>
<msg timestamp="20220407 13:23:08.710" level="INFO">Opened workbook: &lt;RPA.Excel.Files.XlsxWorkbook object at 0x0000022518DFCB20&gt;</msg>
<status status="PASS" starttime="20220407 13:23:08.631" endtime="20220407 13:23:08.711"/>
</kw>
<kw name="Read Worksheet" library="RPA.Excel.Files">
<var>${sheet}</var>
<arg>RecipientDetails</arg>
<doc>Read the content of a worksheet into a list of dictionaries.</doc>
<msg timestamp="20220407 13:23:08.715" level="INFO">${sheet} = [{'A': 'Name*', 'B': 'Name Cont', 'C': 'TIN*', 'D': '1) Rents', 'E': '2) Royalties', 'F': '3) Other income', 'G': '4) Federal income tax withheld', 'H': '5) Fishing boat proceeds', 'I': '6) Medical an...</msg>
<status status="PASS" starttime="20220407 13:23:08.711" endtime="20220407 13:23:08.715"/>
</kw>
<kw name="Get Length" library="BuiltIn">
<var>${rows}</var>
<arg>${sheet}</arg>
<doc>Returns and logs the length of the given item as an integer.</doc>
<msg timestamp="20220407 13:23:08.715" level="INFO">Length is 26</msg>
<msg timestamp="20220407 13:23:08.715" level="INFO">${rows} = 26</msg>
<status status="PASS" starttime="20220407 13:23:08.715" endtime="20220407 13:23:08.715"/>
</kw>
<kw name="Get Cell Value" library="RPA.Excel.Files">
<var>${Businessdata}</var>
<arg>5</arg>
<arg>A</arg>
<arg>RecipientDetails</arg>
<doc>Get a cell value in the given worksheet.</doc>
<msg timestamp="20220407 13:23:08.716" level="INFO">${Businessdata} = 32-4788888</msg>
<status status="PASS" starttime="20220407 13:23:08.716" endtime="20220407 13:23:08.716"/>
</kw>
<kw name="Wait Until Element Is Enabled" library="SeleniumLibrary">
<arg>${obj_business}</arg>
<arg>10s</arg>
<doc>Waits until the element ``locator`` is enabled.</doc>
<status status="PASS" starttime="20220407 13:23:08.716" endtime="20220407 13:23:10.336"/>
</kw>
<kw name="Click Element" library="SeleniumLibrary">
<arg>${obj_business}</arg>
<doc>Click the element identified by ``locator``.</doc>
<msg timestamp="20220407 13:23:10.337" level="INFO">Clicking element '//span[@class='v-btn__content' and contains(text(), 'Select / Add Business')]'.</msg>
<status status="PASS" starttime="20220407 13:23:10.336" endtime="20220407 13:23:10.497"/>
</kw>
<kw name="Wait Until Element Is Enabled" library="SeleniumLibrary">
<arg>${obj_bsearch}</arg>
<arg>10s</arg>
<doc>Waits until the element ``locator`` is enabled.</doc>
<status status="PASS" starttime="20220407 13:23:10.497" endtime="20220407 13:23:11.509"/>
</kw>
<kw name="Input Text" library="SeleniumLibrary">
<arg>${obj_bsearch}</arg>
<arg>${Businessdata}</arg>
<doc>Types the given ``text`` into the text field identified by ``locator``.</doc>
<msg timestamp="20220407 13:23:11.510" level="INFO">Typing text '32-4788888' into text field '//input[@type='text' and @placeholder='Search by Payer/Employer Name, Ref.No and EIN/SSN']'.</msg>
<status status="PASS" starttime="20220407 13:23:11.509" endtime="20220407 13:23:11.701"/>
</kw>
<kw name="Wait Until Element Is Enabled" library="SeleniumLibrary">
<arg>${obj_bselect}</arg>
<arg>10s</arg>
<doc>Waits until the element ``locator`` is enabled.</doc>
<status status="PASS" starttime="20220407 13:23:11.701" endtime="20220407 13:23:11.732"/>
</kw>
<kw name="Click Element" library="SeleniumLibrary">
<arg>${obj_bselect}</arg>
<doc>Click the element identified by ``locator``.</doc>
<msg timestamp="20220407 13:23:11.733" level="INFO">Clicking element '//button[@class='text-capitalize primary-outlined-btn v-btn v-btn--outlined theme--light v-size--default secondary--text' and @type='button']'.</msg>
<status status="PASS" starttime="20220407 13:23:11.732" endtime="20220407 13:23:11.868"/>
</kw>
<for flavor="IN RANGE">
<var>${i}</var>
<value>2</value>
<value>${rows}+1</value>
<iter>
<var name="${i}">2</var>
<kw name="Get Cell Value" library="RPA.Excel.Files">
<var>${RecipientTIN}</var>
<arg>${i}</arg>
<arg>C</arg>
<arg>RecipientDetails</arg>
<doc>Get a cell value in the given worksheet.</doc>
<msg timestamp="20220407 13:23:11.870" level="INFO">${RecipientTIN} = 245685963</msg>
<status status="PASS" starttime="20220407 13:23:11.869" endtime="20220407 13:23:11.870"/>
</kw>
<kw name="Get Cell Value" library="RPA.Excel.Files">
<var>${Rents}</var>
<arg>${i}</arg>
<arg>D</arg>
<arg>RecipientDetails</arg>
<doc>Get a cell value in the given worksheet.</doc>
<msg timestamp="20220407 13:23:11.871" level="INFO">${Rents} = 500</msg>
<status status="PASS" starttime="20220407 13:23:11.870" endtime="20220407 13:23:11.871"/>
</kw>
<kw name="Get Cell Value" library="RPA.Excel.Files">
<var>${Royalties}</var>
<arg>${i}</arg>
<arg>E</arg>
<arg>RecipientDetails</arg>
<doc>Get a cell value in the given worksheet.</doc>
<msg timestamp="20220407 13:23:11.873" level="INFO">${Royalties} = 350</msg>
<status status="PASS" starttime="20220407 13:23:11.871" endtime="20220407 13:23:11.873"/>
</kw>
<kw name="Get Cell Value" library="RPA.Excel.Files">
<var>${Other}</var>
<arg>${i}</arg>
<arg>F</arg>
<arg>RecipientDetails</arg>
<doc>Get a cell value in the given worksheet.</doc>
<msg timestamp="20220407 13:23:11.874" level="INFO">${Other} = 5601.25</msg>
<status status="PASS" starttime="20220407 13:23:11.873" endtime="20220407 13:23:11.874"/>
</kw>
<kw name="Get Cell Value" library="RPA.Excel.Files">
<var>${Federal}</var>
<arg>${i}</arg>
<arg>G</arg>
<arg>RecipientDetails</arg>
<doc>Get a cell value in the given worksheet.</doc>
<msg timestamp="20220407 13:23:11.876" level="INFO">${Federal} = 2360.96</msg>
<status status="PASS" starttime="20220407 13:23:11.875" endtime="20220407 13:23:11.876"/>
</kw>
<kw name="Get Cell Value" library="RPA.Excel.Files">
<var>${Fishing}</var>
<arg>${i}</arg>
<arg>H</arg>
<arg>RecipientDetails</arg>
<doc>Get a cell value in the given worksheet.</doc>
<msg timestamp="20220407 13:23:11.877" level="INFO">${Fishing} = 1250</msg>
<status status="PASS" starttime="20220407 13:23:11.876" endtime="20220407 13:23:11.877"/>
</kw>
<kw name="Get Cell Value" library="RPA.Excel.Files">
<var>${Medical}</var>
<arg>${i}</arg>
<arg>I</arg>
<arg>RecipientDetails</arg>
<doc>Get a cell value in the given worksheet.</doc>
<msg timestamp="20220407 13:23:11.878" level="INFO">${Medical} = 2500</msg>
<status status="PASS" starttime="20220407 13:23:11.877" endtime="20220407 13:23:11.878"/>
</kw>
<kw name="Get Cell Value" library="RPA.Excel.Files">
<var>${Substitute}</var>
<arg>${i}</arg>
<arg>K</arg>
<arg>RecipientDetails</arg>
<doc>Get a cell value in the given worksheet.</doc>
<msg timestamp="20220407 13:23:11.879" level="INFO">${Substitute} = 250.33</msg>
<status status="PASS" starttime="20220407 13:23:11.878" endtime="20220407 13:23:11.879"/>
</kw>
<kw name="Get Cell Value" library="RPA.Excel.Files">
<var>${Crop}</var>
<arg>${i}</arg>
<arg>L</arg>
<arg>RecipientDetails</arg>
<doc>Get a cell value in the given worksheet.</doc>
<msg timestamp="20220407 13:23:11.880" level="INFO">${Crop} = 250</msg>
<status status="PASS" starttime="20220407 13:23:11.880" endtime="20220407 13:23:11.880"/>
</kw>
<kw name="Get Cell Value" library="RPA.Excel.Files">
<var>${Gross}</var>
<arg>${i}</arg>
<arg>M</arg>
<arg>RecipientDetails</arg>
<doc>Get a cell value in the given worksheet.</doc>
<msg timestamp="20220407 13:23:11.882" level="INFO">${Gross} = 230</msg>
<status status="PASS" starttime="20220407 13:23:11.881" endtime="20220407 13:23:11.882"/>
</kw>
<kw name="Get Cell Value" library="RPA.Excel.Files">
<var>${Fish}</var>
<arg>${i}</arg>
<arg>N</arg>
<arg>RecipientDetails</arg>
<doc>Get a cell value in the given worksheet.</doc>
<msg timestamp="20220407 13:23:11.883" level="INFO">${Fish} = 154</msg>
<status status="PASS" starttime="20220407 13:23:11.882" endtime="20220407 13:23:11.883"/>
</kw>
<kw name="Get Cell Value" library="RPA.Excel.Files">
<var>${Section}</var>
<arg>${i}</arg>
<arg>O</arg>
<arg>RecipientDetails</arg>
<doc>Get a cell value in the given worksheet.</doc>
<msg timestamp="20220407 13:23:11.884" level="INFO">${Section} = 222</msg>
<status status="PASS" starttime="20220407 13:23:11.884" endtime="20220407 13:23:11.884"/>
</kw>
<kw name="Get Cell Value" library="RPA.Excel.Files">
<var>${Excess}</var>
<arg>${i}</arg>
<arg>P</arg>
<arg>RecipientDetails</arg>
<doc>Get a cell value in the given worksheet.</doc>
<msg timestamp="20220407 13:23:11.885" level="INFO">${Excess} = 255</msg>
<status status="PASS" starttime="20220407 13:23:11.884" endtime="20220407 13:23:11.885"/>
</kw>
<kw name="Get Cell Value" library="RPA.Excel.Files">
<var>${Nonqualified}</var>
<arg>${i}</arg>
<arg>Q</arg>
<arg>RecipientDetails</arg>
<doc>Get a cell value in the given worksheet.</doc>
<msg timestamp="20220407 13:23:11.885" level="INFO">${Nonqualified} = 124</msg>
<status status="PASS" starttime="20220407 13:23:11.885" endtime="20220407 13:23:11.885"/>
</kw>
<kw name="Sleep" library="BuiltIn">
<arg>7s</arg>
<doc>Pauses the test executed for the given time.</doc>
<msg timestamp="20220407 13:23:18.890" level="INFO">Slept 7 seconds</msg>
<status status="PASS" starttime="20220407 13:23:11.885" endtime="20220407 13:23:18.890"/>
</kw>
<kw name="Click Element" library="SeleniumLibrary">
<arg>${obj_recipient}</arg>
<doc>Click the element identified by ``locator``.</doc>
<msg timestamp="20220407 13:23:18.892" level="INFO">Clicking element '//span[@class='recipent-name mr-auto' and contains(text(), 'Search by Recipient Name/TIN')]'.</msg>
<status status="PASS" starttime="20220407 13:23:18.891" endtime="20220407 13:23:18.980"/>
</kw>
<kw name="Wait Until Element Is Enabled" library="SeleniumLibrary">
<arg>${obj_rsearch}</arg>
<arg>10s</arg>
<doc>Waits until the element ``locator`` is enabled.</doc>
<status status="PASS" starttime="20220407 13:23:18.980" endtime="20220407 13:23:19.050"/>
</kw>
<kw name="Input Text" library="SeleniumLibrary">
<arg>${obj_rsearch}</arg>
<arg>${RecipientTIN}</arg>
<doc>Types the given ``text`` into the text field identified by ``locator``.</doc>
<msg timestamp="20220407 13:23:19.051" level="INFO">Typing text '245685963' into text field '//input[@type='text' and @placeholder='Search by Employee/Recipient Name or TIN']'.</msg>
<status status="PASS" starttime="20220407 13:23:19.050" endtime="20220407 13:23:19.187"/>
</kw>
<kw name="Wait Until Element Is Enabled" library="SeleniumLibrary">
<arg>${obj_rselect}</arg>
<arg>10s</arg>
<doc>Waits until the element ``locator`` is enabled.</doc>
<status status="PASS" starttime="20220407 13:23:19.187" endtime="20220407 13:23:20.115"/>
</kw>
<kw name="Click Element" library="SeleniumLibrary">
<arg>${obj_rselect}</arg>
<doc>Click the element identified by ``locator``.</doc>
<msg timestamp="20220407 13:23:20.116" level="INFO">Clicking element '//div[@class='pa-2 border-bottom v-list-item v-list-item--link theme--light']'.</msg>
<status status="PASS" starttime="20220407 13:23:20.116" endtime="20220407 13:23:20.206"/>
</kw>
<kw name="Input Text" library="SeleniumLibrary">
<arg>${obj_line1}</arg>
<arg>${Rents}</arg>
<doc>Types the given ``text`` into the text field identified by ``locator``.</doc>
<msg timestamp="20220407 13:23:20.207" level="INFO">Typing text '500' into text field '//em[contains(text(),"Rents")]/../..//following-sibling::section/div/div/div/div/input'.</msg>
<status status="PASS" starttime="20220407 13:23:20.206" endtime="20220407 13:23:20.571"/>
</kw>
<kw name="Input Text" library="SeleniumLibrary">
<arg>${obj_line2}</arg>
<arg>${Royalties}</arg>
<doc>Types the given ``text`` into the text field identified by ``locator``.</doc>
<msg timestamp="20220407 13:23:20.571" level="INFO">Typing text '350' into text field '//em[contains(text(),"Royalties")]/../..//following-sibling::section/div/div/div/div/input'.</msg>
<status status="PASS" starttime="20220407 13:23:20.571" endtime="20220407 13:23:20.913"/>
</kw>
<kw name="Input Text" library="SeleniumLibrary">
<arg>${obj_line3}</arg>
<arg>${Other}</arg>
<doc>Types the given ``text`` into the text field identified by ``locator``.</doc>
<msg timestamp="20220407 13:23:20.913" level="INFO">Typing text '5601.25' into text field '//em[contains(text(),"Other income")]/../..//following-sibling::section/div/div/div/div/input'.</msg>
<status status="PASS" starttime="20220407 13:23:20.913" endtime="20220407 13:23:21.228"/>
</kw>
<kw name="Input Text" library="SeleniumLibrary">
<arg>${obj_line4}</arg>
<arg>${Federal}</arg>
<doc>Types the given ``text`` into the text field identified by ``locator``.</doc>
<msg timestamp="20220407 13:23:21.229" level="INFO">Typing text '2360.96' into text field '//em[contains(text(),"Federal ")]/../..//following-sibling::section/div/div/div/div/input'.</msg>
<status status="PASS" starttime="20220407 13:23:21.228" endtime="20220407 13:23:21.507"/>
</kw>
<kw name="Input Text" library="SeleniumLibrary">
<arg>${obj_line5}</arg>
<arg>${Fishing}</arg>
<doc>Types the given ``text`` into the text field identified by ``locator``.</doc>
<msg timestamp="20220407 13:23:21.508" level="INFO">Typing text '1250' into text field '//em[contains(text(),"Fishing")]/../..//following-sibling::section/div/div/div/div/input'.</msg>
<status status="PASS" starttime="20220407 13:23:21.507" endtime="20220407 13:23:21.708"/>
</kw>
<kw name="Input Text" library="SeleniumLibrary">
<arg>${obj_line6}</arg>
<arg>${Medical}</arg>
<doc>Types the given ``text`` into the text field identified by ``locator``.</doc>
<msg timestamp="20220407 13:23:21.708" level="INFO">Typing text '2500' into text field '//em[contains(text(),"Medical")]/../..//following-sibling::section/div/div/div/div/input'.</msg>
<status status="PASS" starttime="20220407 13:23:21.708" endtime="20220407 13:23:21.954"/>
</kw>
<kw name="Input Text" library="SeleniumLibrary">
<arg>${obj_line8}</arg>
<arg>${Substitute}</arg>
<doc>Types the given ``text`` into the text field identified by ``locator``.</doc>
<msg timestamp="20220407 13:23:21.954" level="INFO">Typing text '250.33' into text field '//em[contains(text(),"Substitute")]/../..//following-sibling::section/div/div/div/div/input'.</msg>
<status status="PASS" starttime="20220407 13:23:21.954" endtime="20220407 13:23:22.237"/>
</kw>
<kw name="Input Text" library="SeleniumLibrary">
<arg>${obj_line9}</arg>
<arg>${Crop}</arg>
<doc>Types the given ``text`` into the text field identified by ``locator``.</doc>
<msg timestamp="20220407 13:23:22.238" level="INFO">Typing text '250' into text field '//em[contains(text(),"Crop")]/../..//following-sibling::section/div/div/div/div/input'.</msg>
<status status="PASS" starttime="20220407 13:23:22.237" endtime="20220407 13:23:22.411"/>
</kw>
<kw name="Input Text" library="SeleniumLibrary">
<arg>${obj_line10}</arg>
<arg>${Gross}</arg>
<doc>Types the given ``text`` into the text field identified by ``locator``.</doc>
<msg timestamp="20220407 13:23:22.411" level="INFO">Typing text '230' into text field '//em[contains(text(),"Gross")]/../..//following-sibling::section/div/div/div/div/input'.</msg>
<status status="PASS" starttime="20220407 13:23:22.411" endtime="20220407 13:23:22.616"/>
</kw>
<kw name="Input Text" library="SeleniumLibrary">
<arg>${obj_line11}</arg>
<arg>${Fish}</arg>
<doc>Types the given ``text`` into the text field identified by ``locator``.</doc>
<msg timestamp="20220407 13:23:22.616" level="INFO">Typing text '154' into text field '//em[contains(text(),"Fish purchased")]/../..//following-sibling::section/div/div/div/div/input'.</msg>
<status status="PASS" starttime="20220407 13:23:22.616" endtime="20220407 13:23:22.820"/>
</kw>
<kw name="Input Text" library="SeleniumLibrary">
<arg>${obj_line12}</arg>
<arg>${Section}</arg>
<doc>Types the given ``text`` into the text field identified by ``locator``.</doc>
<msg timestamp="20220407 13:23:22.821" level="INFO">Typing text '222' into text field '//em[contains(text(),"Section")]/../..//following-sibling::section/div/div/div/div/input'.</msg>
<status status="PASS" starttime="20220407 13:23:22.820" endtime="20220407 13:23:23.039"/>
</kw>
<kw name="Input Text" library="SeleniumLibrary">
<arg>${obj_line13}</arg>
<arg>${Excess}</arg>
<doc>Types the given ``text`` into the text field identified by ``locator``.</doc>
<msg timestamp="20220407 13:23:23.039" level="INFO">Typing text '255' into text field '//em[contains(text(),"Excess")]/../..//following-sibling::section/div/div/div/div/input'.</msg>
<status status="PASS" starttime="20220407 13:23:23.039" endtime="20220407 13:23:23.245"/>
</kw>
<kw name="Input Text" library="SeleniumLibrary">
<arg>${obj_line14}</arg>
<arg>${Nonqualified}</arg>
<doc>Types the given ``text`` into the text field identified by ``locator``.</doc>
<msg timestamp="20220407 13:23:23.245" level="INFO">Typing text '124' into text field '//em[contains(text(),"Nonqualified")]/../..//following-sibling::section/div/div/div/div/input'.</msg>
<status status="PASS" starttime="20220407 13:23:23.245" endtime="20220407 13:23:23.448"/>
</kw>
<kw name="Run Keyword If" library="BuiltIn">
<arg>${i}==${rows}</arg>
<arg>Click Element</arg>
<arg>${obj_savecon}</arg>
<arg>ELSE</arg>
<arg>Click Element</arg>
<arg>${obj_save}</arg>
<doc>Runs the given keyword with the given arguments, if ``condition`` is true.</doc>
<kw name="Click Element" library="SeleniumLibrary">
<arg>${obj_save}</arg>
<doc>Click the element identified by ``locator``.</doc>
<msg timestamp="20220407 13:23:23.449" level="INFO">Clicking element '//span[@class="v-btn__content" and contains(text(),"Save &amp; Add Another")]'.</msg>
<status status="PASS" starttime="20220407 13:23:23.449" endtime="20220407 13:23:23.584"/>
</kw>
<status status="PASS" starttime="20220407 13:23:23.448" endtime="20220407 13:23:23.584"/>
</kw>
<kw name="Sleep" library="BuiltIn">
<arg>2s</arg>
<doc>Pauses the test executed for the given time.</doc>
<msg timestamp="20220407 13:23:25.600" level="INFO">Slept 2 seconds</msg>
<status status="PASS" starttime="20220407 13:23:23.584" endtime="20220407 13:23:25.601"/>
</kw>
<kw name="Run Keyword And Return Status" library="BuiltIn">
<var>${passed}</var>
<arg>Wait Until Element Is Enabled</arg>
<arg>${obj_address}</arg>
<arg>10s</arg>
<doc>Runs the given keyword with given arguments and returns the status as a Boolean value.</doc>
<kw name="Wait Until Element Is Enabled" library="SeleniumLibrary">
<arg>${obj_address}</arg>
<arg>10s</arg>
<doc>Waits until the element ``locator`` is enabled.</doc>
<kw name="Capture Page Screenshot" library="SeleniumLibrary">
<doc>Takes a screenshot of the current page and embeds it into a log file.</doc>
<msg timestamp="20220407 13:23:35.954" level="INFO" html="true">&lt;/td&gt;&lt;/tr&gt;&lt;tr&gt;&lt;td colspan="3"&gt;&lt;a href="selenium-screenshot-1.png"&gt;&lt;img src="selenium-screenshot-1.png" width="800px"&gt;&lt;/a&gt;</msg>
<status status="PASS" starttime="20220407 13:23:35.752" endtime="20220407 13:23:35.954"/>
</kw>
<msg timestamp="20220407 13:23:35.957" level="FAIL">Element with locator '//label[@class="v-label theme--light" and contains(text(),"Address you entered")]' not found.</msg>
<status status="FAIL" starttime="20220407 13:23:25.603" endtime="20220407 13:23:35.957"/>
</kw>
<msg timestamp="20220407 13:23:35.957" level="INFO">${passed} = False</msg>
<status status="PASS" starttime="20220407 13:23:25.602" endtime="20220407 13:23:35.957"/>
</kw>
<kw name="Run Keyword If" library="BuiltIn">
<arg>${passed}</arg>
<arg>Click Element</arg>
<arg>${obj_address}</arg>
<doc>Runs the given keyword with the given arguments, if ``condition`` is true.</doc>
<status status="PASS" starttime="20220407 13:23:35.957" endtime="20220407 13:23:35.957"/>
</kw>
<kw name="Run Keyword And Return Status" library="BuiltIn">
<var>${passed}</var>
<arg>Wait Until Element Is Enabled</arg>
<arg>${obj_continue}</arg>
<arg>10s</arg>
<doc>Runs the given keyword with given arguments and returns the status as a Boolean value.</doc>
<kw name="Wait Until Element Is Enabled" library="SeleniumLibrary">
<arg>${obj_continue}</arg>
<arg>10s</arg>
<doc>Waits until the element ``locator`` is enabled.</doc>
<kw name="Capture Page Screenshot" library="SeleniumLibrary">
<doc>Takes a screenshot of the current page and embeds it into a log file.</doc>
<msg timestamp="20220407 13:23:46.397" level="INFO" html="true">&lt;/td&gt;&lt;/tr&gt;&lt;tr&gt;&lt;td colspan="3"&gt;&lt;a href="selenium-screenshot-2.png"&gt;&lt;img src="selenium-screenshot-2.png" width="800px"&gt;&lt;/a&gt;</msg>
<status status="PASS" starttime="20220407 13:23:46.206" endtime="20220407 13:23:46.397"/>
</kw>
<msg timestamp="20220407 13:23:46.398" level="FAIL">Element with locator '//button[@class='text-capitalize border-0 xl v-btn v-btn--has-bg theme--light elevation-1 v-size--x-large primary']' not found.</msg>
<status status="FAIL" starttime="20220407 13:23:35.958" endtime="20220407 13:23:46.398"/>
</kw>
<msg timestamp="20220407 13:23:46.398" level="INFO">${passed} = False</msg>
<status status="PASS" starttime="20220407 13:23:35.957" endtime="20220407 13:23:46.398"/>
</kw>
<kw name="Run Keyword If" library="BuiltIn">
<arg>${passed}</arg>
<arg>Click Element</arg>
<arg>${obj_continue}</arg>
<doc>Runs the given keyword with the given arguments, if ``condition`` is true.</doc>
<status status="PASS" starttime="20220407 13:23:46.399" endtime="20220407 13:23:46.399"/>
</kw>
<status status="PASS" starttime="20220407 13:23:11.868" endtime="20220407 13:23:46.399"/>
</iter>
<iter>
<var name="${i}">3</var>
<kw name="Get Cell Value" library="RPA.Excel.Files">
<var>${RecipientTIN}</var>
<arg>${i}</arg>
<arg>C</arg>
<arg>RecipientDetails</arg>
<doc>Get a cell value in the given worksheet.</doc>
<msg timestamp="20220407 13:23:46.399" level="INFO">${RecipientTIN} = 245685964</msg>
<status status="PASS" starttime="20220407 13:23:46.399" endtime="20220407 13:23:46.399"/>
</kw>
<kw name="Get Cell Value" library="RPA.Excel.Files">
<var>${Rents}</var>
<arg>${i}</arg>
<arg>D</arg>
<arg>RecipientDetails</arg>
<doc>Get a cell value in the given worksheet.</doc>
<msg timestamp="20220407 13:23:46.400" level="INFO">${Rents} = 501</msg>
<status status="PASS" starttime="20220407 13:23:46.399" endtime="20220407 13:23:46.400"/>
</kw>
<kw name="Get Cell Value" library="RPA.Excel.Files">
<var>${Royalties}</var>
<arg>${i}</arg>
<arg>E</arg>
<arg>RecipientDetails</arg>
<doc>Get a cell value in the given worksheet.</doc>
<msg timestamp="20220407 13:23:46.400" level="INFO">${Royalties} = 351</msg>
<status status="PASS" starttime="20220407 13:23:46.400" endtime="20220407 13:23:46.400"/>
</kw>
<kw name="Get Cell Value" library="RPA.Excel.Files">
<var>${Other}</var>
<arg>${i}</arg>
<arg>F</arg>
<arg>RecipientDetails</arg>
<doc>Get a cell value in the given worksheet.</doc>
<msg timestamp="20220407 13:23:46.400" level="INFO">${Other} = 5600</msg>
<status status="PASS" starttime="20220407 13:23:46.400" endtime="20220407 13:23:46.400"/>
</kw>
<kw name="Get Cell Value" library="RPA.Excel.Files">
<var>${Federal}</var>
<arg>${i}</arg>
<arg>G</arg>
<arg>RecipientDetails</arg>
<doc>Get a cell value in the given worksheet.</doc>
<msg timestamp="20220407 13:23:46.401" level="INFO">${Federal} = 2365</msg>
<status status="PASS" starttime="20220407 13:23:46.401" endtime="20220407 13:23:46.401"/>
</kw>
<kw name="Get Cell Value" library="RPA.Excel.Files">
<var>${Fishing}</var>
<arg>${i}</arg>
<arg>H</arg>
<arg>RecipientDetails</arg>
<doc>Get a cell value in the given worksheet.</doc>
<msg timestamp="20220407 13:23:46.401" level="INFO">${Fishing} = 1250</msg>
<status status="PASS" starttime="20220407 13:23:46.401" endtime="20220407 13:23:46.401"/>
</kw>
<kw name="Get Cell Value" library="RPA.Excel.Files">
<var>${Medical}</var>
<arg>${i}</arg>
<arg>I</arg>
<arg>RecipientDetails</arg>
<doc>Get a cell value in the given worksheet.</doc>
<msg timestamp="20220407 13:23:46.402" level="INFO">${Medical} = 2500</msg>
<status status="PASS" starttime="20220407 13:23:46.401" endtime="20220407 13:23:46.402"/>
</kw>
<kw name="Get Cell Value" library="RPA.Excel.Files">
<var>${Substitute}</var>
<arg>${i}</arg>
<arg>K</arg>
<arg>RecipientDetails</arg>
<doc>Get a cell value in the given worksheet.</doc>
<msg timestamp="20220407 13:23:46.402" level="INFO">${Substitute} = 250.33</msg>
<status status="PASS" starttime="20220407 13:23:46.402" endtime="20220407 13:23:46.402"/>
</kw>
<kw name="Get Cell Value" library="RPA.Excel.Files">
<var>${Crop}</var>
<arg>${i}</arg>
<arg>L</arg>
<arg>RecipientDetails</arg>
<doc>Get a cell value in the given worksheet.</doc>
<msg timestamp="20220407 13:23:46.402" level="INFO">${Crop} = 250</msg>
<status status="PASS" starttime="20220407 13:23:46.402" endtime="20220407 13:23:46.402"/>
</kw>
<kw name="Get Cell Value" library="RPA.Excel.Files">
<var>${Gross}</var>
<arg>${i}</arg>
<arg>M</arg>
<arg>RecipientDetails</arg>
<doc>Get a cell value in the given worksheet.</doc>
<msg timestamp="20220407 13:23:46.403" level="INFO">${Gross} = 230</msg>
<status status="PASS" starttime="20220407 13:23:46.403" endtime="20220407 13:23:46.403"/>
</kw>
<kw name="Get Cell Value" library="RPA.Excel.Files">
<var>${Fish}</var>
<arg>${i}</arg>
<arg>N</arg>
<arg>RecipientDetails</arg>
<doc>Get a cell value in the given worksheet.</doc>
<msg timestamp="20220407 13:23:46.403" level="INFO">${Fish} = 154</msg>
<status status="PASS" starttime="20220407 13:23:46.403" endtime="20220407 13:23:46.403"/>
</kw>
<kw name="Get Cell Value" library="RPA.Excel.Files">
<var>${Section}</var>
<arg>${i}</arg>
<arg>O</arg>
<arg>RecipientDetails</arg>
<doc>Get a cell value in the given worksheet.</doc>
<msg timestamp="20220407 13:23:46.404" level="INFO">${Section} = 222</msg>
<status status="PASS" starttime="20220407 13:23:46.403" endtime="20220407 13:23:46.404"/>
</kw>
<kw name="Get Cell Value" library="RPA.Excel.Files">
<var>${Excess}</var>
<arg>${i}</arg>
<arg>P</arg>
<arg>RecipientDetails</arg>
<doc>Get a cell value in the given worksheet.</doc>
<msg timestamp="20220407 13:23:46.404" level="INFO">${Excess} = 255</msg>
<status status="PASS" starttime="20220407 13:23:46.404" endtime="20220407 13:23:46.404"/>
</kw>
<kw name="Get Cell Value" library="RPA.Excel.Files">
<var>${Nonqualified}</var>
<arg>${i}</arg>
<arg>Q</arg>
<arg>RecipientDetails</arg>
<doc>Get a cell value in the given worksheet.</doc>
<msg timestamp="20220407 13:23:46.404" level="INFO">${Nonqualified} = 124</msg>
<status status="PASS" starttime="20220407 13:23:46.404" endtime="20220407 13:23:46.404"/>
</kw>
<kw name="Sleep" library="BuiltIn">
<arg>7s</arg>
<doc>Pauses the test executed for the given time.</doc>
<msg timestamp="20220407 13:23:53.411" level="INFO">Slept 7 seconds</msg>
<status status="PASS" starttime="20220407 13:23:46.404" endtime="20220407 13:23:53.411"/>
</kw>
<kw name="Click Element" library="SeleniumLibrary">
<arg>${obj_recipient}</arg>
<doc>Click the element identified by ``locator``.</doc>
<msg timestamp="20220407 13:23:53.411" level="INFO">Clicking element '//span[@class='recipent-name mr-auto' and contains(text(), 'Search by Recipient Name/TIN')]'.</msg>
<status status="PASS" starttime="20220407 13:23:53.411" endtime="20220407 13:23:53.471"/>
</kw>
<kw name="Wait Until Element Is Enabled" library="SeleniumLibrary">
<arg>${obj_rsearch}</arg>
<arg>10s</arg>
<doc>Waits until the element ``locator`` is enabled.</doc>
<status status="PASS" starttime="20220407 13:23:53.471" endtime="20220407 13:23:53.544"/>
</kw>
<kw name="Input Text" library="SeleniumLibrary">
<arg>${obj_rsearch}</arg>
<arg>${RecipientTIN}</arg>
<doc>Types the given ``text`` into the text field identified by ``locator``.</doc>
<msg timestamp="20220407 13:23:53.544" level="INFO">Typing text '245685964' into text field '//input[@type='text' and @placeholder='Search by Employee/Recipient Name or TIN']'.</msg>
<status status="PASS" starttime="20220407 13:23:53.544" endtime="20220407 13:23:53.691"/>
</kw>
<kw name="Wait Until Element Is Enabled" library="SeleniumLibrary">
<arg>${obj_rselect}</arg>
<arg>10s</arg>
<doc>Waits until the element ``locator`` is enabled.</doc>
<status status="PASS" starttime="20220407 13:23:53.692" endtime="20220407 13:23:54.833"/>
</kw>
<kw name="Click Element" library="SeleniumLibrary">
<arg>${obj_rselect}</arg>
<doc>Click the element identified by ``locator``.</doc>
<msg timestamp="20220407 13:23:54.833" level="INFO">Clicking element '//div[@class='pa-2 border-bottom v-list-item v-list-item--link theme--light']'.</msg>
<status status="PASS" starttime="20220407 13:23:54.833" endtime="20220407 13:23:54.982"/>
</kw>
<kw name="Input Text" library="SeleniumLibrary">
<arg>${obj_line1}</arg>
<arg>${Rents}</arg>
<doc>Types the given ``text`` into the text field identified by ``locator``.</doc>
<msg timestamp="20220407 13:23:54.984" level="INFO">Typing text '501' into text field '//em[contains(text(),"Rents")]/../..//following-sibling::section/div/div/div/div/input'.</msg>
<status status="PASS" starttime="20220407 13:23:54.982" endtime="20220407 13:23:55.299"/>
</kw>
<kw name="Input Text" library="SeleniumLibrary">
<arg>${obj_line2}</arg>
<arg>${Royalties}</arg>
<doc>Types the given ``text`` into the text field identified by ``locator``.</doc>
<msg timestamp="20220407 13:23:55.300" level="INFO">Typing text '351' into text field '//em[contains(text(),"Royalties")]/../..//following-sibling::section/div/div/div/div/input'.</msg>
<status status="PASS" starttime="20220407 13:23:55.299" endtime="20220407 13:23:55.504"/>
</kw>
<kw name="Input Text" library="SeleniumLibrary">
<arg>${obj_line3}</arg>
<arg>${Other}</arg>
<doc>Types the given ``text`` into the text field identified by ``locator``.</doc>
<msg timestamp="20220407 13:23:55.505" level="INFO">Typing text '5600' into text field '//em[contains(text(),"Other income")]/../..//following-sibling::section/div/div/div/div/input'.</msg>
<status status="PASS" starttime="20220407 13:23:55.504" endtime="20220407 13:23:55.747"/>
</kw>
<kw name="Input Text" library="SeleniumLibrary">
<arg>${obj_line4}</arg>
<arg>${Federal}</arg>
<doc>Types the given ``text`` into the text field identified by ``locator``.</doc>
<msg timestamp="20220407 13:23:55.747" level="INFO">Typing text '2365' into text field '//em[contains(text(),"Federal ")]/../..//following-sibling::section/div/div/div/div/input'.</msg>
<status status="PASS" starttime="20220407 13:23:55.747" endtime="20220407 13:23:55.957"/>
</kw>
<kw name="Input Text" library="SeleniumLibrary">
<arg>${obj_line5}</arg>
<arg>${Fishing}</arg>
<doc>Types the given ``text`` into the text field identified by ``locator``.</doc>
<msg timestamp="20220407 13:23:55.958" level="INFO">Typing text '1250' into text field '//em[contains(text(),"Fishing")]/../..//following-sibling::section/div/div/div/div/input'.</msg>
<status status="PASS" starttime="20220407 13:23:55.957" endtime="20220407 13:23:56.177"/>
</kw>
<kw name="Input Text" library="SeleniumLibrary">
<arg>${obj_line6}</arg>
<arg>${Medical}</arg>
<doc>Types the given ``text`` into the text field identified by ``locator``.</doc>
<msg timestamp="20220407 13:23:56.178" level="INFO">Typing text '2500' into text field '//em[contains(text(),"Medical")]/../..//following-sibling::section/div/div/div/div/input'.</msg>
<status status="PASS" starttime="20220407 13:23:56.178" endtime="20220407 13:23:56.405"/>
</kw>
<kw name="Input Text" library="SeleniumLibrary">
<arg>${obj_line8}</arg>
<arg>${Substitute}</arg>
<doc>Types the given ``text`` into the text field identified by ``locator``.</doc>
<msg timestamp="20220407 13:23:56.405" level="INFO">Typing text '250.33' into text field '//em[contains(text(),"Substitute")]/../..//following-sibling::section/div/div/div/div/input'.</msg>
<status status="PASS" starttime="20220407 13:23:56.405" endtime="20220407 13:23:56.643"/>
</kw>
<kw name="Input Text" library="SeleniumLibrary">
<arg>${obj_line9}</arg>
<arg>${Crop}</arg>
<doc>Types the given ``text`` into the text field identified by ``locator``.</doc>
<msg timestamp="20220407 13:23:56.644" level="INFO">Typing text '250' into text field '//em[contains(text(),"Crop")]/../..//following-sibling::section/div/div/div/div/input'.</msg>
<status status="PASS" starttime="20220407 13:23:56.644" endtime="20220407 13:23:56.801"/>
</kw>
<kw name="Input Text" library="SeleniumLibrary">
<arg>${obj_line10}</arg>
<arg>${Gross}</arg>
<doc>Types the given ``text`` into the text field identified by ``locator``.</doc>
<msg timestamp="20220407 13:23:56.802" level="INFO">Typing text '230' into text field '//em[contains(text(),"Gross")]/../..//following-sibling::section/div/div/div/div/input'.</msg>
<status status="PASS" starttime="20220407 13:23:56.802" endtime="20220407 13:23:57.010"/>
</kw>
<kw name="Input Text" library="SeleniumLibrary">
<arg>${obj_line11}</arg>
<arg>${Fish}</arg>
<doc>Types the given ``text`` into the text field identified by ``locator``.</doc>
<msg timestamp="20220407 13:23:57.011" level="INFO">Typing text '154' into text field '//em[contains(text(),"Fish purchased")]/../..//following-sibling::section/div/div/div/div/input'.</msg>
<status status="PASS" starttime="20220407 13:23:57.010" endtime="20220407 13:23:57.200"/>
</kw>
<kw name="Input Text" library="SeleniumLibrary">
<arg>${obj_line12}</arg>
<arg>${Section}</arg>
<doc>Types the given ``text`` into the text field identified by ``locator``.</doc>
<msg timestamp="20220407 13:23:57.201" level="INFO">Typing text '222' into text field '//em[contains(text(),"Section")]/../..//following-sibling::section/div/div/div/div/input'.</msg>
<status status="PASS" starttime="20220407 13:23:57.200" endtime="20220407 13:23:57.377"/>
</kw>
<kw name="Input Text" library="SeleniumLibrary">
<arg>${obj_line13}</arg>
<arg>${Excess}</arg>
<doc>Types the given ``text`` into the text field identified by ``locator``.</doc>
<msg timestamp="20220407 13:23:57.378" level="INFO">Typing text '255' into text field '//em[contains(text(),"Excess")]/../..//following-sibling::section/div/div/div/div/input'.</msg>
<status status="PASS" starttime="20220407 13:23:57.377" endtime="20220407 13:23:57.562"/>
</kw>
<kw name="Input Text" library="SeleniumLibrary">
<arg>${obj_line14}</arg>
<arg>${Nonqualified}</arg>
<doc>Types the given ``text`` into the text field identified by ``locator``.</doc>
<msg timestamp="20220407 13:23:57.563" level="INFO">Typing text '124' into text field '//em[contains(text(),"Nonqualified")]/../..//following-sibling::section/div/div/div/div/input'.</msg>
<status status="PASS" starttime="20220407 13:23:57.562" endtime="20220407 13:23:57.773"/>
</kw>
<kw name="Run Keyword If" library="BuiltIn">
<arg>${i}==${rows}</arg>
<arg>Click Element</arg>
<arg>${obj_savecon}</arg>
<arg>ELSE</arg>
<arg>Click Element</arg>
<arg>${obj_save}</arg>
<doc>Runs the given keyword with the given arguments, if ``condition`` is true.</doc>
<kw name="Click Element" library="SeleniumLibrary">
<arg>${obj_save}</arg>
<doc>Click the element identified by ``locator``.</doc>
<msg timestamp="20220407 13:23:57.774" level="INFO">Clicking element '//span[@class="v-btn__content" and contains(text(),"Save &amp; Add Another")]'.</msg>
<status status="PASS" starttime="20220407 13:23:57.773" endtime="20220407 13:23:57.907"/>
</kw>
<status status="PASS" starttime="20220407 13:23:57.773" endtime="20220407 13:23:57.907"/>
</kw>
<kw name="Sleep" library="BuiltIn">
<arg>2s</arg>
<doc>Pauses the test executed for the given time.</doc>
<msg timestamp="20220407 13:23:59.919" level="INFO">Slept 2 seconds</msg>
<status status="PASS" starttime="20220407 13:23:57.907" endtime="20220407 13:23:59.920"/>
</kw>
<kw name="Run Keyword And Return Status" library="BuiltIn">
<var>${passed}</var>
<arg>Wait Until Element Is Enabled</arg>
<arg>${obj_address}</arg>
<arg>10s</arg>
<doc>Runs the given keyword with given arguments and returns the status as a Boolean value.</doc>
<kw name="Wait Until Element Is Enabled" library="SeleniumLibrary">
<arg>${obj_address}</arg>
<arg>10s</arg>
<doc>Waits until the element ``locator`` is enabled.</doc>
<status status="PASS" starttime="20220407 13:23:59.922" endtime="20220407 13:23:59.987"/>
</kw>
<msg timestamp="20220407 13:23:59.987" level="INFO">${passed} = True</msg>
<status status="PASS" starttime="20220407 13:23:59.920" endtime="20220407 13:23:59.987"/>
</kw>
<kw name="Run Keyword If" library="BuiltIn">
<arg>${passed}</arg>
<arg>Click Element</arg>
<arg>${obj_address}</arg>
<doc>Runs the given keyword with the given arguments, if ``condition`` is true.</doc>
<kw name="Click Element" library="SeleniumLibrary">
<arg>${obj_address}</arg>
<doc>Click the element identified by ``locator``.</doc>
<msg timestamp="20220407 13:23:59.988" level="INFO">Clicking element '//label[@class="v-label theme--light" and contains(text(),"Address you entered")]'.</msg>
<status status="PASS" starttime="20220407 13:23:59.988" endtime="20220407 13:24:00.038"/>
</kw>
<status status="PASS" starttime="20220407 13:23:59.987" endtime="20220407 13:24:00.038"/>
</kw>
<kw name="Run Keyword And Return Status" library="BuiltIn">
<var>${passed}</var>
<arg>Wait Until Element Is Enabled</arg>
<arg>${obj_continue}</arg>
<arg>10s</arg>
<doc>Runs the given keyword with given arguments and returns the status as a Boolean value.</doc>
<kw name="Wait Until Element Is Enabled" library="SeleniumLibrary">
<arg>${obj_continue}</arg>
<arg>10s</arg>
<doc>Waits until the element ``locator`` is enabled.</doc>
<status status="PASS" starttime="20220407 13:24:00.038" endtime="20220407 13:24:00.083"/>
</kw>
<msg timestamp="20220407 13:24:00.083" level="INFO">${passed} = True</msg>
<status status="PASS" starttime="20220407 13:24:00.038" endtime="20220407 13:24:00.083"/>
</kw>
<kw name="Run Keyword If" library="BuiltIn">
<arg>${passed}</arg>
<arg>Click Element</arg>
<arg>${obj_continue}</arg>
<doc>Runs the given keyword with the given arguments, if ``condition`` is true.</doc>
<kw name="Click Element" library="SeleniumLibrary">
<arg>${obj_continue}</arg>
<doc>Click the element identified by ``locator``.</doc>
<msg timestamp="20220407 13:24:00.085" level="INFO">Clicking element '//button[@class='text-capitalize border-0 xl v-btn v-btn--has-bg theme--light elevation-1 v-size--x-large primary']'.</msg>
<status status="PASS" starttime="20220407 13:24:00.084" endtime="20220407 13:24:00.145"/>
</kw>
<status status="PASS" starttime="20220407 13:24:00.083" endtime="20220407 13:24:00.145"/>
</kw>
<status status="PASS" starttime="20220407 13:23:46.399" endtime="20220407 13:24:00.146"/>
</iter>
<iter>
<var name="${i}">4</var>
<kw name="Get Cell Value" library="RPA.Excel.Files">
<var>${RecipientTIN}</var>
<arg>${i}</arg>
<arg>C</arg>
<arg>RecipientDetails</arg>
<doc>Get a cell value in the given worksheet.</doc>
<msg timestamp="20220407 13:24:00.147" level="INFO">${RecipientTIN} = 245685965</msg>
<status status="PASS" starttime="20220407 13:24:00.146" endtime="20220407 13:24:00.147"/>
</kw>
<kw name="Get Cell Value" library="RPA.Excel.Files">
<var>${Rents}</var>
<arg>${i}</arg>
<arg>D</arg>
<arg>RecipientDetails</arg>
<doc>Get a cell value in the given worksheet.</doc>
<msg timestamp="20220407 13:24:00.147" level="INFO">${Rents} = 502</msg>
<status status="PASS" starttime="20220407 13:24:00.147" endtime="20220407 13:24:00.147"/>
</kw>
<kw name="Get Cell Value" library="RPA.Excel.Files">
<var>${Royalties}</var>
<arg>${i}</arg>
<arg>E</arg>
<arg>RecipientDetails</arg>
<doc>Get a cell value in the given worksheet.</doc>
<msg timestamp="20220407 13:24:00.148" level="INFO">${Royalties} = 352</msg>
<status status="PASS" starttime="20220407 13:24:00.147" endtime="20220407 13:24:00.148"/>
</kw>
<kw name="Get Cell Value" library="RPA.Excel.Files">
<var>${Other}</var>
<arg>${i}</arg>
<arg>F</arg>
<arg>RecipientDetails</arg>
<doc>Get a cell value in the given worksheet.</doc>
<msg timestamp="20220407 13:24:00.149" level="INFO">${Other} = 5598.75</msg>
<status status="PASS" starttime="20220407 13:24:00.148" endtime="20220407 13:24:00.149"/>
</kw>
<kw name="Get Cell Value" library="RPA.Excel.Files">
<var>${Federal}</var>
<arg>${i}</arg>
<arg>G</arg>
<arg>RecipientDetails</arg>
<doc>Get a cell value in the given worksheet.</doc>
<msg timestamp="20220407 13:24:00.150" level="INFO">${Federal} = 2369.04</msg>
<status status="PASS" starttime="20220407 13:24:00.149" endtime="20220407 13:24:00.150"/>
</kw>
<kw name="Get Cell Value" library="RPA.Excel.Files">
<var>${Fishing}</var>
<arg>${i}</arg>
<arg>H</arg>
<arg>RecipientDetails</arg>
<doc>Get a cell value in the given worksheet.</doc>
<msg timestamp="20220407 13:24:00.152" level="INFO">${Fishing} = 1250</msg>
<status status="PASS" starttime="20220407 13:24:00.151" endtime="20220407 13:24:00.152"/>
</kw>
<kw name="Get Cell Value" library="RPA.Excel.Files">
<var>${Medical}</var>
<arg>${i}</arg>
<arg>I</arg>
<arg>RecipientDetails</arg>
<doc>Get a cell value in the given worksheet.</doc>
<msg timestamp="20220407 13:24:00.153" level="INFO">${Medical} = 2500</msg>
<status status="PASS" starttime="20220407 13:24:00.153" endtime="20220407 13:24:00.153"/>
</kw>
<kw name="Get Cell Value" library="RPA.Excel.Files">
<var>${Substitute}</var>
<arg>${i}</arg>
<arg>K</arg>
<arg>RecipientDetails</arg>
<doc>Get a cell value in the given worksheet.</doc>
<msg timestamp="20220407 13:24:00.154" level="INFO">${Substitute} = 250.33</msg>
<status status="PASS" starttime="20220407 13:24:00.154" endtime="20220407 13:24:00.154"/>
</kw>
<kw name="Get Cell Value" library="RPA.Excel.Files">
<var>${Crop}</var>
<arg>${i}</arg>
<arg>L</arg>
<arg>RecipientDetails</arg>
<doc>Get a cell value in the given worksheet.</doc>
<msg timestamp="20220407 13:24:00.155" level="INFO">${Crop} = 250</msg>
<status status="PASS" starttime="20220407 13:24:00.154" endtime="20220407 13:24:00.155"/>
</kw>
<kw name="Get Cell Value" library="RPA.Excel.Files">
<var>${Gross}</var>
<arg>${i}</arg>
<arg>M</arg>
<arg>RecipientDetails</arg>
<doc>Get a cell value in the given worksheet.</doc>
<msg timestamp="20220407 13:24:00.155" level="INFO">${Gross} = 230</msg>
<status status="PASS" starttime="20220407 13:24:00.155" endtime="20220407 13:24:00.155"/>
</kw>
<kw name="Get Cell Value" library="RPA.Excel.Files">
<var>${Fish}</var>
<arg>${i}</arg>
<arg>N</arg>
<arg>RecipientDetails</arg>
<doc>Get a cell value in the given worksheet.</doc>
<msg timestamp="20220407 13:24:00.156" level="INFO">${Fish} = 154</msg>
<status status="PASS" starttime="20220407 13:24:00.156" endtime="20220407 13:24:00.156"/>
</kw>
<kw name="Get Cell Value" library="RPA.Excel.Files">
<var>${Section}</var>
<arg>${i}</arg>
<arg>O</arg>
<arg>RecipientDetails</arg>
<doc>Get a cell value in the given worksheet.</doc>
<msg timestamp="20220407 13:24:00.156" level="INFO">${Section} = 222</msg>
<status status="PASS" starttime="20220407 13:24:00.156" endtime="20220407 13:24:00.156"/>
</kw>
<kw name="Get Cell Value" library="RPA.Excel.Files">
<var>${Excess}</var>
<arg>${i}</arg>
<arg>P</arg>
<arg>RecipientDetails</arg>
<doc>Get a cell value in the given worksheet.</doc>
<msg timestamp="20220407 13:24:00.157" level="INFO">${Excess} = 255</msg>
<status status="PASS" starttime="20220407 13:24:00.157" endtime="20220407 13:24:00.157"/>
</kw>
<kw name="Get Cell Value" library="RPA.Excel.Files">
<var>${Nonqualified}</var>
<arg>${i}</arg>
<arg>Q</arg>
<arg>RecipientDetails</arg>
<doc>Get a cell value in the given worksheet.</doc>
<msg timestamp="20220407 13:24:00.157" level="INFO">${Nonqualified} = 124</msg>
<status status="PASS" starttime="20220407 13:24:00.157" endtime="20220407 13:24:00.157"/>
</kw>
<kw name="Sleep" library="BuiltIn">
<arg>7s</arg>
<doc>Pauses the test executed for the given time.</doc>
<msg timestamp="20220407 13:24:07.162" level="INFO">Slept 7 seconds</msg>
<status status="PASS" starttime="20220407 13:24:00.157" endtime="20220407 13:24:07.162"/>
</kw>
<kw name="Click Element" library="SeleniumLibrary">
<arg>${obj_recipient}</arg>
<doc>Click the element identified by ``locator``.</doc>
<msg timestamp="20220407 13:24:07.164" level="INFO">Clicking element '//span[@class='recipent-name mr-auto' and contains(text(), 'Search by Recipient Name/TIN')]'.</msg>
<status status="PASS" starttime="20220407 13:24:07.163" endtime="20220407 13:24:07.293"/>
</kw>
<kw name="Wait Until Element Is Enabled" library="SeleniumLibrary">
<arg>${obj_rsearch}</arg>
<arg>10s</arg>
<doc>Waits until the element ``locator`` is enabled.</doc>
<status status="PASS" starttime="20220407 13:24:07.293" endtime="20220407 13:24:07.362"/>
</kw>
<kw name="Input Text" library="SeleniumLibrary">
<arg>${obj_rsearch}</arg>
<arg>${RecipientTIN}</arg>
<doc>Types the given ``text`` into the text field identified by ``locator``.</doc>
<msg timestamp="20220407 13:24:07.363" level="INFO">Typing text '245685965' into text field '//input[@type='text' and @placeholder='Search by Employee/Recipient Name or TIN']'.</msg>
<status status="PASS" starttime="20220407 13:24:07.363" endtime="20220407 13:24:07.525"/>
</kw>
<kw name="Wait Until Element Is Enabled" library="SeleniumLibrary">
<arg>${obj_rselect}</arg>
<arg>10s</arg>
<doc>Waits until the element ``locator`` is enabled.</doc>
<status status="PASS" starttime="20220407 13:24:07.525" endtime="20220407 13:24:08.665"/>
</kw>
<kw name="Click Element" library="SeleniumLibrary">
<arg>${obj_rselect}</arg>
<doc>Click the element identified by ``locator``.</doc>
<msg timestamp="20220407 13:24:08.666" level="INFO">Clicking element '//div[@class='pa-2 border-bottom v-list-item v-list-item--link theme--light']'.</msg>
<status status="PASS" starttime="20220407 13:24:08.665" endtime="20220407 13:24:08.753"/>
</kw>
<kw name="Input Text" library="SeleniumLibrary">
<arg>${obj_line1}</arg>
<arg>${Rents}</arg>
<doc>Types the given ``text`` into the text field identified by ``locator``.</doc>
<msg timestamp="20220407 13:24:08.754" level="INFO">Typing text '502' into text field '//em[contains(text(),"Rents")]/../..//following-sibling::section/div/div/div/div/input'.</msg>
<status status="PASS" starttime="20220407 13:24:08.753" endtime="20220407 13:24:09.021"/>
</kw>
<kw name="Input Text" library="SeleniumLibrary">
<arg>${obj_line2}</arg>
<arg>${Royalties}</arg>
<doc>Types the given ``text`` into the text field identified by ``locator``.</doc>
<msg timestamp="20220407 13:24:09.022" level="INFO">Typing text '352' into text field '//em[contains(text(),"Royalties")]/../..//following-sibling::section/div/div/div/div/input'.</msg>
<status status="PASS" starttime="20220407 13:24:09.021" endtime="20220407 13:24:09.282"/>
</kw>
<kw name="Input Text" library="SeleniumLibrary">
<arg>${obj_line3}</arg>
<arg>${Other}</arg>
<doc>Types the given ``text`` into the text field identified by ``locator``.</doc>
<msg timestamp="20220407 13:24:09.283" level="INFO">Typing text '5598.75' into text field '//em[contains(text(),"Other income")]/../..//following-sibling::section/div/div/div/div/input'.</msg>
<status status="PASS" starttime="20220407 13:24:09.282" endtime="20220407 13:24:09.577"/>
</kw>
<kw name="Input Text" library="SeleniumLibrary">
<arg>${obj_line4}</arg>
<arg>${Federal}</arg>
<doc>Types the given ``text`` into the text field identified by ``locator``.</doc>
<msg timestamp="20220407 13:24:09.578" level="INFO">Typing text '2369.04' into text field '//em[contains(text(),"Federal ")]/../..//following-sibling::section/div/div/div/div/input'.</msg>
<status status="PASS" starttime="20220407 13:24:09.577" endtime="20220407 13:24:09.825"/>
</kw>
<kw name="Input Text" library="SeleniumLibrary">
<arg>${obj_line5}</arg>
<arg>${Fishing}</arg>
<doc>Types the given ``text`` into the text field identified by ``locator``.</doc>
<msg timestamp="20220407 13:24:09.825" level="INFO">Typing text '1250' into text field '//em[contains(text(),"Fishing")]/../..//following-sibling::section/div/div/div/div/input'.</msg>
<status status="PASS" starttime="20220407 13:24:09.825" endtime="20220407 13:24:10.013"/>
</kw>
<kw name="Input Text" library="SeleniumLibrary">
<arg>${obj_line6}</arg>
<arg>${Medical}</arg>
<doc>Types the given ``text`` into the text field identified by ``locator``.</doc>
<msg timestamp="20220407 13:24:10.013" level="INFO">Typing text '2500' into text field '//em[contains(text(),"Medical")]/../..//following-sibling::section/div/div/div/div/input'.</msg>
<status status="PASS" starttime="20220407 13:24:10.013" endtime="20220407 13:24:10.224"/>
</kw>
<kw name="Input Text" library="SeleniumLibrary">
<arg>${obj_line8}</arg>
<arg>${Substitute}</arg>
<doc>Types the given ``text`` into the text field identified by ``locator``.</doc>
<msg timestamp="20220407 13:24:10.225" level="INFO">Typing text '250.33' into text field '//em[contains(text(),"Substitute")]/../..//following-sibling::section/div/div/div/div/input'.</msg>
<status status="PASS" starttime="20220407 13:24:10.225" endtime="20220407 13:24:10.458"/>
</kw>
<kw name="Input Text" library="SeleniumLibrary">
<arg>${obj_line9}</arg>
<arg>${Crop}</arg>
<doc>Types the given ``text`` into the text field identified by ``locator``.</doc>
<msg timestamp="20220407 13:24:10.458" level="INFO">Typing text '250' into text field '//em[contains(text(),"Crop")]/../..//following-sibling::section/div/div/div/div/input'.</msg>
<status status="PASS" starttime="20220407 13:24:10.458" endtime="20220407 13:24:10.617"/>
</kw>
<kw name="Input Text" library="SeleniumLibrary">
<arg>${obj_line10}</arg>
<arg>${Gross}</arg>
<doc>Types the given ``text`` into the text field identified by ``locator``.</doc>
<msg timestamp="20220407 13:24:10.617" level="INFO">Typing text '230' into text field '//em[contains(text(),"Gross")]/../..//following-sibling::section/div/div/div/div/input'.</msg>
<status status="PASS" starttime="20220407 13:24:10.617" endtime="20220407 13:24:10.806"/>
</kw>
<kw name="Input Text" library="SeleniumLibrary">
<arg>${obj_line11}</arg>
<arg>${Fish}</arg>
<doc>Types the given ``text`` into the text field identified by ``locator``.</doc>
<msg timestamp="20220407 13:24:10.807" level="INFO">Typing text '154' into text field '//em[contains(text(),"Fish purchased")]/../..//following-sibling::section/div/div/div/div/input'.</msg>
<status status="PASS" starttime="20220407 13:24:10.806" endtime="20220407 13:24:10.984"/>
</kw>
<kw name="Input Text" library="SeleniumLibrary">
<arg>${obj_line12}</arg>
<arg>${Section}</arg>
<doc>Types the given ``text`` into the text field identified by ``locator``.</doc>
<msg timestamp="20220407 13:24:10.985" level="INFO">Typing text '222' into text field '//em[contains(text(),"Section")]/../..//following-sibling::section/div/div/div/div/input'.</msg>
<status status="PASS" starttime="20220407 13:24:10.984" endtime="20220407 13:24:11.161"/>
</kw>
<kw name="Input Text" library="SeleniumLibrary">
<arg>${obj_line13}</arg>
<arg>${Excess}</arg>
<doc>Types the given ``text`` into the text field identified by ``locator``.</doc>
<msg timestamp="20220407 13:24:11.162" level="INFO">Typing text '255' into text field '//em[contains(text(),"Excess")]/../..//following-sibling::section/div/div/div/div/input'.</msg>
<status status="PASS" starttime="20220407 13:24:11.161" endtime="20220407 13:24:11.340"/>
</kw>
<kw name="Input Text" library="SeleniumLibrary">
<arg>${obj_line14}</arg>
<arg>${Nonqualified}</arg>
<doc>Types the given ``text`` into the text field identified by ``locator``.</doc>
<msg timestamp="20220407 13:24:11.340" level="INFO">Typing text '124' into text field '//em[contains(text(),"Nonqualified")]/../..//following-sibling::section/div/div/div/div/input'.</msg>
<status status="PASS" starttime="20220407 13:24:11.340" endtime="20220407 13:24:11.525"/>
</kw>
<kw name="Run Keyword If" library="BuiltIn">
<arg>${i}==${rows}</arg>
<arg>Click Element</arg>
<arg>${obj_savecon}</arg>
<arg>ELSE</arg>
<arg>Click Element</arg>
<arg>${obj_save}</arg>
<doc>Runs the given keyword with the given arguments, if ``condition`` is true.</doc>
<kw name="Click Element" library="SeleniumLibrary">
<arg>${obj_save}</arg>
<doc>Click the element identified by ``locator``.</doc>
<msg timestamp="20220407 13:24:11.526" level="INFO">Clicking element '//span[@class="v-btn__content" and contains(text(),"Save &amp; Add Another")]'.</msg>
<status status="PASS" starttime="20220407 13:24:11.526" endtime="20220407 13:24:11.648"/>
</kw>
<status status="PASS" starttime="20220407 13:24:11.525" endtime="20220407 13:24:11.648"/>
</kw>
<kw name="Sleep" library="BuiltIn">
<arg>2s</arg>
<doc>Pauses the test executed for the given time.</doc>
<msg timestamp="20220407 13:24:13.650" level="INFO">Slept 2 seconds</msg>
<status status="PASS" starttime="20220407 13:24:11.648" endtime="20220407 13:24:13.651"/>
</kw>
<kw name="Run Keyword And Return Status" library="BuiltIn">
<var>${passed}</var>
<arg>Wait Until Element Is Enabled</arg>
<arg>${obj_address}</arg>
<arg>10s</arg>
<doc>Runs the given keyword with given arguments and returns the status as a Boolean value.</doc>
<kw name="Wait Until Element Is Enabled" library="SeleniumLibrary">
<arg>${obj_address}</arg>
<arg>10s</arg>
<doc>Waits until the element ``locator`` is enabled.</doc>
<status status="PASS" starttime="20220407 13:24:13.653" endtime="20220407 13:24:13.698"/>
</kw>
<msg timestamp="20220407 13:24:13.699" level="INFO">${passed} = True</msg>
<status status="PASS" starttime="20220407 13:24:13.652" endtime="20220407 13:24:13.699"/>
</kw>
<kw name="Run Keyword If" library="BuiltIn">
<arg>${passed}</arg>
<arg>Click Element</arg>
<arg>${obj_address}</arg>
<doc>Runs the given keyword with the given arguments, if ``condition`` is true.</doc>
<kw name="Click Element" library="SeleniumLibrary">
<arg>${obj_address}</arg>
<doc>Click the element identified by ``locator``.</doc>
<msg timestamp="20220407 13:24:13.700" level="INFO">Clicking element '//label[@class="v-label theme--light" and contains(text(),"Address you entered")]'.</msg>
<status status="PASS" starttime="20220407 13:24:13.700" endtime="20220407 13:24:13.755"/>
</kw>
<status status="PASS" starttime="20220407 13:24:13.699" endtime="20220407 13:24:13.755"/>
</kw>
<kw name="Run Keyword And Return Status" library="BuiltIn">
<var>${passed}</var>
<arg>Wait Until Element Is Enabled</arg>
<arg>${obj_continue}</arg>
<arg>10s</arg>
[...]
<status status="PASS" starttime="20220407 13:30:41.409" endtime="20220407 13:30:41.675"/>
</kw>
<kw name="Input Text" library="SeleniumLibrary">
<arg>${obj_line4}</arg>
<arg>${Federal}</arg>
<doc>Types the given ``text`` into the text field identified by ``locator``.</doc>
<msg timestamp="20220407 13:30:41.676" level="INFO">Typing text '2457.92' into text field '//em[contains(text(),"Federal ")]/../..//following-sibling::section/div/div/div/div/input'.</msg>
<status status="PASS" starttime="20220407 13:30:41.675" endtime="20220407 13:30:41.907"/>
</kw>
<kw name="Input Text" library="SeleniumLibrary">
<arg>${obj_line5}</arg>
<arg>${Fishing}</arg>
<doc>Types the given ``text`` into the text field identified by ``locator``.</doc>
<msg timestamp="20220407 13:30:41.907" level="INFO">Typing text 'None' into text field '//em[contains(text(),"Fishing")]/../..//following-sibling::section/div/div/div/div/input'.</msg>
<status status="PASS" starttime="20220407 13:30:41.907" endtime="20220407 13:30:42.003"/>
</kw>
<kw name="Input Text" library="SeleniumLibrary">
<arg>${obj_line6}</arg>
<arg>${Medical}</arg>
<doc>Types the given ``text`` into the text field identified by ``locator``.</doc>
<msg timestamp="20220407 13:30:42.004" level="INFO">Typing text 'None' into text field '//em[contains(text(),"Medical")]/../..//following-sibling::section/div/div/div/div/input'.</msg>
<status status="PASS" starttime="20220407 13:30:42.003" endtime="20220407 13:30:42.102"/>
</kw>
<kw name="Input Text" library="SeleniumLibrary">
<arg>${obj_line8}</arg>
<arg>${Substitute}</arg>
<doc>Types the given ``text`` into the text field identified by ``locator``.</doc>
<msg timestamp="20220407 13:30:42.102" level="INFO">Typing text 'None' into text field '//em[contains(text(),"Substitute")]/../..//following-sibling::section/div/div/div/div/input'.</msg>
<status status="PASS" starttime="20220407 13:30:42.102" endtime="20220407 13:30:42.202"/>
</kw>
<kw name="Input Text" library="SeleniumLibrary">
<arg>${obj_line9}</arg>
<arg>${Crop}</arg>
<doc>Types the given ``text`` into the text field identified by ``locator``.</doc>
<msg timestamp="20220407 13:30:42.203" level="INFO">Typing text 'None' into text field '//em[contains(text(),"Crop")]/../..//following-sibling::section/div/div/div/div/input'.</msg>
<status status="PASS" starttime="20220407 13:30:42.203" endtime="20220407 13:30:42.311"/>
</kw>
<kw name="Input Text" library="SeleniumLibrary">
<arg>${obj_line10}</arg>
<arg>${Gross}</arg>
<doc>Types the given ``text`` into the text field identified by ``locator``.</doc>
<msg timestamp="20220407 13:30:42.311" level="INFO">Typing text 'None' into text field '//em[contains(text(),"Gross")]/../..//following-sibling::section/div/div/div/div/input'.</msg>
<status status="PASS" starttime="20220407 13:30:42.311" endtime="20220407 13:30:42.406"/>
</kw>
<kw name="Input Text" library="SeleniumLibrary">
<arg>${obj_line11}</arg>
<arg>${Fish}</arg>
<doc>Types the given ``text`` into the text field identified by ``locator``.</doc>
<msg timestamp="20220407 13:30:42.406" level="INFO">Typing text 'None' into text field '//em[contains(text(),"Fish purchased")]/../..//following-sibling::section/div/div/div/div/input'.</msg>
<status status="PASS" starttime="20220407 13:30:42.406" endtime="20220407 13:30:42.506"/>
</kw>
<kw name="Input Text" library="SeleniumLibrary">
<arg>${obj_line12}</arg>
<arg>${Section}</arg>
<doc>Types the given ``text`` into the text field identified by ``locator``.</doc>
<msg timestamp="20220407 13:30:42.506" level="INFO">Typing text 'None' into text field '//em[contains(text(),"Section")]/../..//following-sibling::section/div/div/div/div/input'.</msg>
<status status="PASS" starttime="20220407 13:30:42.506" endtime="20220407 13:30:42.602"/>
</kw>
<kw name="Input Text" library="SeleniumLibrary">
<arg>${obj_line13}</arg>
<arg>${Excess}</arg>
<doc>Types the given ``text`` into the text field identified by ``locator``.</doc>
<msg timestamp="20220407 13:30:42.603" level="INFO">Typing text 'None' into text field '//em[contains(text(),"Excess")]/../..//following-sibling::section/div/div/div/div/input'.</msg>
<status status="PASS" starttime="20220407 13:30:42.603" endtime="20220407 13:30:42.695"/>
</kw>
<kw name="Input Text" library="SeleniumLibrary">
<arg>${obj_line14}</arg>
<arg>${Nonqualified}</arg>
<doc>Types the given ``text`` into the text field identified by ``locator``.</doc>
<msg timestamp="20220407 13:30:42.696" level="INFO">Typing text 'None' into text field '//em[contains(text(),"Nonqualified")]/../..//following-sibling::section/div/div/div/div/input'.</msg>
<status status="PASS" starttime="20220407 13:30:42.695" endtime="20220407 13:30:42.793"/>
</kw>
<kw name="Run Keyword If" library="BuiltIn">
<arg>${i}==${rows}</arg>
<arg>Click Element</arg>
<arg>${obj_savecon}</arg>
<arg>ELSE</arg>
<arg>Click Element</arg>
<arg>${obj_save}</arg>
<doc>Runs the given keyword with the given arguments, if ``condition`` is true.</doc>
<kw name="Click Element" library="SeleniumLibrary">
<arg>${obj_savecon}</arg>
<doc>Click the element identified by ``locator``.</doc>
<msg timestamp="20220407 13:30:42.795" level="INFO">Clicking element '//span[@class="v-btn__content" and contains(text(),"Save &amp; Continue")]'.</msg>
<status status="PASS" starttime="20220407 13:30:42.794" endtime="20220407 13:30:42.913"/>
</kw>
<status status="PASS" starttime="20220407 13:30:42.794" endtime="20220407 13:30:42.914"/>
</kw>
<kw name="Sleep" library="BuiltIn">
<arg>2s</arg>
<doc>Pauses the test executed for the given time.</doc>
<msg timestamp="20220407 13:30:44.929" level="INFO">Slept 2 seconds</msg>
<status status="PASS" starttime="20220407 13:30:42.914" endtime="20220407 13:30:44.930"/>
</kw>
<kw name="Run Keyword And Return Status" library="BuiltIn">
<var>${passed}</var>
<arg>Wait Until Element Is Enabled</arg>
<arg>${obj_address}</arg>
<arg>10s</arg>
<doc>Runs the given keyword with given arguments and returns the status as a Boolean value.</doc>
<kw name="Wait Until Element Is Enabled" library="SeleniumLibrary">
<arg>${obj_address}</arg>
<arg>10s</arg>
<doc>Waits until the element ``locator`` is enabled.</doc>
<kw name="Capture Page Screenshot" library="SeleniumLibrary">
<doc>Takes a screenshot of the current page and embeds it into a log file.</doc>
<msg timestamp="20220407 13:30:55.198" level="INFO" html="true">&lt;/td&gt;&lt;/tr&gt;&lt;tr&gt;&lt;td colspan="3"&gt;&lt;a href="selenium-screenshot-13.png"&gt;&lt;img src="selenium-screenshot-13.png" width="800px"&gt;&lt;/a&gt;</msg>
<status status="PASS" starttime="20220407 13:30:54.984" endtime="20220407 13:30:55.198"/>
</kw>
<msg timestamp="20220407 13:30:55.199" level="FAIL">Element with locator '//label[@class="v-label theme--light" and contains(text(),"Address you entered")]' not found.</msg>
<status status="FAIL" starttime="20220407 13:30:44.932" endtime="20220407 13:30:55.199"/>
</kw>
<msg timestamp="20220407 13:30:55.199" level="INFO">${passed} = False</msg>
<status status="PASS" starttime="20220407 13:30:44.931" endtime="20220407 13:30:55.199"/>
</kw>
<kw name="Run Keyword If" library="BuiltIn">
<arg>${passed}</arg>
<arg>Click Element</arg>
<arg>${obj_address}</arg>
<doc>Runs the given keyword with the given arguments, if ``condition`` is true.</doc>
<status status="PASS" starttime="20220407 13:30:55.200" endtime="20220407 13:30:55.200"/>
</kw>
<kw name="Run Keyword And Return Status" library="BuiltIn">
<var>${passed}</var>
<arg>Wait Until Element Is Enabled</arg>
<arg>${obj_continue}</arg>
<arg>10s</arg>
<doc>Runs the given keyword with given arguments and returns the status as a Boolean value.</doc>
<kw name="Wait Until Element Is Enabled" library="SeleniumLibrary">
<arg>${obj_continue}</arg>
<arg>10s</arg>
<doc>Waits until the element ``locator`` is enabled.</doc>
<kw name="Capture Page Screenshot" library="SeleniumLibrary">
<doc>Takes a screenshot of the current page and embeds it into a log file.</doc>
<msg timestamp="20220407 13:31:05.590" level="INFO" html="true">&lt;/td&gt;&lt;/tr&gt;&lt;tr&gt;&lt;td colspan="3"&gt;&lt;a href="selenium-screenshot-14.png"&gt;&lt;img src="selenium-screenshot-14.png" width="800px"&gt;&lt;/a&gt;</msg>
<status status="PASS" starttime="20220407 13:31:05.401" endtime="20220407 13:31:05.590"/>
</kw>
<msg timestamp="20220407 13:31:05.591" level="FAIL">Element with locator '//button[@class='text-capitalize border-0 xl v-btn v-btn--has-bg theme--light elevation-1 v-size--x-large primary']' not found.</msg>
<status status="FAIL" starttime="20220407 13:30:55.200" endtime="20220407 13:31:05.591"/>
</kw>
<msg timestamp="20220407 13:31:05.592" level="INFO">${passed} = False</msg>
<status status="PASS" starttime="20220407 13:30:55.200" endtime="20220407 13:31:05.592"/>
</kw>
<kw name="Run Keyword If" library="BuiltIn">
<arg>${passed}</arg>
<arg>Click Element</arg>
<arg>${obj_continue}</arg>
<doc>Runs the given keyword with the given arguments, if ``condition`` is true.</doc>
<status status="PASS" starttime="20220407 13:31:05.592" endtime="20220407 13:31:05.592"/>
</kw>
<status status="PASS" starttime="20220407 13:30:32.476" endtime="20220407 13:31:05.592"/>
</iter>
<status status="PASS" starttime="20220407 13:23:11.868" endtime="20220407 13:31:05.592"/>
</for>
<msg timestamp="20220407 13:31:05.592" level="INFO">${passed} = None</msg>
<status status="PASS" starttime="20220407 13:23:00.360" endtime="20220407 13:31:05.592"/>
</kw>
<status status="PASS" starttime="20220407 13:23:00.359" endtime="20220407 13:31:05.592"/>
</test>
<test id="s1-t4" name="Payment for Form 1099MISC">
<kw name="Payment" library="Payment">
<var>${passed}</var>
<kw name="Sleep" library="BuiltIn">
<arg>2s</arg>
<doc>Pauses the test executed for the given time.</doc>
<msg timestamp="20220407 13:31:07.610" level="INFO">Slept 2 seconds</msg>
<status status="PASS" starttime="20220407 13:31:05.596" endtime="20220407 13:31:07.610"/>
</kw>
<kw name="Parse Xml" library="XML">
<var>${xml}</var>
<arg>login.xml</arg>
<doc>Parses the given XML file or string into an element structure.</doc>
<msg timestamp="20220407 13:31:07.611" level="INFO">${xml} = &lt;Element 'OR' at 0x0000022518EDFB30&gt;</msg>
<status status="PASS" starttime="20220407 13:31:07.610" endtime="20220407 13:31:07.612"/>
</kw>
<kw name="Get Element Text" library="XML">
<var>${obj_reviewcon}</var>
<arg>${xml}</arg>
<arg>reviewcon</arg>
<doc>Returns all text of the element, possibly whitespace normalized.</doc>
<msg timestamp="20220407 13:31:07.612" level="INFO">${obj_reviewcon} = //span[@class="v-btn__content" and contains(text(),"Continue")]</msg>
<status status="PASS" starttime="20220407 13:31:07.612" endtime="20220407 13:31:07.612"/>
</kw>
<kw name="Get Element Text" library="XML">
<var>${obj_auditcon}</var>
<arg>${xml}</arg>
<arg>auditcon</arg>
<doc>Returns all text of the element, possibly whitespace normalized.</doc>
<msg timestamp="20220407 13:31:07.613" level="INFO">${obj_auditcon} = //span[@class="v-btn__content" and contains(text(),"Continue")]</msg>
<status status="PASS" starttime="20220407 13:31:07.612" endtime="20220407 13:31:07.613"/>
</kw>
<kw name="Get Element Text" library="XML">
<var>${obj_Complete}</var>
<arg>${xml}</arg>
<arg>Complete</arg>
<doc>Returns all text of the element, possibly whitespace normalized.</doc>
<msg timestamp="20220407 13:31:07.613" level="INFO">${obj_Complete} = //span[@class="v-btn__content" and contains(text(),"Complete")]</msg>
<status status="PASS" starttime="20220407 13:31:07.613" endtime="20220407 13:31:07.613"/>
</kw>
<kw name="Get Element Text" library="XML">
<var>${obj_Cname}</var>
<arg>${xml}</arg>
<arg>Cname</arg>
<doc>Returns all text of the element, possibly whitespace normalized.</doc>
<msg timestamp="20220407 13:31:07.613" level="INFO">${obj_Cname} = //label[contains(text(),"Name on the Card")]</msg>
<status status="PASS" starttime="20220407 13:31:07.613" endtime="20220407 13:31:07.613"/>
</kw>
<kw name="Get Element Text" library="XML">
<var>${obj_CMonth}</var>
<arg>${xml}</arg>
<arg>CMonth</arg>
<doc>Returns all text of the element, possibly whitespace normalized.</doc>
<msg timestamp="20220407 13:31:07.614" level="INFO">${obj_CMonth} = //label[contains(text(),"Month/Year")]</msg>
<status status="PASS" starttime="20220407 13:31:07.614" endtime="20220407 13:31:07.614"/>
</kw>
<kw name="Get Element Text" library="XML">
<var>${obj_CNumber}</var>
<arg>${xml}</arg>
<arg>CNumber</arg>
<doc>Returns all text of the element, possibly whitespace normalized.</doc>
<msg timestamp="20220407 13:31:07.614" level="INFO">${obj_CNumber} = //label[contains(text(),"Card Number")]</msg>
<status status="PASS" starttime="20220407 13:31:07.614" endtime="20220407 13:31:07.614"/>
</kw>
<kw name="Get Element Text" library="XML">
<var>${obj_CCVV}</var>
<arg>${xml}</arg>
<arg>CCVV</arg>
<doc>Returns all text of the element, possibly whitespace normalized.</doc>
<msg timestamp="20220407 13:31:07.615" level="INFO">${obj_CCVV} = //label[contains(text(),"CVV")]</msg>
<status status="PASS" starttime="20220407 13:31:07.614" endtime="20220407 13:31:07.615"/>
</kw>
<kw name="Get Element Text" library="XML">
<var>${obj_CAdd1}</var>
<arg>${xml}</arg>
<arg>CAdd1</arg>
<doc>Returns all text of the element, possibly whitespace normalized.</doc>
<msg timestamp="20220407 13:31:07.615" level="INFO">${obj_CAdd1} = //label[contains(text(),"Address Line 1")]</msg>
<status status="PASS" starttime="20220407 13:31:07.615" endtime="20220407 13:31:07.615"/>
</kw>
<kw name="Get Element Text" library="XML">
<var>${obj_CAdd2}</var>
<arg>${xml}</arg>
<arg>CAdd2</arg>
<doc>Returns all text of the element, possibly whitespace normalized.</doc>
<msg timestamp="20220407 13:31:07.615" level="INFO">${obj_CAdd2} = //label[contains(text(),"Address Line 2")]</msg>
<status status="PASS" starttime="20220407 13:31:07.615" endtime="20220407 13:31:07.615"/>
</kw>
<kw name="Get Element Text" library="XML">
<var>${obj_CCity}</var>
<arg>${xml}</arg>
<arg>CCity</arg>
<doc>Returns all text of the element, possibly whitespace normalized.</doc>
<msg timestamp="20220407 13:31:07.616" level="INFO">${obj_CCity} = //label[contains(text(),"City")]</msg>
<status status="PASS" starttime="20220407 13:31:07.616" endtime="20220407 13:31:07.616"/>
</kw>
<kw name="Get Element Text" library="XML">
<var>${obj_CState}</var>
<arg>${xml}</arg>
<arg>CState</arg>
<doc>Returns all text of the element, possibly whitespace normalized.</doc>
<msg timestamp="20220407 13:31:07.616" level="INFO">${obj_CState} = //label[contains(text(),"State")]</msg>
<status status="PASS" starttime="20220407 13:31:07.616" endtime="20220407 13:31:07.616"/>
</kw>
<kw name="Get Element Text" library="XML">
<var>${obj_SState}</var>
<arg>${xml}</arg>
<arg>SState</arg>
<doc>Returns all text of the element, possibly whitespace normalized.</doc>
<msg timestamp="20220407 13:31:07.617" level="INFO">${obj_SState} = //div[@class='v-list-item__title' and contains(text(), 'NY')]</msg>
<status status="PASS" starttime="20220407 13:31:07.616" endtime="20220407 13:31:07.617"/>
</kw>
<kw name="Get Element Text" library="XML">
<var>${obj_CZIP}</var>
<arg>${xml}</arg>
<arg>CZIP</arg>
<doc>Returns all text of the element, possibly whitespace normalized.</doc>
<msg timestamp="20220407 13:31:07.617" level="INFO">${obj_CZIP} = //label[contains(text(),"ZIP")]</msg>
<status status="PASS" starttime="20220407 13:31:07.617" endtime="20220407 13:31:07.617"/>
</kw>
<kw name="Get Element Text" library="XML">
<var>${obj_CAuth}</var>
<arg>${xml}</arg>
<arg>CAuth</arg>
<doc>Returns all text of the element, possibly whitespace normalized.</doc>
<msg timestamp="20220407 13:31:07.617" level="INFO">${obj_CAuth} = //label[contains(text(), 'I confirm that I have the authority to use this credit card and I authorize TaxBandits to charge my credit card.')]</msg>
<status status="PASS" starttime="20220407 13:31:07.617" endtime="20220407 13:31:07.618"/>
</kw>
<kw name="Get Element Text" library="XML">
<var>${obj_PayTrans}</var>
<arg>${xml}</arg>
<arg>PayTrans</arg>
<doc>Returns all text of the element, possibly whitespace normalized.</doc>
<msg timestamp="20220407 13:31:07.618" level="INFO">${obj_PayTrans} = //span[@class="v-btn__content" and contains(text(),"Confirm and Transmit*")]</msg>
<status status="PASS" starttime="20220407 13:31:07.618" endtime="20220407 13:31:07.618"/>
</kw>
<kw name="Sleep" library="BuiltIn">
<arg>5s</arg>
<doc>Pauses the test executed for the given time.</doc>
<msg timestamp="20220407 13:31:12.623" level="INFO">Slept 5 seconds</msg>
<status status="PASS" starttime="20220407 13:31:07.618" endtime="20220407 13:31:12.623"/>
</kw>
<kw name="Click Element" library="SeleniumLibrary">
<arg>${obj_reviewcon}</arg>
<doc>Click the element identified by ``locator``.</doc>
<msg timestamp="20220407 13:31:12.626" level="INFO">Clicking element '//span[@class="v-btn__content" and contains(text(),"Continue")]'.</msg>
<status status="PASS" starttime="20220407 13:31:12.624" endtime="20220407 13:31:12.771"/>
</kw>
<kw name="Sleep" library="BuiltIn">
<arg>5s</arg>
<doc>Pauses the test executed for the given time.</doc>
<msg timestamp="20220407 13:31:17.782" level="INFO">Slept 5 seconds</msg>
<status status="PASS" starttime="20220407 13:31:12.771" endtime="20220407 13:31:17.782"/>
</kw>
<kw name="Click Element" library="SeleniumLibrary">
<arg>${obj_auditcon}</arg>
<doc>Click the element identified by ``locator``.</doc>
<msg timestamp="20220407 13:31:17.783" level="INFO">Clicking element '//span[@class="v-btn__content" and contains(text(),"Continue")]'.</msg>
<status status="PASS" starttime="20220407 13:31:17.782" endtime="20220407 13:31:17.835"/>
</kw>
<kw name="Sleep" library="BuiltIn">
<arg>15s</arg>
<doc>Pauses the test executed for the given time.</doc>
<msg timestamp="20220407 13:31:32.844" level="INFO">Slept 15 seconds</msg>
<status status="PASS" starttime="20220407 13:31:17.835" endtime="20220407 13:31:32.844"/>
</kw>
<kw name="Click Element" library="SeleniumLibrary">
<arg>${obj_Complete}</arg>
<doc>Click the element identified by ``locator``.</doc>
<msg timestamp="20220407 13:31:32.846" level="INFO">Clicking element '//span[@class="v-btn__content" and contains(text(),"Complete")]'.</msg>
<status status="PASS" starttime="20220407 13:31:32.845" endtime="20220407 13:31:32.937"/>
</kw>
<kw name="Sleep" library="BuiltIn">
<arg>5s</arg>
<doc>Pauses the test executed for the given time.</doc>
<msg timestamp="20220407 13:31:37.942" level="INFO">Slept 5 seconds</msg>
<status status="PASS" starttime="20220407 13:31:32.938" endtime="20220407 13:31:37.942"/>
</kw>
<kw name="Click Element" library="SeleniumLibrary">
<arg>${obj_PayTrans}</arg>
<doc>Click the element identified by ``locator``.</doc>
<msg timestamp="20220407 13:31:37.942" level="INFO">Clicking element '//span[@class="v-btn__content" and contains(text(),"Confirm and Transmit*")]'.</msg>
<status status="PASS" starttime="20220407 13:31:37.942" endtime="20220407 13:31:38.005"/>
</kw>
<msg timestamp="20220407 13:31:38.005" level="INFO">${passed} = None</msg>
<status status="PASS" starttime="20220407 13:31:05.596" endtime="20220407 13:31:38.005"/>
</kw>
<status status="PASS" starttime="20220407 13:31:05.594" endtime="20220407 13:31:38.006"/>
</test>
<status status="PASS" starttime="20220407 13:22:44.786" endtime="20220407 13:31:38.009"/>
</suite>
<statistics>
<total>
<stat pass="4" fail="0" skip="0">All Tests</stat>
</total>
<tag>
</tag>
<suite>
<stat pass="4" fail="0" skip="0" id="s1" name="1099Misc">1099Misc</stat>
</suite>
</statistics>
<errors>
</errors>
</robot>
