<?xml version="1.0" encoding="UTF-8"?>
<robot generator="Robot 4.1.3 (Python 3.10.4 on win32)" generated="20220413 15:49:57.382" rpa="false" schemaversion="2">
<suite id="s1" name="1099Nec" source="C:\Users\STS366-SABARISINDU S\Pictures\1099-NEC\1099Nec.robot">
<test id="s1-t1" name="Login in to account">
<kw name="Login _Functionality" library="Signin">
<var>${passed}</var>
<kw name="Parse Xml" library="XML">
<var>${xml}</var>
<arg>login.xml</arg>
<doc>Parses the given XML file or string into an element structure.</doc>
<msg timestamp="20220413 15:49:58.531" level="INFO">${xml} = &lt;Element 'OR' at 0x000002A21C3B44A0&gt;</msg>
<status status="PASS" starttime="20220413 15:49:58.529" endtime="20220413 15:49:58.531"/>
</kw>
<kw name="Set Variable" library="BuiltIn">
<var>${wbook}</var>
<arg>1099NEC_2021.xlsx</arg>
<doc>Returns the given values which can then be assigned to a variables.</doc>
<msg timestamp="20220413 15:49:58.532" level="INFO">${wbook} = 1099NEC_2021.xlsx</msg>
<status status="PASS" starttime="20220413 15:49:58.532" endtime="20220413 15:49:58.532"/>
</kw>
<kw name="Get Element Text" library="XML">
<var>${obj_email}</var>
<arg>${xml}</arg>
<arg>email</arg>
<doc>Returns all text of the element, possibly whitespace normalized.</doc>
<msg timestamp="20220413 15:49:58.532" level="INFO">${obj_email} = //input[@type='text']</msg>
<status status="PASS" starttime="20220413 15:49:58.532" endtime="20220413 15:49:58.532"/>
</kw>
<kw name="Get Element Text" library="XML">
<var>${obj_pass}</var>
<arg>${xml}</arg>
<arg>password</arg>
<doc>Returns all text of the element, possibly whitespace normalized.</doc>
<msg timestamp="20220413 15:49:58.532" level="INFO">${obj_pass} = //input[@type='password']</msg>
<status status="PASS" starttime="20220413 15:49:58.532" endtime="20220413 15:49:58.532"/>
</kw>
<kw name="Get Element Text" library="XML">
<var>${obj_signin}</var>
<arg>${xml}</arg>
<arg>login</arg>
<doc>Returns all text of the element, possibly whitespace normalized.</doc>
<msg timestamp="20220413 15:49:58.533" level="INFO">${obj_signin} = (//button[@type='button'])[4]</msg>
<status status="PASS" starttime="20220413 15:49:58.533" endtime="20220413 15:49:58.533"/>
</kw>
<kw name="Open Workbook" library="RPA.Excel.Files">
<arg>${wbook}</arg>
<doc>Open an existing Excel workbook.</doc>
<msg timestamp="20220413 15:49:58.556" level="INFO">Opened workbook: &lt;RPA.Excel.Files.XlsxWorkbook object at 0x000002A21C3AA260&gt;</msg>
<status status="PASS" starttime="20220413 15:49:58.533" endtime="20220413 15:49:58.556"/>
</kw>
<kw name="Read Worksheet" library="RPA.Excel.Files">
<var>${sheet}</var>
<arg>RecipientInfo</arg>
<doc>Read the content of a worksheet into a list of dictionaries.</doc>
<msg timestamp="20220413 15:49:58.558" level="INFO">${sheet} = [{'A': 'Email Address', 'B': 'Password', 'C': 'Name*', 'D': 'Type of TIN*', 'E': 'TIN*', 'F': 'Is Foreign Address*', 'G': 'US Address*', 'H': 'US Address Cont', 'I': 'US City*', 'J': 'US State*', 'K':...</msg>
<status status="PASS" starttime="20220413 15:49:58.557" endtime="20220413 15:49:58.558"/>
</kw>
<kw name="Get Length" library="BuiltIn">
<var>${rows}</var>
<arg>${sheet}</arg>
<doc>Returns and logs the length of the given item as an integer.</doc>
<msg timestamp="20220413 15:49:58.558" level="INFO">Length is 11</msg>
<msg timestamp="20220413 15:49:58.558" level="INFO">${rows} = 11</msg>
<status status="PASS" starttime="20220413 15:49:58.558" endtime="20220413 15:49:58.558"/>
</kw>
<kw name="Get Cell Value" library="RPA.Excel.Files">
<var>${obj_email1}</var>
<arg>2</arg>
<arg>A</arg>
<arg>RecipientInfo</arg>
<doc>Get a cell value in the given worksheet.</doc>
<msg timestamp="20220413 15:49:58.560" level="INFO">${obj_email1} = sabarisindu.s+apr5@w3magix.com</msg>
<status status="PASS" starttime="20220413 15:49:58.558" endtime="20220413 15:49:58.560"/>
</kw>
<kw name="Get Cell Value" library="RPA.Excel.Files">
<var>${obj_pass1}</var>
<arg>2</arg>
<arg>B</arg>
<arg>RecipientInfo</arg>
<doc>Get a cell value in the given worksheet.</doc>
<msg timestamp="20220413 15:49:58.560" level="INFO">${obj_pass1} = Span@123</msg>
<status status="PASS" starttime="20220413 15:49:58.560" endtime="20220413 15:49:58.560"/>
</kw>
<kw name="Open Browser" library="SeleniumLibrary">
<arg>https://secure.tbsuat.com/</arg>
<arg>Chrome</arg>
<doc>Opens a new browser instance to the optional ``url``.</doc>
<msg timestamp="20220413 15:49:58.560" level="INFO">Opening browser 'Chrome' to base url 'https://secure.tbsuat.com/'.</msg>
<status status="PASS" starttime="20220413 15:49:58.560" endtime="20220413 15:50:02.168"/>
</kw>
<kw name="Maximize Browser Window" library="SeleniumLibrary">
<doc>Maximizes current browser window.</doc>
<status status="PASS" starttime="20220413 15:50:02.168" endtime="20220413 15:50:02.295"/>
</kw>
<kw name="Input Text" library="SeleniumLibrary">
<arg>${obj_email}</arg>
<arg>${obj_email1}</arg>
<doc>Types the given ``text`` into the text field identified by ``locator``.</doc>
<msg timestamp="20220413 15:50:02.296" level="INFO">Typing text 'sabarisindu.s+apr5@w3magix.com' into text field '//input[@type='text']'.</msg>
<status status="PASS" starttime="20220413 15:50:02.296" endtime="20220413 15:50:02.539"/>
</kw>
<kw name="Input Text" library="SeleniumLibrary">
<arg>${obj_pass}</arg>
<arg>${obj_pass1}</arg>
<doc>Types the given ``text`` into the text field identified by ``locator``.</doc>
<msg timestamp="20220413 15:50:02.540" level="INFO">Typing text 'Span@123' into text field '//input[@type='password']'.</msg>
<status status="PASS" starttime="20220413 15:50:02.539" endtime="20220413 15:50:02.668"/>
</kw>
<kw name="Click Button" library="SeleniumLibrary">
<arg>${obj_signin}</arg>
<doc>Clicks the button identified by ``locator``.</doc>
<msg timestamp="20220413 15:50:02.669" level="INFO">Clicking button '(//button[@type='button'])[4]'.</msg>
<status status="PASS" starttime="20220413 15:50:02.668" endtime="20220413 15:50:02.756"/>
</kw>
<msg timestamp="20220413 15:50:02.757" level="INFO">${passed} = None</msg>
<status status="PASS" starttime="20220413 15:49:58.529" endtime="20220413 15:50:02.757"/>
</kw>
<kw name="Sleep" library="BuiltIn">
<arg>20s</arg>
<doc>Pauses the test executed for the given time.</doc>
<msg timestamp="20220413 15:50:22.765" level="INFO">Slept 20 seconds</msg>
<status status="PASS" starttime="20220413 15:50:02.757" endtime="20220413 15:50:22.765"/>
</kw>
<status status="PASS" starttime="20220413 15:49:58.528" endtime="20220413 15:50:22.765"/>
</test>
<test id="s1-t2" name="Click Form 1099-NEC">
<kw name="Select_Form" library="Home">
<var>${passed}</var>
<kw name="Parse Xml" library="XML">
<var>${xml}</var>
<arg>login.xml</arg>
<doc>Parses the given XML file or string into an element structure.</doc>
<msg timestamp="20220413 15:50:22.767" level="INFO">${xml} = &lt;Element 'OR' at 0x000002A21C4B4090&gt;</msg>
<status status="PASS" starttime="20220413 15:50:22.767" endtime="20220413 15:50:22.767"/>
</kw>
<kw name="Get Element Text" library="XML">
<var>${obj_start}</var>
<arg>${xml}</arg>
<arg>start</arg>
<doc>Returns all text of the element, possibly whitespace normalized.</doc>
<msg timestamp="20220413 15:50:22.769" level="INFO">${obj_start} = //i[@class="v-icon notranslate v-icon--right mdi mdi-arrow-down-drop-circle-outline theme--dark"]</msg>
<status status="PASS" starttime="20220413 15:50:22.767" endtime="20220413 15:50:22.770"/>
</kw>
<kw name="Get Element Text" library="XML">
<var>${obj_newform}</var>
<arg>${xml}</arg>
<arg>form</arg>
<doc>Returns all text of the element, possibly whitespace normalized.</doc>
<msg timestamp="20220413 15:50:22.770" level="INFO">${obj_newform} = (//div[@class='v-list-item__content'])[1]</msg>
<status status="PASS" starttime="20220413 15:50:22.770" endtime="20220413 15:50:22.770"/>
</kw>
<kw name="Click Element" library="SeleniumLibrary">
<arg>${obj_start}</arg>
<doc>Click the element identified by ``locator``.</doc>
<msg timestamp="20220413 15:50:22.770" level="INFO">Clicking element '//i[@class="v-icon notranslate v-icon--right mdi mdi-arrow-down-drop-circle-outline theme--dark"]'.</msg>
<status status="PASS" starttime="20220413 15:50:22.770" endtime="20220413 15:50:23.049"/>
</kw>
<kw name="Sleep" library="BuiltIn">
<arg>3s</arg>
<doc>Pauses the test executed for the given time.</doc>
<msg timestamp="20220413 15:50:26.063" level="INFO">Slept 3 seconds</msg>
<status status="PASS" starttime="20220413 15:50:23.049" endtime="20220413 15:50:26.063"/>
</kw>
<kw name="Click Element" library="SeleniumLibrary">
<arg>${obj_newform}</arg>
<doc>Click the element identified by ``locator``.</doc>
<msg timestamp="20220413 15:50:26.064" level="INFO">Clicking element '(//div[@class='v-list-item__content'])[1]'.</msg>
<status status="PASS" starttime="20220413 15:50:26.063" endtime="20220413 15:50:26.236"/>
</kw>
<msg timestamp="20220413 15:50:26.237" level="INFO">${passed} = None</msg>
<status status="PASS" starttime="20220413 15:50:22.767" endtime="20220413 15:50:26.237"/>
</kw>
<kw name="Sleep" library="BuiltIn">
<arg>5s</arg>
<doc>Pauses the test executed for the given time.</doc>
<msg timestamp="20220413 15:50:31.246" level="INFO">Slept 5 seconds</msg>
<status status="PASS" starttime="20220413 15:50:26.238" endtime="20220413 15:50:31.246"/>
</kw>
<status status="PASS" starttime="20220413 15:50:22.766" endtime="20220413 15:50:31.246"/>
</test>
<test id="s1-t3" name="Submit Form 1099-NEC">
<kw name="FillForm_1099Nec" library="Fillform">
<var>${passed}</var>
<kw name="Parse Xml" library="XML">
<var>${xml}</var>
<arg>login.xml</arg>
<doc>Parses the given XML file or string into an element structure.</doc>
<msg timestamp="20220413 15:50:31.249" level="INFO">${xml} = &lt;Element 'OR' at 0x000002A21C4B5DF0&gt;</msg>
<status status="PASS" starttime="20220413 15:50:31.248" endtime="20220413 15:50:31.249"/>
</kw>
<kw name="Set Variable" library="BuiltIn">
<var>${wbook}</var>
<arg>1099NEC_2021.xlsx</arg>
<doc>Returns the given values which can then be assigned to a variables.</doc>
<msg timestamp="20220413 15:50:31.250" level="INFO">${wbook} = 1099NEC_2021.xlsx</msg>
<status status="PASS" starttime="20220413 15:50:31.250" endtime="20220413 15:50:31.250"/>
</kw>
<kw name="Get Element Text" library="XML">
<var>${obj_nec}</var>
<arg>${xml}</arg>
<arg>nec</arg>
<doc>Returns all text of the element, possibly whitespace normalized.</doc>
<msg timestamp="20220413 15:50:31.251" level="INFO">${obj_nec} = ((//div[@class= 'v-list list-hover-none pb-0 pt-0 v-sheet theme--light'])[5]//button[@type='button'])[1]</msg>
<status status="PASS" starttime="20220413 15:50:31.250" endtime="20220413 15:50:31.251"/>
</kw>
<kw name="Get Element Text" library="XML">
<var>${obj_necbt}</var>
<arg>${xml}</arg>
<arg>necbt</arg>
<doc>Returns all text of the element, possibly whitespace normalized.</doc>
<msg timestamp="20220413 15:50:31.251" level="INFO">${obj_necbt} = //span[@class='v-btn__content'and contains(text(),"File Form 1099-NEC for 2021")]</msg>
<status status="PASS" starttime="20220413 15:50:31.251" endtime="20220413 15:50:31.251"/>
</kw>
<kw name="Get Element Text" library="XML">
<var>${obj_manualb}</var>
<arg>${xml}</arg>
<arg>manualb</arg>
<doc>Returns all text of the element, possibly whitespace normalized.</doc>
<msg timestamp="20220413 15:50:31.252" level="INFO">${obj_manualb} = //button[@type='button' and @class='btn-hover-shrink primary-btn v-btn v-btn--has-bg theme--light elevation-1 v-size--x-large primary text-capitalize border-0 xl']</msg>
<status status="PASS" starttime="20220413 15:50:31.251" endtime="20220413 15:50:31.252"/>
</kw>
<kw name="Get Element Text" library="XML">
<var>${obj_selectpayer}</var>
<arg>${xml}</arg>
<arg>selectpayer</arg>
<doc>Returns all text of the element, possibly whitespace normalized.</doc>
<msg timestamp="20220413 15:50:31.252" level="INFO">${obj_selectpayer} = //button[@class='text-capitalize secondary-btn v-btn v-btn--outlined theme--light v-size--large primary--text']//span[@class='v-btn__content']</msg>
<status status="PASS" starttime="20220413 15:50:31.252" endtime="20220413 15:50:31.252"/>
</kw>
<kw name="Get Element Text" library="XML">
<var>${obj_psearch}</var>
<arg>${xml}</arg>
<arg>psearch</arg>
<doc>Returns all text of the element, possibly whitespace normalized.</doc>
<msg timestamp="20220413 15:50:31.253" level="INFO">${obj_psearch} = //div[@class='v-text-field__slot']//input[@placeholder='Search by Payer/Employer Name, Ref.No and EIN/SSN']</msg>
<status status="PASS" starttime="20220413 15:50:31.253" endtime="20220413 15:50:31.253"/>
</kw>
<kw name="Get Element Text" library="XML">
<var>${obj_spayer}</var>
<arg>${xml}</arg>
<arg>spayer</arg>
<doc>Returns all text of the element, possibly whitespace normalized.</doc>
<msg timestamp="20220413 15:50:31.253" level="INFO">${obj_spayer} = //button[@class='text-capitalize primary-outlined-btn v-btn v-btn--outlined theme--light v-size--default secondary--text']//span[@class='v-btn__content']</msg>
<status status="PASS" starttime="20220413 15:50:31.253" endtime="20220413 15:50:31.253"/>
</kw>
<kw name="Get Element Text" library="XML">
<var>${obj_rlookup}</var>
<arg>${xml}</arg>
<arg>rlookup</arg>
<doc>Returns all text of the element, possibly whitespace normalized.</doc>
<msg timestamp="20220413 15:50:31.254" level="INFO">${obj_rlookup} = //span[@class='v-btn__content']//i[@class='v-icon notranslate mdi mdi-book-search-outline theme--light primary--text']</msg>
<status status="PASS" starttime="20220413 15:50:31.254" endtime="20220413 15:50:31.254"/>
</kw>
<kw name="Get Element Text" library="XML">
<var>${obj_rtype}</var>
<arg>${xml}</arg>
<arg>rtype</arg>
<doc>Returns all text of the element, possibly whitespace normalized.</doc>
<msg timestamp="20220413 15:50:31.254" level="INFO">${obj_rtype} = //div[@class='v-text-field__slot']//input[@placeholder='Search']</msg>
<status status="PASS" starttime="20220413 15:50:31.254" endtime="20220413 15:50:31.254"/>
</kw>
<kw name="Get Element Text" library="XML">
<var>${obj_reciselect}</var>
<arg>${xml}</arg>
<arg>reciselect</arg>
<doc>Returns all text of the element, possibly whitespace normalized.</doc>
<msg timestamp="20220413 15:50:31.255" level="INFO">${obj_reciselect} = (//td[@class='text-center']//button[@class='text-capitalize primary-outlined-btn v-btn v-btn--outlined theme--light v-size--default secondary--text'])[2]</msg>
<status status="PASS" starttime="20220413 15:50:31.254" endtime="20220413 15:50:31.255"/>
</kw>
<kw name="Get Element Text" library="XML">
<var>${obj_nonemp}</var>
<arg>${xml}</arg>
<arg>b1nonemp</arg>
<doc>Returns all text of the element, possibly whitespace normalized.</doc>
<msg timestamp="20220413 15:50:31.256" level="INFO">${obj_nonemp} = //em[contains(text(),"1 Nonemployee compensation")]/../following-sibling::section/div/div/div/div/input</msg>
<status status="PASS" starttime="20220413 15:50:31.256" endtime="20220413 15:50:31.256"/>
</kw>
<kw name="Get Element Text" library="XML">
<var>${obj_payersales}</var>
<arg>${xml}</arg>
<arg>b2payersales</arg>
<doc>Returns all text of the element, possibly whitespace normalized.</doc>
<msg timestamp="20220413 15:50:31.256" level="INFO">${obj_payersales} = (//div[@class='v-input--selection-controls__ripple'])[11]</msg>
<status status="PASS" starttime="20220413 15:50:31.256" endtime="20220413 15:50:31.256"/>
</kw>
<kw name="Get Element Text" library="XML">
<var>${obj_fdwh}</var>
<arg>${xml}</arg>
<arg>b4fdwh</arg>
<doc>Returns all text of the element, possibly whitespace normalized.</doc>
<msg timestamp="20220413 15:50:31.257" level="INFO">${obj_fdwh} = //em[contains(text(),"4 Federal income tax withheld")]/../following-sibling::section/div/div/div/div/input</msg>
<status status="PASS" starttime="20220413 15:50:31.257" endtime="20220413 15:50:31.257"/>
</kw>
<kw name="Get Element Text" library="XML">
<var>${obj_savecont}</var>
<arg>${xml}</arg>
<arg>savecont</arg>
<doc>Returns all text of the element, possibly whitespace normalized.</doc>
<msg timestamp="20220413 15:50:31.259" level="INFO">${obj_savecont} = //button[@class='text-capitalize primary-btn btn-hover-shrink v-btn v-btn--has-bg theme--light elevation-1 v-size--x-large primary']</msg>
<status status="PASS" starttime="20220413 15:50:31.258" endtime="20220413 15:50:31.259"/>
</kw>
<kw name="Get Element Text" library="XML">
<var>${obj_addnew}</var>
<arg>${xml}</arg>
<arg>addnew</arg>
<doc>Returns all text of the element, possibly whitespace normalized.</doc>
<msg timestamp="20220413 15:50:31.259" level="INFO">${obj_addnew} = //span[@class="v-btn__content" and contains(text(),"Add New Form")]</msg>
<status status="PASS" starttime="20220413 15:50:31.259" endtime="20220413 15:50:31.259"/>
</kw>
<kw name="Get Element Text" library="XML">
<var>${obj_clicknec}</var>
<arg>${xml}</arg>
<arg>clicknec</arg>
<doc>Returns all text of the element, possibly whitespace normalized.</doc>
<msg timestamp="20220413 15:50:31.260" level="INFO">${obj_clicknec} = (//span[@class='v-btn__content'and contains(text(),"1099-NEC")])[1]</msg>
<status status="PASS" starttime="20220413 15:50:31.259" endtime="20220413 15:50:31.260"/>
</kw>
<kw name="Get Element Text" library="XML">
<var>${obj_clickfilenec}</var>
<arg>${xml}</arg>
<arg>clickfilenec</arg>
<doc>Returns all text of the element, possibly whitespace normalized.</doc>
<msg timestamp="20220413 15:50:31.260" level="INFO">${obj_clickfilenec} = //span[@class='v-btn__content'and contains(text(),"File Form 1099-NEC for 2021")]</msg>
<status status="PASS" starttime="20220413 15:50:31.260" endtime="20220413 15:50:31.260"/>
</kw>
<kw name="Get Element Text" library="XML">
<var>${obj_clickmanual}</var>
<arg>${xml}</arg>
<arg>clickmanual</arg>
<doc>Returns all text of the element, possibly whitespace normalized.</doc>
<msg timestamp="20220413 15:50:31.261" level="INFO">${obj_clickmanual} = (//button[@type='button' and @class='btn-hover-shrink primary-btn text-capitalize v-btn v-btn--has-bg theme--light elevation-1 v-size--x-large primary'])[1]</msg>
<status status="PASS" starttime="20220413 15:50:31.260" endtime="20220413 15:50:31.261"/>
</kw>
<kw name="Get Element Text" library="XML">
<var>${obj_saveadd}</var>
<arg>${xml}</arg>
<arg>saveadd</arg>
<doc>Returns all text of the element, possibly whitespace normalized.</doc>
<msg timestamp="20220413 15:50:31.261" level="INFO">${obj_saveadd} = //span[@class="v-btn__content" and contains(text(),"Save &amp; Add Another")]</msg>
<status status="PASS" starttime="20220413 15:50:31.261" endtime="20220413 15:50:31.261"/>
</kw>
<kw name="Get Element Text" library="XML">
<var>${obj_addressent}</var>
<arg>${xml}</arg>
<arg>addressent</arg>
<doc>Returns all text of the element, possibly whitespace normalized.</doc>
<msg timestamp="20220413 15:50:31.261" level="INFO">${obj_addressent} = //label[@class="v-label theme--light" and contains(text(),"Address you entered")]</msg>
<status status="PASS" starttime="20220413 15:50:31.261" endtime="20220413 15:50:31.261"/>
</kw>
<kw name="Get Element Text" library="XML">
<var>${obj_addresscont}</var>
<arg>${xml}</arg>
<arg>addresscont</arg>
<doc>Returns all text of the element, possibly whitespace normalized.</doc>
<msg timestamp="20220413 15:50:31.262" level="INFO">${obj_addresscont} = //button[@class='text-capitalize border-0 xl v-btn v-btn--has-bg theme--light elevation-1 v-size--x-large primary']</msg>
<status status="PASS" starttime="20220413 15:50:31.261" endtime="20220413 15:50:31.262"/>
</kw>
<kw name="Get Element Text" library="XML">
<var>${obj_reciselect1}</var>
<arg>${xml}</arg>
<arg>reciselect1</arg>
<doc>Returns all text of the element, possibly whitespace normalized.</doc>
<msg timestamp="20220413 15:50:31.262" level="INFO">${obj_reciselect1} = //td[@class='text-center']//button[@class='text-capitalize primary-outlined-btn v-btn v-btn--outlined theme--light v-size--default secondary--text']</msg>
<status status="PASS" starttime="20220413 15:50:31.262" endtime="20220413 15:50:31.262"/>
</kw>
<kw name="Open Workbook" library="RPA.Excel.Files">
<arg>${wbook}</arg>
<doc>Open an existing Excel workbook.</doc>
<msg timestamp="20220413 15:50:31.263" level="INFO">Closing workbook: &lt;RPA.Excel.Files.XlsxWorkbook object at 0x000002A21C3AA260&gt;</msg>
<msg timestamp="20220413 15:50:31.308" level="INFO">Opened workbook: &lt;RPA.Excel.Files.XlsxWorkbook object at 0x000002A21C3AA1A0&gt;</msg>
<status status="PASS" starttime="20220413 15:50:31.262" endtime="20220413 15:50:31.308"/>
</kw>
<kw name="Read Worksheet" library="RPA.Excel.Files">
<var>${sheet}</var>
<arg>RecipientInfo</arg>
<doc>Read the content of a worksheet into a list of dictionaries.</doc>
<msg timestamp="20220413 15:50:31.311" level="INFO">${sheet} = [{'A': 'Email Address', 'B': 'Password', 'C': 'Name*', 'D': 'Type of TIN*', 'E': 'TIN*', 'F': 'Is Foreign Address*', 'G': 'US Address*', 'H': 'US Address Cont', 'I': 'US City*', 'J': 'US State*', 'K':...</msg>
<status status="PASS" starttime="20220413 15:50:31.309" endtime="20220413 15:50:31.311"/>
</kw>
<kw name="Get Length" library="BuiltIn">
<var>${rows}</var>
<arg>${sheet}</arg>
<doc>Returns and logs the length of the given item as an integer.</doc>
<msg timestamp="20220413 15:50:31.311" level="INFO">Length is 11</msg>
<msg timestamp="20220413 15:50:31.311" level="INFO">${rows} = 11</msg>
<status status="PASS" starttime="20220413 15:50:31.311" endtime="20220413 15:50:31.311"/>
</kw>
<kw name="Click Element" library="SeleniumLibrary">
<arg>${obj_nec}</arg>
<doc>Click the element identified by ``locator``.</doc>
<msg timestamp="20220413 15:50:31.312" level="INFO">Clicking element '((//div[@class= 'v-list list-hover-none pb-0 pt-0 v-sheet theme--light'])[5]//button[@type='button'])[1]'.</msg>
<status status="PASS" starttime="20220413 15:50:31.312" endtime="20220413 15:50:31.394"/>
</kw>
<kw name="Sleep" library="BuiltIn">
<arg>3s</arg>
<doc>Pauses the test executed for the given time.</doc>
<msg timestamp="20220413 15:50:34.404" level="INFO">Slept 3 seconds</msg>
<status status="PASS" starttime="20220413 15:50:31.394" endtime="20220413 15:50:34.404"/>
</kw>
<kw name="Click Element" library="SeleniumLibrary">
<arg>${obj_necbt}</arg>
<doc>Click the element identified by ``locator``.</doc>
<msg timestamp="20220413 15:50:34.404" level="INFO">Clicking element '//span[@class='v-btn__content'and contains(text(),"File Form 1099-NEC for 2021")]'.</msg>
<status status="PASS" starttime="20220413 15:50:34.404" endtime="20220413 15:50:34.474"/>
</kw>
<kw name="Sleep" library="BuiltIn">
<arg>3s</arg>
<doc>Pauses the test executed for the given time.</doc>
<msg timestamp="20220413 15:50:37.476" level="INFO">Slept 3 seconds</msg>
<status status="PASS" starttime="20220413 15:50:34.474" endtime="20220413 15:50:37.477"/>
</kw>
<kw name="Click Element" library="SeleniumLibrary">
<arg>${obj_manualb}</arg>
<doc>Click the element identified by ``locator``.</doc>
<msg timestamp="20220413 15:50:37.477" level="INFO">Clicking element '//button[@type='button' and @class='btn-hover-shrink primary-btn v-btn v-btn--has-bg theme--light elevation-1 v-size--x-large primary text-capitalize border-0 xl']'.</msg>
<status status="PASS" starttime="20220413 15:50:37.477" endtime="20220413 15:50:39.723"/>
</kw>
<kw name="Sleep" library="BuiltIn">
<arg>10s</arg>
<doc>Pauses the test executed for the given time.</doc>
<msg timestamp="20220413 15:50:49.730" level="INFO">Slept 10 seconds</msg>
<status status="PASS" starttime="20220413 15:50:39.724" endtime="20220413 15:50:49.731"/>
</kw>
<kw name="Get Cell Value" library="RPA.Excel.Files">
<var>${Businessdata}</var>
<arg>5</arg>
<arg>A</arg>
<arg>RecipientInfo</arg>
<doc>Get a cell value in the given worksheet.</doc>
<msg timestamp="20220413 15:50:49.731" level="INFO">${Businessdata} = YES Bank</msg>
<status status="PASS" starttime="20220413 15:50:49.731" endtime="20220413 15:50:49.731"/>
</kw>
<kw name="Click Element" library="SeleniumLibrary">
<arg>${obj_selectpayer}</arg>
<doc>Click the element identified by ``locator``.</doc>
<msg timestamp="20220413 15:50:49.731" level="INFO">Clicking element '//button[@class='text-capitalize secondary-btn v-btn v-btn--outlined theme--light v-size--large primary--text']//span[@class='v-btn__content']'.</msg>
<status status="PASS" starttime="20220413 15:50:49.731" endtime="20220413 15:50:49.913"/>
</kw>
<kw name="Sleep" library="BuiltIn">
<arg>10s</arg>
<doc>Pauses the test executed for the given time.</doc>
<msg timestamp="20220413 15:50:59.919" level="INFO">Slept 10 seconds</msg>
<status status="PASS" starttime="20220413 15:50:49.913" endtime="20220413 15:50:59.919"/>
</kw>
<kw name="Input Text" library="SeleniumLibrary">
<arg>${obj_psearch}</arg>
<arg>${Businessdata}</arg>
<doc>Types the given ``text`` into the text field identified by ``locator``.</doc>
<msg timestamp="20220413 15:50:59.919" level="INFO">Typing text 'YES Bank' into text field '//div[@class='v-text-field__slot']//input[@placeholder='Search by Payer/Employer Name, Ref.No and EIN/SSN']'.</msg>
<status status="PASS" starttime="20220413 15:50:59.919" endtime="20220413 15:51:00.147"/>
</kw>
<kw name="Click Element" library="SeleniumLibrary">
<arg>${obj_spayer}</arg>
<doc>Click the element identified by ``locator``.</doc>
<msg timestamp="20220413 15:51:00.148" level="INFO">Clicking element '//button[@class='text-capitalize primary-outlined-btn v-btn v-btn--outlined theme--light v-size--default secondary--text']//span[@class='v-btn__content']'.</msg>
<status status="PASS" starttime="20220413 15:51:00.147" endtime="20220413 15:51:00.284"/>
</kw>
<for flavor="IN RANGE">
<var>${i}</var>
<value>2</value>
<value>${rows}+1</value>
<iter>
<var name="${i}">2</var>
<kw name="Get Cell Value" library="RPA.Excel.Files">
<var>${obj_rtype1}</var>
<arg>${i}</arg>
<arg>C</arg>
<arg>RecipientInfo</arg>
<doc>Get a cell value in the given worksheet.</doc>
<msg timestamp="20220413 15:51:00.286" level="INFO">${obj_rtype1} = David</msg>
<status status="PASS" starttime="20220413 15:51:00.285" endtime="20220413 15:51:00.286"/>
</kw>
<kw name="Get Cell Value" library="RPA.Excel.Files">
<var>${obj_nonemp1}</var>
<arg>${i}</arg>
<arg>W</arg>
<arg>RecipientInfo</arg>
<doc>Get a cell value in the given worksheet.</doc>
<msg timestamp="20220413 15:51:00.286" level="INFO">${obj_nonemp1} = 5600</msg>
<status status="PASS" starttime="20220413 15:51:00.286" endtime="20220413 15:51:00.286"/>
</kw>
<kw name="Get Cell Value" library="RPA.Excel.Files">
<var>${obj_fdwh1}</var>
<arg>${i}</arg>
<arg>Y</arg>
<arg>RecipientInfo</arg>
<doc>Get a cell value in the given worksheet.</doc>
<msg timestamp="20220413 15:51:00.287" level="INFO">${obj_fdwh1} = 2530</msg>
<status status="PASS" starttime="20220413 15:51:00.287" endtime="20220413 15:51:00.287"/>
</kw>
<kw name="Wait Until Element Is Enabled" library="SeleniumLibrary">
<arg>${obj_rlookup}</arg>
<arg>20s</arg>
<doc>Waits until the element ``locator`` is enabled.</doc>
<status status="PASS" starttime="20220413 15:51:00.287" endtime="20220413 15:51:00.499"/>
</kw>
<kw name="Click Element" library="SeleniumLibrary">
<arg>${obj_rlookup}</arg>
<doc>Click the element identified by ``locator``.</doc>
<msg timestamp="20220413 15:51:00.500" level="INFO">Clicking element '//span[@class='v-btn__content']//i[@class='v-icon notranslate mdi mdi-book-search-outline theme--light primary--text']'.</msg>
<status status="PASS" starttime="20220413 15:51:00.499" endtime="20220413 15:51:00.634"/>
</kw>
<kw name="Sleep" library="BuiltIn">
<arg>10s</arg>
<doc>Pauses the test executed for the given time.</doc>
<msg timestamp="20220413 15:51:10.643" level="INFO">Slept 10 seconds</msg>
<status status="PASS" starttime="20220413 15:51:00.634" endtime="20220413 15:51:10.643"/>
</kw>
<kw name="Input Text" library="SeleniumLibrary">
<arg>${obj_rtype}</arg>
<arg>${obj_rtype1}</arg>
<doc>Types the given ``text`` into the text field identified by ``locator``.</doc>
<msg timestamp="20220413 15:51:10.644" level="INFO">Typing text 'David' into text field '//div[@class='v-text-field__slot']//input[@placeholder='Search']'.</msg>
<status status="PASS" starttime="20220413 15:51:10.643" endtime="20220413 15:51:10.849"/>
</kw>
<kw name="Run Keyword If" library="BuiltIn">
<arg>${i}== 2</arg>
<arg>Click Element</arg>
<arg>${obj_reciselect}</arg>
<arg>ELSE</arg>
<arg>Click Element</arg>
<arg>${obj_reciselect1}</arg>
<doc>Runs the given keyword with the given arguments, if ``condition`` is true.</doc>
<kw name="Click Element" library="SeleniumLibrary">
<arg>${obj_reciselect}</arg>
<doc>Click the element identified by ``locator``.</doc>
<msg timestamp="20220413 15:51:10.851" level="INFO">Clicking element '(//td[@class='text-center']//button[@class='text-capitalize primary-outlined-btn v-btn v-btn--outlined theme--light v-size--default secondary--text'])[2]'.</msg>
<status status="PASS" starttime="20220413 15:51:10.851" endtime="20220413 15:51:11.058"/>
</kw>
<status status="PASS" starttime="20220413 15:51:10.850" endtime="20220413 15:51:11.058"/>
</kw>
<kw name="Input Text" library="SeleniumLibrary">
<arg>${obj_nonemp}</arg>
<arg>${obj_nonemp1}</arg>
<doc>Types the given ``text`` into the text field identified by ``locator``.</doc>
<msg timestamp="20220413 15:51:11.058" level="INFO">Typing text '5600' into text field '//em[contains(text(),"1 Nonemployee compensation")]/../following-sibling::section/div/div/div/div/input'.</msg>
<status status="PASS" starttime="20220413 15:51:11.058" endtime="20220413 15:51:11.406"/>
</kw>
<kw name="Click Element" library="SeleniumLibrary">
<arg>${obj_payersales}</arg>
<doc>Click the element identified by ``locator``.</doc>
<msg timestamp="20220413 15:51:11.408" level="INFO">Clicking element '(//div[@class='v-input--selection-controls__ripple'])[11]'.</msg>
<status status="PASS" starttime="20220413 15:51:11.406" endtime="20220413 15:51:11.547"/>
</kw>
<kw name="Input Text" library="SeleniumLibrary">
<arg>${obj_fdwh}</arg>
<arg>${obj_fdwh1}</arg>
<doc>Types the given ``text`` into the text field identified by ``locator``.</doc>
<msg timestamp="20220413 15:51:11.547" level="INFO">Typing text '2530' into text field '//em[contains(text(),"4 Federal income tax withheld")]/../following-sibling::section/div/div/div/div/input'.</msg>
<status status="PASS" starttime="20220413 15:51:11.547" endtime="20220413 15:51:11.818"/>
</kw>
<kw name="Run Keyword If" library="BuiltIn">
<arg>${i}==${rows}</arg>
<arg>Click Element</arg>
<arg>${obj_savecont}</arg>
<arg>ELSE</arg>
<arg>Click Element</arg>
<arg>${obj_saveadd}</arg>
<doc>Runs the given keyword with the given arguments, if ``condition`` is true.</doc>
<kw name="Click Element" library="SeleniumLibrary">
<arg>${obj_saveadd}</arg>
<doc>Click the element identified by ``locator``.</doc>
<msg timestamp="20220413 15:51:11.819" level="INFO">Clicking element '//span[@class="v-btn__content" and contains(text(),"Save &amp; Add Another")]'.</msg>
<status status="PASS" starttime="20220413 15:51:11.818" endtime="20220413 15:51:11.977"/>
</kw>
<status status="PASS" starttime="20220413 15:51:11.818" endtime="20220413 15:51:11.977"/>
</kw>
<kw name="Sleep" library="BuiltIn">
<arg>5s</arg>
<doc>Pauses the test executed for the given time.</doc>
<msg timestamp="20220413 15:51:16.993" level="INFO">Slept 5 seconds</msg>
<status status="PASS" starttime="20220413 15:51:11.977" endtime="20220413 15:51:16.993"/>
</kw>
<kw name="Run Keyword And Return Status" library="BuiltIn">
<var>${passed}</var>
<arg>Wait Until Element Is Enabled</arg>
<arg>${obj_addressent}</arg>
<arg>10s</arg>
<doc>Runs the given keyword with given arguments and returns the status as a Boolean value.</doc>
<kw name="Wait Until Element Is Enabled" library="SeleniumLibrary">
<arg>${obj_addressent}</arg>
<arg>10s</arg>
<doc>Waits until the element ``locator`` is enabled.</doc>
<msg timestamp="20220413 15:51:27.349" level="INFO" html="true">&lt;/td&gt;&lt;/tr&gt;&lt;tr&gt;&lt;td colspan="3"&gt;&lt;a href="selenium-screenshot-1.png"&gt;&lt;img src="selenium-screenshot-1.png" width="800px"&gt;&lt;/a&gt;</msg>
<msg timestamp="20220413 15:51:27.355" level="FAIL">Element with locator '//label[@class="v-label theme--light" and contains(text(),"Address you entered")]' not found.</msg>
<status status="FAIL" starttime="20220413 15:51:16.993" endtime="20220413 15:51:27.355"/>
</kw>
<msg timestamp="20220413 15:51:27.355" level="INFO">${passed} = False</msg>
<status status="PASS" starttime="20220413 15:51:16.993" endtime="20220413 15:51:27.355"/>
</kw>
<kw name="Run Keyword If" library="BuiltIn">
<arg>${passed}</arg>
<arg>Click Element</arg>
<arg>${obj_addressent}</arg>
<doc>Runs the given keyword with the given arguments, if ``condition`` is true.</doc>
<status status="PASS" starttime="20220413 15:51:27.355" endtime="20220413 15:51:27.355"/>
</kw>
<kw name="Run Keyword And Return Status" library="BuiltIn">
<var>${passed}</var>
<arg>Wait Until Element Is Enabled</arg>
<arg>${obj_addresscont}</arg>
<arg>10s</arg>
<doc>Runs the given keyword with given arguments and returns the status as a Boolean value.</doc>
<kw name="Wait Until Element Is Enabled" library="SeleniumLibrary">
<arg>${obj_addresscont}</arg>
<arg>10s</arg>
<doc>Waits until the element ``locator`` is enabled.</doc>
<msg timestamp="20220413 15:51:37.525" level="INFO" html="true">&lt;/td&gt;&lt;/tr&gt;&lt;tr&gt;&lt;td colspan="3"&gt;&lt;a href="selenium-screenshot-2.png"&gt;&lt;img src="selenium-screenshot-2.png" width="800px"&gt;&lt;/a&gt;</msg>
<msg timestamp="20220413 15:51:37.526" level="FAIL">Element with locator '//button[@class='text-capitalize border-0 xl v-btn v-btn--has-bg theme--light elevation-1 v-size--x-large primary']' not found.</msg>
<status status="FAIL" starttime="20220413 15:51:27.355" endtime="20220413 15:51:37.526"/>
</kw>
<msg timestamp="20220413 15:51:37.526" level="INFO">${passed} = False</msg>
<status status="PASS" starttime="20220413 15:51:27.355" endtime="20220413 15:51:37.526"/>
</kw>
<kw name="Run Keyword If" library="BuiltIn">
<arg>${passed}</arg>
<arg>Click Element</arg>
<arg>${obj_addresscont}</arg>
<doc>Runs the given keyword with the given arguments, if ``condition`` is true.</doc>
<status status="PASS" starttime="20220413 15:51:37.526" endtime="20220413 15:51:37.526"/>
</kw>
<status status="PASS" starttime="20220413 15:51:00.285" endtime="20220413 15:51:37.526"/>
</iter>
<iter>
<var name="${i}">3</var>
<kw name="Get Cell Value" library="RPA.Excel.Files">
<var>${obj_rtype1}</var>
<arg>${i}</arg>
<arg>C</arg>
<arg>RecipientInfo</arg>
<doc>Get a cell value in the given worksheet.</doc>
<msg timestamp="20220413 15:51:37.527" level="INFO">${obj_rtype1} = Anne Nash	</msg>
<status status="PASS" starttime="20220413 15:51:37.527" endtime="20220413 15:51:37.527"/>
</kw>
<kw name="Get Cell Value" library="RPA.Excel.Files">
<var>${obj_nonemp1}</var>
<arg>${i}</arg>
<arg>W</arg>
<arg>RecipientInfo</arg>
<doc>Get a cell value in the given worksheet.</doc>
<msg timestamp="20220413 15:51:37.527" level="INFO">${obj_nonemp1} = =W2+250</msg>
<status status="PASS" starttime="20220413 15:51:37.527" endtime="20220413 15:51:37.527"/>
</kw>
<kw name="Get Cell Value" library="RPA.Excel.Files">
<var>${obj_fdwh1}</var>
<arg>${i}</arg>
<arg>Y</arg>
<arg>RecipientInfo</arg>
<doc>Get a cell value in the given worksheet.</doc>
<msg timestamp="20220413 15:51:37.528" level="INFO">${obj_fdwh1} = =Y2+225</msg>
<status status="PASS" starttime="20220413 15:51:37.527" endtime="20220413 15:51:37.528"/>
</kw>
<kw name="Wait Until Element Is Enabled" library="SeleniumLibrary">
<arg>${obj_rlookup}</arg>
<arg>20s</arg>
<doc>Waits until the element ``locator`` is enabled.</doc>
<status status="PASS" starttime="20220413 15:51:37.528" endtime="20220413 15:51:37.562"/>
</kw>
<kw name="Click Element" library="SeleniumLibrary">
<arg>${obj_rlookup}</arg>
<doc>Click the element identified by ``locator``.</doc>
<msg timestamp="20220413 15:51:37.563" level="INFO">Clicking element '//span[@class='v-btn__content']//i[@class='v-icon notranslate mdi mdi-book-search-outline theme--light primary--text']'.</msg>
<status status="PASS" starttime="20220413 15:51:37.562" endtime="20220413 15:51:37.685"/>
</kw>
<kw name="Sleep" library="BuiltIn">
<arg>10s</arg>
<doc>Pauses the test executed for the given time.</doc>
<msg timestamp="20220413 15:51:47.695" level="INFO">Slept 10 seconds</msg>
<status status="PASS" starttime="20220413 15:51:37.685" endtime="20220413 15:51:47.695"/>
</kw>
<kw name="Input Text" library="SeleniumLibrary">
<arg>${obj_rtype}</arg>
<arg>${obj_rtype1}</arg>
<doc>Types the given ``text`` into the text field identified by ``locator``.</doc>
<msg timestamp="20220413 15:51:47.696" level="INFO">Typing text 'Anne Nash	' into text field '//div[@class='v-text-field__slot']//input[@placeholder='Search']'.</msg>
<status status="PASS" starttime="20220413 15:51:47.695" endtime="20220413 15:51:47.900"/>
</kw>
<kw name="Run Keyword If" library="BuiltIn">
<arg>${i}== 2</arg>
<arg>Click Element</arg>
<arg>${obj_reciselect}</arg>
<arg>ELSE</arg>
<arg>Click Element</arg>
<arg>${obj_reciselect1}</arg>
<doc>Runs the given keyword with the given arguments, if ``condition`` is true.</doc>
<kw name="Click Element" library="SeleniumLibrary">
<arg>${obj_reciselect1}</arg>
<doc>Click the element identified by ``locator``.</doc>
<msg timestamp="20220413 15:51:47.902" level="INFO">Clicking element '//td[@class='text-center']//button[@class='text-capitalize primary-outlined-btn v-btn v-btn--outlined theme--light v-size--default secondary--text']'.</msg>
<status status="PASS" starttime="20220413 15:51:47.902" endtime="20220413 15:51:48.036"/>
</kw>
<status status="PASS" starttime="20220413 15:51:47.900" endtime="20220413 15:51:48.037"/>
</kw>
<kw name="Input Text" library="SeleniumLibrary">
<arg>${obj_nonemp}</arg>
<arg>${obj_nonemp1}</arg>
<doc>Types the given ``text`` into the text field identified by ``locator``.</doc>
<msg timestamp="20220413 15:51:48.038" level="INFO">Typing text '=W2+250' into text field '//em[contains(text(),"1 Nonemployee compensation")]/../following-sibling::section/div/div/div/div/input'.</msg>
<status status="PASS" starttime="20220413 15:51:48.037" endtime="20220413 15:51:48.253"/>
</kw>
<kw name="Click Element" library="SeleniumLibrary">
<arg>${obj_payersales}</arg>
<doc>Click the element identified by ``locator``.</doc>
<msg timestamp="20220413 15:51:48.254" level="INFO">Clicking element '(//div[@class='v-input--selection-controls__ripple'])[11]'.</msg>
<status status="PASS" starttime="20220413 15:51:48.254" endtime="20220413 15:51:48.342"/>
</kw>
<kw name="Input Text" library="SeleniumLibrary">
<arg>${obj_fdwh}</arg>
<arg>${obj_fdwh1}</arg>
<doc>Types the given ``text`` into the text field identified by ``locator``.</doc>
<msg timestamp="20220413 15:51:48.343" level="INFO">Typing text '=Y2+225' into text field '//em[contains(text(),"4 Federal income tax withheld")]/../following-sibling::section/div/div/div/div/input'.</msg>
<status status="PASS" starttime="20220413 15:51:48.342" endtime="20220413 15:51:48.499"/>
</kw>
<kw name="Run Keyword If" library="BuiltIn">
<arg>${i}==${rows}</arg>
<arg>Click Element</arg>
<arg>${obj_savecont}</arg>
<arg>ELSE</arg>
<arg>Click Element</arg>
<arg>${obj_saveadd}</arg>
<doc>Runs the given keyword with the given arguments, if ``condition`` is true.</doc>
<kw name="Click Element" library="SeleniumLibrary">
<arg>${obj_saveadd}</arg>
<doc>Click the element identified by ``locator``.</doc>
<msg timestamp="20220413 15:51:48.501" level="INFO">Clicking element '//span[@class="v-btn__content" and contains(text(),"Save &amp; Add Another")]'.</msg>
<status status="PASS" starttime="20220413 15:51:48.500" endtime="20220413 15:51:48.611"/>
</kw>
<status status="PASS" starttime="20220413 15:51:48.499" endtime="20220413 15:51:48.611"/>
</kw>
<kw name="Sleep" library="BuiltIn">
<arg>5s</arg>
<doc>Pauses the test executed for the given time.</doc>
<msg timestamp="20220413 15:51:53.621" level="INFO">Slept 5 seconds</msg>
<status status="PASS" starttime="20220413 15:51:48.611" endtime="20220413 15:51:53.621"/>
</kw>
<kw name="Run Keyword And Return Status" library="BuiltIn">
<var>${passed}</var>
<arg>Wait Until Element Is Enabled</arg>
<arg>${obj_addressent}</arg>
<arg>10s</arg>
<doc>Runs the given keyword with given arguments and returns the status as a Boolean value.</doc>
<kw name="Wait Until Element Is Enabled" library="SeleniumLibrary">
<arg>${obj_addressent}</arg>
<arg>10s</arg>
<doc>Waits until the element ``locator`` is enabled.</doc>
<status status="PASS" starttime="20220413 15:51:53.622" endtime="20220413 15:51:53.651"/>
</kw>
<msg timestamp="20220413 15:51:53.651" level="INFO">${passed} = True</msg>
<status status="PASS" starttime="20220413 15:51:53.621" endtime="20220413 15:51:53.651"/>
</kw>
<kw name="Run Keyword If" library="BuiltIn">
<arg>${passed}</arg>
<arg>Click Element</arg>
<arg>${obj_addressent}</arg>
<doc>Runs the given keyword with the given arguments, if ``condition`` is true.</doc>
<kw name="Click Element" library="SeleniumLibrary">
<arg>${obj_addressent}</arg>
<doc>Click the element identified by ``locator``.</doc>
<msg timestamp="20220413 15:51:53.652" level="INFO">Clicking element '//label[@class="v-label theme--light" and contains(text(),"Address you entered")]'.</msg>
<status status="PASS" starttime="20220413 15:51:53.652" endtime="20220413 15:51:53.699"/>
</kw>
<status status="PASS" starttime="20220413 15:51:53.652" endtime="20220413 15:51:53.699"/>
</kw>
<kw name="Run Keyword And Return Status" library="BuiltIn">
<var>${passed}</var>
<arg>Wait Until Element Is Enabled</arg>
<arg>${obj_addresscont}</arg>
<arg>10s</arg>
<doc>Runs the given keyword with given arguments and returns the status as a Boolean value.</doc>
<kw name="Wait Until Element Is Enabled" library="SeleniumLibrary">
<arg>${obj_addresscont}</arg>
<arg>10s</arg>
<doc>Waits until the element ``locator`` is enabled.</doc>
<status status="PASS" starttime="20220413 15:51:53.700" endtime="20220413 15:51:53.730"/>
</kw>
<msg timestamp="20220413 15:51:53.730" level="INFO">${passed} = True</msg>
<status status="PASS" starttime="20220413 15:51:53.699" endtime="20220413 15:51:53.730"/>
</kw>
<kw name="Run Keyword If" library="BuiltIn">
<arg>${passed}</arg>
<arg>Click Element</arg>
<arg>${obj_addresscont}</arg>
<doc>Runs the given keyword with the given arguments, if ``condition`` is true.</doc>
<kw name="Click Element" library="SeleniumLibrary">
<arg>${obj_addresscont}</arg>
<doc>Click the element identified by ``locator``.</doc>
<msg timestamp="20220413 15:51:53.731" level="INFO">Clicking element '//button[@class='text-capitalize border-0 xl v-btn v-btn--has-bg theme--light elevation-1 v-size--x-large primary']'.</msg>
<status status="PASS" starttime="20220413 15:51:53.731" endtime="20220413 15:51:53.783"/>
</kw>
<status status="PASS" starttime="20220413 15:51:53.731" endtime="20220413 15:51:53.783"/>
</kw>
<status status="PASS" starttime="20220413 15:51:37.526" endtime="20220413 15:51:53.783"/>
</iter>
<iter>
<var name="${i}">4</var>
<kw name="Get Cell Value" library="RPA.Excel.Files">
<var>${obj_rtype1}</var>
<arg>${i}</arg>
<arg>C</arg>
<arg>RecipientInfo</arg>
<doc>Get a cell value in the given worksheet.</doc>
<msg timestamp="20220413 15:51:53.783" level="INFO">${obj_rtype1} = Yvonne Sutherland</msg>
<status status="PASS" starttime="20220413 15:51:53.783" endtime="20220413 15:51:53.783"/>
</kw>
<kw name="Get Cell Value" library="RPA.Excel.Files">
<var>${obj_nonemp1}</var>
<arg>${i}</arg>
<arg>W</arg>
<arg>RecipientInfo</arg>
<doc>Get a cell value in the given worksheet.</doc>
<msg timestamp="20220413 15:51:53.784" level="INFO">${obj_nonemp1} = =W3+250</msg>
<status status="PASS" starttime="20220413 15:51:53.784" endtime="20220413 15:51:53.784"/>
</kw>
<kw name="Get Cell Value" library="RPA.Excel.Files">
<var>${obj_fdwh1}</var>
<arg>${i}</arg>
<arg>Y</arg>
<arg>RecipientInfo</arg>
<doc>Get a cell value in the given worksheet.</doc>
<msg timestamp="20220413 15:51:53.784" level="INFO">${obj_fdwh1} = =Y3+225</msg>
<status status="PASS" starttime="20220413 15:51:53.784" endtime="20220413 15:51:53.784"/>
</kw>
<kw name="Wait Until Element Is Enabled" library="SeleniumLibrary">
<arg>${obj_rlookup}</arg>
<arg>20s</arg>
<doc>Waits until the element ``locator`` is enabled.</doc>
<status status="PASS" starttime="20220413 15:51:53.784" endtime="20220413 15:51:59.786"/>
</kw>
<kw name="Click Element" library="SeleniumLibrary">
<arg>${obj_rlookup}</arg>
<doc>Click the element identified by ``locator``.</doc>
<msg timestamp="20220413 15:51:59.786" level="INFO">Clicking element '//span[@class='v-btn__content']//i[@class='v-icon notranslate mdi mdi-book-search-outline theme--light primary--text']'.</msg>
<status status="PASS" starttime="20220413 15:51:59.786" endtime="20220413 15:51:59.853"/>
</kw>
<kw name="Sleep" library="BuiltIn">
<arg>10s</arg>
<doc>Pauses the test executed for the given time.</doc>
<msg timestamp="20220413 15:52:09.862" level="INFO">Slept 10 seconds</msg>
<status status="PASS" starttime="20220413 15:51:59.854" endtime="20220413 15:52:09.862"/>
</kw>
<kw name="Input Text" library="SeleniumLibrary">
<arg>${obj_rtype}</arg>
<arg>${obj_rtype1}</arg>
<doc>Types the given ``text`` into the text field identified by ``locator``.</doc>
<msg timestamp="20220413 15:52:09.863" level="INFO">Typing text 'Yvonne Sutherland' into text field '//div[@class='v-text-field__slot']//input[@placeholder='Search']'.</msg>
<status status="PASS" starttime="20220413 15:52:09.862" endtime="20220413 15:52:10.215"/>
</kw>
<kw name="Run Keyword If" library="BuiltIn">
<arg>${i}== 2</arg>
<arg>Click Element</arg>
<arg>${obj_reciselect}</arg>
<arg>ELSE</arg>
<arg>Click Element</arg>
<arg>${obj_reciselect1}</arg>
<doc>Runs the given keyword with the given arguments, if ``condition`` is true.</doc>
<kw name="Click Element" library="SeleniumLibrary">
<arg>${obj_reciselect1}</arg>
<doc>Click the element identified by ``locator``.</doc>
<msg timestamp="20220413 15:52:10.215" level="INFO">Clicking element '//td[@class='text-center']//button[@class='text-capitalize primary-outlined-btn v-btn v-btn--outlined theme--light v-size--default secondary--text']'.</msg>
<status status="PASS" starttime="20220413 15:52:10.215" endtime="20220413 15:52:10.389"/>
</kw>
<status status="PASS" starttime="20220413 15:52:10.215" endtime="20220413 15:52:10.389"/>
</kw>
<kw name="Input Text" library="SeleniumLibrary">
<arg>${obj_nonemp}</arg>
<arg>${obj_nonemp1}</arg>
<doc>Types the given ``text`` into the text field identified by ``locator``.</doc>
<msg timestamp="20220413 15:52:10.390" level="INFO">Typing text '=W3+250' into text field '//em[contains(text(),"1 Nonemployee compensation")]/../following-sibling::section/div/div/div/div/input'.</msg>
<status status="PASS" starttime="20220413 15:52:10.389" endtime="20220413 15:52:10.625"/>
</kw>
<kw name="Click Element" library="SeleniumLibrary">
<arg>${obj_payersales}</arg>
<doc>Click the element identified by ``locator``.</doc>
<msg timestamp="20220413 15:52:10.625" level="INFO">Clicking element '(//div[@class='v-input--selection-controls__ripple'])[11]'.</msg>
<status status="PASS" starttime="20220413 15:52:10.625" endtime="20220413 15:52:10.742"/>
</kw>
<kw name="Input Text" library="SeleniumLibrary">
<arg>${obj_fdwh}</arg>
<arg>${obj_fdwh1}</arg>
<doc>Types the given ``text`` into the text field identified by ``locator``.</doc>
<msg timestamp="20220413 15:52:10.742" level="INFO">Typing text '=Y3+225' into text field '//em[contains(text(),"4 Federal income tax withheld")]/../following-sibling::section/div/div/div/div/input'.</msg>
<status status="PASS" starttime="20220413 15:52:10.742" endtime="20220413 15:52:10.918"/>
</kw>
<kw name="Run Keyword If" library="BuiltIn">
<arg>${i}==${rows}</arg>
<arg>Click Element</arg>
<arg>${obj_savecont}</arg>
<arg>ELSE</arg>
<arg>Click Element</arg>
<arg>${obj_saveadd}</arg>
<doc>Runs the given keyword with the given arguments, if ``condition`` is true.</doc>
<kw name="Click Element" library="SeleniumLibrary">
<arg>${obj_saveadd}</arg>
<doc>Click the element identified by ``locator``.</doc>
<msg timestamp="20220413 15:52:10.919" level="INFO">Clicking element '//span[@class="v-btn__content" and contains(text(),"Save &amp; Add Another")]'.</msg>
<status status="PASS" starttime="20220413 15:52:10.919" endtime="20220413 15:52:11.040"/>
</kw>
<status status="PASS" starttime="20220413 15:52:10.918" endtime="20220413 15:52:11.040"/>
</kw>
<kw name="Sleep" library="BuiltIn">
<arg>5s</arg>
<doc>Pauses the test executed for the given time.</doc>
<msg timestamp="20220413 15:52:16.048" level="INFO">Slept 5 seconds</msg>
<status status="PASS" starttime="20220413 15:52:11.041" endtime="20220413 15:52:16.048"/>
</kw>
<kw name="Run Keyword And Return Status" library="BuiltIn">
<var>${passed}</var>
<arg>Wait Until Element Is Enabled</arg>
<arg>${obj_addressent}</arg>
<arg>10s</arg>
<doc>Runs the given keyword with given arguments and returns the status as a Boolean value.</doc>
<kw name="Wait Until Element Is Enabled" library="SeleniumLibrary">
<arg>${obj_addressent}</arg>
<arg>10s</arg>
<doc>Waits until the element ``locator`` is enabled.</doc>
<msg timestamp="20220413 15:52:26.326" level="INFO" html="true">&lt;/td&gt;&lt;/tr&gt;&lt;tr&gt;&lt;td colspan="3"&gt;&lt;a href="selenium-screenshot-3.png"&gt;&lt;img src="selenium-screenshot-3.png" width="800px"&gt;&lt;/a&gt;</msg>
<msg timestamp="20220413 15:52:26.327" level="FAIL">Element with locator '//label[@class="v-label theme--light" and contains(text(),"Address you entered")]' not found.</msg>
<status status="FAIL" starttime="20220413 15:52:16.048" endtime="20220413 15:52:26.327"/>
</kw>
<msg timestamp="20220413 15:52:26.327" level="INFO">${passed} = False</msg>
<status status="PASS" starttime="20220413 15:52:16.048" endtime="20220413 15:52:26.327"/>
</kw>
<kw name="Run Keyword If" library="BuiltIn">
<arg>${passed}</arg>
<arg>Click Element</arg>
<arg>${obj_addressent}</arg>
<doc>Runs the given keyword with the given arguments, if ``condition`` is true.</doc>
<status status="PASS" starttime="20220413 15:52:26.327" endtime="20220413 15:52:26.328"/>
</kw>
<kw name="Run Keyword And Return Status" library="BuiltIn">
<var>${passed}</var>
<arg>Wait Until Element Is Enabled</arg>
<arg>${obj_addresscont}</arg>
<arg>10s</arg>
<doc>Runs the given keyword with given arguments and returns the status as a Boolean value.</doc>
<kw name="Wait Until Element Is Enabled" library="SeleniumLibrary">
<arg>${obj_addresscont}</arg>
<arg>10s</arg>
<doc>Waits until the element ``locator`` is enabled.</doc>
<msg timestamp="20220413 15:52:36.549" level="INFO" html="true">&lt;/td&gt;&lt;/tr&gt;&lt;tr&gt;&lt;td colspan="3"&gt;&lt;a href="selenium-screenshot-4.png"&gt;&lt;img src="selenium-screenshot-4.png" width="800px"&gt;&lt;/a&gt;</msg>
<msg timestamp="20220413 15:52:36.549" level="FAIL">Element with locator '//button[@class='text-capitalize border-0 xl v-btn v-btn--has-bg theme--light elevation-1 v-size--x-large primary']' not found.</msg>
<status status="FAIL" starttime="20220413 15:52:26.328" endtime="20220413 15:52:36.549"/>
</kw>
<msg timestamp="20220413 15:52:36.550" level="INFO">${passed} = False</msg>
<status status="PASS" starttime="20220413 15:52:26.328" endtime="20220413 15:52:36.550"/>
</kw>
<kw name="Run Keyword If" library="BuiltIn">
<arg>${passed}</arg>
<arg>Click Element</arg>
<arg>${obj_addresscont}</arg>
<doc>Runs the given keyword with the given arguments, if ``condition`` is true.</doc>
<status status="PASS" starttime="20220413 15:52:36.550" endtime="20220413 15:52:36.550"/>
</kw>
<status status="PASS" starttime="20220413 15:51:53.783" endtime="20220413 15:52:36.550"/>
</iter>
<iter>
<var name="${i}">5</var>
<kw name="Get Cell Value" library="RPA.Excel.Files">
<var>${obj_rtype1}</var>
<arg>${i}</arg>
<arg>C</arg>
<arg>RecipientInfo</arg>
<doc>Get a cell value in the given worksheet.</doc>
<msg timestamp="20220413 15:52:36.550" level="INFO">${obj_rtype1} = Ryan Butler</msg>
<status status="PASS" starttime="20220413 15:52:36.550" endtime="20220413 15:52:36.550"/>
</kw>
<kw name="Get Cell Value" library="RPA.Excel.Files">
<var>${obj_nonemp1}</var>
<arg>${i}</arg>
<arg>W</arg>
<arg>RecipientInfo</arg>
<doc>Get a cell value in the given worksheet.</doc>
<msg timestamp="20220413 15:52:36.551" level="INFO">${obj_nonemp1} = =W4+250</msg>
<status status="PASS" starttime="20220413 15:52:36.550" endtime="20220413 15:52:36.551"/>
</kw>
<kw name="Get Cell Value" library="RPA.Excel.Files">
<var>${obj_fdwh1}</var>
<arg>${i}</arg>
<arg>Y</arg>
<arg>RecipientInfo</arg>
<doc>Get a cell value in the given worksheet.</doc>
<msg timestamp="20220413 15:52:36.552" level="INFO">${obj_fdwh1} = =Y4+225</msg>
<status status="PASS" starttime="20220413 15:52:36.552" endtime="20220413 15:52:36.552"/>
</kw>
<kw name="Wait Until Element Is Enabled" library="SeleniumLibrary">
<arg>${obj_rlookup}</arg>
<arg>20s</arg>
<doc>Waits until the element ``locator`` is enabled.</doc>
<status status="PASS" starttime="20220413 15:52:36.552" endtime="20220413 15:52:36.580"/>
</kw>
<kw name="Click Element" library="SeleniumLibrary">
<arg>${obj_rlookup}</arg>
<doc>Click the element identified by ``locator``.</doc>
<msg timestamp="20220413 15:52:36.580" level="INFO">Clicking element '//span[@class='v-btn__content']//i[@class='v-icon notranslate mdi mdi-book-search-outline theme--light primary--text']'.</msg>
<status status="PASS" starttime="20220413 15:52:36.580" endtime="20220413 15:52:36.630"/>
</kw>
<kw name="Sleep" library="BuiltIn">
<arg>10s</arg>
<doc>Pauses the test executed for the given time.</doc>
<msg timestamp="20220413 15:52:46.634" level="INFO">Slept 10 seconds</msg>
<status status="PASS" starttime="20220413 15:52:36.631" endtime="20220413 15:52:46.634"/>
</kw>
<kw name="Input Text" library="SeleniumLibrary">
<arg>${obj_rtype}</arg>
<arg>${obj_rtype1}</arg>
<doc>Types the given ``text`` into the text field identified by ``locator``.</doc>
<msg timestamp="20220413 15:52:46.635" level="INFO">Typing text 'Ryan Butler' into text field '//div[@class='v-text-field__slot']//input[@placeholder='Search']'.</msg>
<status status="PASS" starttime="20220413 15:52:46.634" endtime="20220413 15:52:46.889"/>
</kw>
<kw name="Run Keyword If" library="BuiltIn">
<arg>${i}== 2</arg>
<arg>Click Element</arg>
<arg>${obj_reciselect}</arg>
<arg>ELSE</arg>
<arg>Click Element</arg>
<arg>${obj_reciselect1}</arg>
<doc>Runs the given keyword with the given arguments, if ``condition`` is true.</doc>
<kw name="Click Element" library="SeleniumLibrary">
<arg>${obj_reciselect1}</arg>
<doc>Click the element identified by ``locator``.</doc>
<msg timestamp="20220413 15:52:46.890" level="INFO">Clicking element '//td[@class='text-center']//button[@class='text-capitalize primary-outlined-btn v-btn v-btn--outlined theme--light v-size--default secondary--text']'.</msg>
<status status="PASS" starttime="20220413 15:52:46.889" endtime="20220413 15:52:47.045"/>
</kw>
<status status="PASS" starttime="20220413 15:52:46.889" endtime="20220413 15:52:47.045"/>
</kw>
<kw name="Input Text" library="SeleniumLibrary">
<arg>${obj_nonemp}</arg>
<arg>${obj_nonemp1}</arg>
<doc>Types the given ``text`` into the text field identified by ``locator``.</doc>
<msg timestamp="20220413 15:52:47.046" level="INFO">Typing text '=W4+250' into text field '//em[contains(text(),"1 Nonemployee compensation")]/../following-sibling::section/div/div/div/div/input'.</msg>
<status status="PASS" starttime="20220413 15:52:47.045" endtime="20220413 15:52:47.345"/>
</kw>
<kw name="Click Element" library="SeleniumLibrary">
<arg>${obj_payersales}</arg>
<doc>Click the element identified by ``locator``.</doc>
<msg timestamp="20220413 15:52:47.346" level="INFO">Clicking element '(//div[@class='v-input--selection-controls__ripple'])[11]'.</msg>
<status status="PASS" starttime="20220413 15:52:47.345" endtime="20220413 15:52:47.466"/>
</kw>
<kw name="Input Text" library="SeleniumLibrary">
<arg>${obj_fdwh}</arg>
<arg>${obj_fdwh1}</arg>
<doc>Types the given ``text`` into the text field identified by ``locator``.</doc>
<msg timestamp="20220413 15:52:47.467" level="INFO">Typing text '=Y4+225' into text field '//em[contains(text(),"4 Federal income tax withheld")]/../following-sibling::section/div/div/div/div/input'.</msg>
<status status="PASS" starttime="20220413 15:52:47.466" endtime="20220413 15:52:47.673"/>
</kw>
<kw name="Run Keyword If" library="BuiltIn">
<arg>${i}==${rows}</arg>
<arg>Click Element</arg>
<arg>${obj_savecont}</arg>
<arg>ELSE</arg>
<arg>Click Element</arg>
<arg>${obj_saveadd}</arg>
<doc>Runs the given keyword with the given arguments, if ``condition`` is true.</doc>
<kw name="Click Element" library="SeleniumLibrary">
<arg>${obj_saveadd}</arg>
<doc>Click the element identified by ``locator``.</doc>
<msg timestamp="20220413 15:52:47.675" level="INFO">Clicking element '//span[@class="v-btn__content" and contains(text(),"Save &amp; Add Another")]'.</msg>
<status status="PASS" starttime="20220413 15:52:47.674" endtime="20220413 15:52:47.843"/>
</kw>
<status status="PASS" starttime="20220413 15:52:47.674" endtime="20220413 15:52:47.844"/>
</kw>
<kw name="Sleep" library="BuiltIn">
<arg>5s</arg>
<doc>Pauses the test executed for the given time.</doc>
<msg timestamp="20220413 15:52:52.856" level="INFO">Slept 5 seconds</msg>
<status status="PASS" starttime="20220413 15:52:47.844" endtime="20220413 15:52:52.857"/>
</kw>
<kw name="Run Keyword And Return Status" library="BuiltIn">
<var>${passed}</var>
<arg>Wait Until Element Is Enabled</arg>
<arg>${obj_addressent}</arg>
<arg>10s</arg>
<doc>Runs the given keyword with given arguments and returns the status as a Boolean value.</doc>
<kw name="Wait Until Element Is Enabled" library="SeleniumLibrary">
<arg>${obj_addressent}</arg>
<arg>10s</arg>
<doc>Waits until the element ``locator`` is enabled.</doc>
<msg timestamp="20220413 15:53:03.064" level="INFO" html="true">&lt;/td&gt;&lt;/tr&gt;&lt;tr&gt;&lt;td colspan="3"&gt;&lt;a href="selenium-screenshot-5.png"&gt;&lt;img src="selenium-screenshot-5.png" width="800px"&gt;&lt;/a&gt;</msg>
<msg timestamp="20220413 15:53:03.066" level="FAIL">Element with locator '//label[@class="v-label theme--light" and contains(text(),"Address you entered")]' not found.</msg>
<status status="FAIL" starttime="20220413 15:52:52.858" endtime="20220413 15:53:03.066"/>
</kw>
<msg timestamp="20220413 15:53:03.066" level="INFO">${passed} = False</msg>
<status status="PASS" starttime="20220413 15:52:52.857" endtime="20220413 15:53:03.066"/>
</kw>
<kw name="Run Keyword If" library="BuiltIn">
<arg>${passed}</arg>
<arg>Click Element</arg>
<arg>${obj_addressent}</arg>
<doc>Runs the given keyword with the given arguments, if ``condition`` is true.</doc>
<status status="PASS" starttime="20220413 15:53:03.066" endtime="20220413 15:53:03.066"/>
</kw>
<kw name="Run Keyword And Return Status" library="BuiltIn">
<var>${passed}</var>
<arg>Wait Until Element Is Enabled</arg>
<arg>${obj_addresscont}</arg>
<arg>10s</arg>
<doc>Runs the given keyword with given arguments and returns the status as a Boolean value.</doc>
<kw name="Wait Until Element Is Enabled" library="SeleniumLibrary">
<arg>${obj_addresscont}</arg>
<arg>10s</arg>
<doc>Waits until the element ``locator`` is enabled.</doc>
<msg timestamp="20220413 15:53:13.209" level="INFO" html="true">&lt;/td&gt;&lt;/tr&gt;&lt;tr&gt;&lt;td colspan="3"&gt;&lt;a href="selenium-screenshot-6.png"&gt;&lt;img src="selenium-screenshot-6.png" width="800px"&gt;&lt;/a&gt;</msg>
<msg timestamp="20220413 15:53:13.210" level="FAIL">Element with locator '//button[@class='text-capitalize border-0 xl v-btn v-btn--has-bg theme--light elevation-1 v-size--x-large primary']' not found.</msg>
<status status="FAIL" starttime="20220413 15:53:03.067" endtime="20220413 15:53:13.210"/>
</kw>
<msg timestamp="20220413 15:53:13.210" level="INFO">${passed} = False</msg>
<status status="PASS" starttime="20220413 15:53:03.067" endtime="20220413 15:53:13.210"/>
</kw>
<kw name="Run Keyword If" library="BuiltIn">
<arg>${passed}</arg>
<arg>Click Element</arg>
<arg>${obj_addresscont}</arg>
<doc>Runs the given keyword with the given arguments, if ``condition`` is true.</doc>
<status status="PASS" starttime="20220413 15:53:13.211" endtime="20220413 15:53:13.211"/>
</kw>
<status status="PASS" starttime="20220413 15:52:36.550" endtime="20220413 15:53:13.211"/>
</iter>
<iter>
<var name="${i}">6</var>
<kw name="Get Cell Value" library="RPA.Excel.Files">
<var>${obj_rtype1}</var>
<arg>${i}</arg>
<arg>C</arg>
<arg>RecipientInfo</arg>
<doc>Get a cell value in the given worksheet.</doc>
<msg timestamp="20220413 15:53:13.211" level="INFO">${obj_rtype1} = Kylie Clark</msg>
<status status="PASS" starttime="20220413 15:53:13.211" endtime="20220413 15:53:13.211"/>
</kw>
<kw name="Get Cell Value" library="RPA.Excel.Files">
<var>${obj_nonemp1}</var>
<arg>${i}</arg>
<arg>W</arg>
<arg>RecipientInfo</arg>
<doc>Get a cell value in the given worksheet.</doc>
<msg timestamp="20220413 15:53:13.212" level="INFO">${obj_nonemp1} = =W5+250</msg>
<status status="PASS" starttime="20220413 15:53:13.211" endtime="20220413 15:53:13.212"/>
</kw>
<kw name="Get Cell Value" library="RPA.Excel.Files">
<var>${obj_fdwh1}</var>
<arg>${i}</arg>
<arg>Y</arg>
<arg>RecipientInfo</arg>
<doc>Get a cell value in the given worksheet.</doc>
<msg timestamp="20220413 15:53:13.212" level="INFO">${obj_fdwh1} = =Y5+225</msg>
<status status="PASS" starttime="20220413 15:53:13.212" endtime="20220413 15:53:13.212"/>
</kw>
<kw name="Wait Until Element Is Enabled" library="SeleniumLibrary">
<arg>${obj_rlookup}</arg>
<arg>20s</arg>
<doc>Waits until the element ``locator`` is enabled.</doc>
<status status="PASS" starttime="20220413 15:53:13.212" endtime="20220413 15:53:13.240"/>
</kw>
<kw name="Click Element" library="SeleniumLibrary">
<arg>${obj_rlookup}</arg>
<doc>Click the element identified by ``locator``.</doc>
<msg timestamp="20220413 15:53:13.241" level="INFO">Clicking element '//span[@class='v-btn__content']//i[@class='v-icon notranslate mdi mdi-book-search-outline theme--light primary--text']'.</msg>
<status status="PASS" starttime="20220413 15:53:13.241" endtime="20220413 15:53:13.296"/>
</kw>
<kw name="Sleep" library="BuiltIn">
<arg>10s</arg>
<doc>Pauses the test executed for the given time.</doc>
<msg timestamp="20220413 15:53:23.312" level="INFO">Slept 10 seconds</msg>
<status status="PASS" starttime="20220413 15:53:13.296" endtime="20220413 15:53:23.312"/>
</kw>
<kw name="Input Text" library="SeleniumLibrary">
<arg>${obj_rtype}</arg>
<arg>${obj_rtype1}</arg>
<doc>Types the given ``text`` into the text field identified by ``locator``.</doc>
<msg timestamp="20220413 15:53:23.313" level="INFO">Typing text 'Kylie Clark' into text field '//div[@class='v-text-field__slot']//input[@placeholder='Search']'.</msg>
<status status="PASS" starttime="20220413 15:53:23.312" endtime="20220413 15:53:23.601"/>
</kw>
<kw name="Run Keyword If" library="BuiltIn">
<arg>${i}== 2</arg>
<arg>Click Element</arg>
<arg>${obj_reciselect}</arg>
<arg>ELSE</arg>
<arg>Click Element</arg>
<arg>${obj_reciselect1}</arg>
<doc>Runs the given keyword with the given arguments, if ``condition`` is true.</doc>
<kw name="Click Element" library="SeleniumLibrary">
<arg>${obj_reciselect1}</arg>
<doc>Click the element identified by ``locator``.</doc>
<msg timestamp="20220413 15:53:23.602" level="INFO">Clicking element '//td[@class='text-center']//button[@class='text-capitalize primary-outlined-btn v-btn v-btn--outlined theme--light v-size--default secondary--text']'.</msg>
<status status="PASS" starttime="20220413 15:53:23.602" endtime="20220413 15:53:23.768"/>
</kw>
<status status="PASS" starttime="20220413 15:53:23.602" endtime="20220413 15:53:23.768"/>
</kw>
<kw name="Input Text" library="SeleniumLibrary">
<arg>${obj_nonemp}</arg>
<arg>${obj_nonemp1}</arg>
<doc>Types the given ``text`` into the text field identified by ``locator``.</doc>
<msg timestamp="20220413 15:53:23.769" level="INFO">Typing text '=W5+250' into text field '//em[contains(text(),"1 Nonemployee compensation")]/../following-sibling::section/div/div/div/div/input'.</msg>
<status status="PASS" starttime="20220413 15:53:23.768" endtime="20220413 15:53:24.094"/>
</kw>
<kw name="Click Element" library="SeleniumLibrary">
<arg>${obj_payersales}</arg>
<doc>Click the element identified by ``locator``.</doc>
<msg timestamp="20220413 15:53:24.095" level="INFO">Clicking element '(//div[@class='v-input--selection-controls__ripple'])[11]'.</msg>
<status status="PASS" starttime="20220413 15:53:24.094" endtime="20220413 15:53:24.216"/>
</kw>
<kw name="Input Text" library="SeleniumLibrary">
<arg>${obj_fdwh}</arg>
<arg>${obj_fdwh1}</arg>
<doc>Types the given ``text`` into the text field identified by ``locator``.</doc>
<msg timestamp="20220413 15:53:24.217" level="INFO">Typing text '=Y5+225' into text field '//em[contains(text(),"4 Federal income tax withheld")]/../following-sibling::section/div/div/div/div/input'.</msg>
<status status="PASS" starttime="20220413 15:53:24.216" endtime="20220413 15:53:24.459"/>
</kw>
<kw name="Run Keyword If" library="BuiltIn">
<arg>${i}==${rows}</arg>
<arg>Click Element</arg>
<arg>${obj_savecont}</arg>
<arg>ELSE</arg>
<arg>Click Element</arg>
<arg>${obj_saveadd}</arg>
<doc>Runs the given keyword with the given arguments, if ``condition`` is true.</doc>
<kw name="Click Element" library="SeleniumLibrary">
<arg>${obj_saveadd}</arg>
<doc>Click the element identified by ``locator``.</doc>
<msg timestamp="20220413 15:53:24.460" level="INFO">Clicking element '//span[@class="v-btn__content" and contains(text(),"Save &amp; Add Another")]'.</msg>
<status status="PASS" starttime="20220413 15:53:24.460" endtime="20220413 15:53:24.589"/>
</kw>
<status status="PASS" starttime="20220413 15:53:24.459" endtime="20220413 15:53:24.589"/>
</kw>
<kw name="Sleep" library="BuiltIn">
<arg>5s</arg>
<doc>Pauses the test executed for the given time.</doc>
<msg timestamp="20220413 15:53:29.603" level="INFO">Slept 5 seconds</msg>
<status status="PASS" starttime="20220413 15:53:24.590" endtime="20220413 15:53:29.603"/>
</kw>
<kw name="Run Keyword And Return Status" library="BuiltIn">
<var>${passed}</var>
<arg>Wait Until Element Is Enabled</arg>
<arg>${obj_addressent}</arg>
<arg>10s</arg>
<doc>Runs the given keyword with given arguments and returns the status as a Boolean value.</doc>
<kw name="Wait Until Element Is Enabled" library="SeleniumLibrary">
<arg>${obj_addressent}</arg>
<arg>10s</arg>
<doc>Waits until the element ``locator`` is enabled.</doc>
<msg timestamp="20220413 15:53:39.844" level="INFO" html="true">&lt;/td&gt;&lt;/tr&gt;&lt;tr&gt;&lt;td colspan="3"&gt;&lt;a href="selenium-screenshot-7.png"&gt;&lt;img src="selenium-screenshot-7.png" width="800px"&gt;&lt;/a&gt;</msg>
<msg timestamp="20220413 15:53:39.845" level="FAIL">Element with locator '//label[@class="v-label theme--light" and contains(text(),"Address you entered")]' not found.</msg>
<status status="FAIL" starttime="20220413 15:53:29.603" endtime="20220413 15:53:39.845"/>
</kw>
<msg timestamp="20220413 15:53:39.845" level="INFO">${passed} = False</msg>
<status status="PASS" starttime="20220413 15:53:29.603" endtime="20220413 15:53:39.845"/>
</kw>
<kw name="Run Keyword If" library="BuiltIn">
<arg>${passed}</arg>
<arg>Click Element</arg>
<arg>${obj_addressent}</arg>
<doc>Runs the given keyword with the given arguments, if ``condition`` is true.</doc>
<status status="PASS" starttime="20220413 15:53:39.845" endtime="20220413 15:53:39.846"/>
</kw>
<kw name="Run Keyword And Return Status" library="BuiltIn">
<var>${passed}</var>
<arg>Wait Until Element Is Enabled</arg>
<arg>${obj_addresscont}</arg>
<arg>10s</arg>
<doc>Runs the given keyword with given arguments and returns the status as a Boolean value.</doc>
<kw name="Wait Until Element Is Enabled" library="SeleniumLibrary">
<arg>${obj_addresscont}</arg>
<arg>10s</arg>
<doc>Waits until the element ``locator`` is enabled.</doc>
<msg timestamp="20220413 15:53:50.026" level="INFO" html="true">&lt;/td&gt;&lt;/tr&gt;&lt;tr&gt;&lt;td colspan="3"&gt;&lt;a href="selenium-screenshot-8.png"&gt;&lt;img src="selenium-screenshot-8.png" width="800px"&gt;&lt;/a&gt;</msg>
<msg timestamp="20220413 15:53:50.027" level="FAIL">Element with locator '//button[@class='text-capitalize border-0 xl v-btn v-btn--has-bg theme--light elevation-1 v-size--x-large primary']' not found.</msg>
<status status="FAIL" starttime="20220413 15:53:39.846" endtime="20220413 15:53:50.027"/>
</kw>
<msg timestamp="20220413 15:53:50.027" level="INFO">${passed} = False</msg>
<status status="PASS" starttime="20220413 15:53:39.846" endtime="20220413 15:53:50.027"/>
</kw>
<kw name="Run Keyword If" library="BuiltIn">
<arg>${passed}</arg>
<arg>Click Element</arg>
<arg>${obj_addresscont}</arg>
<doc>Runs the given keyword with the given arguments, if ``condition`` is true.</doc>
<status status="PASS" starttime="20220413 15:53:50.028" endtime="20220413 15:53:50.028"/>
</kw>
<status status="PASS" starttime="20220413 15:53:13.211" endtime="20220413 15:53:50.028"/>
</iter>
<iter>
<var name="${i}">7</var>
<kw name="Get Cell Value" library="RPA.Excel.Files">
<var>${obj_rtype1}</var>
<arg>${i}</arg>
<arg>C</arg>
<arg>RecipientInfo</arg>
<doc>Get a cell value in the given worksheet.</doc>
<msg timestamp="20220413 15:53:50.029" level="INFO">${obj_rtype1} = Olivia Morrison</msg>
<status status="PASS" starttime="20220413 15:53:50.028" endtime="20220413 15:53:50.029"/>
</kw>
<kw name="Get Cell Value" library="RPA.Excel.Files">
<var>${obj_nonemp1}</var>
<arg>${i}</arg>
<arg>W</arg>
<arg>RecipientInfo</arg>
<doc>Get a cell value in the given worksheet.</doc>
<msg timestamp="20220413 15:53:50.029" level="INFO">${obj_nonemp1} = =W6+250</msg>
<status status="PASS" starttime="20220413 15:53:50.029" endtime="20220413 15:53:50.029"/>
</kw>
<kw name="Get Cell Value" library="RPA.Excel.Files">
<var>${obj_fdwh1}</var>
<arg>${i}</arg>
<arg>Y</arg>
<arg>RecipientInfo</arg>
<doc>Get a cell value in the given worksheet.</doc>
<msg timestamp="20220413 15:53:50.030" level="INFO">${obj_fdwh1} = =Y6+225</msg>
<status status="PASS" starttime="20220413 15:53:50.030" endtime="20220413 15:53:50.030"/>
</kw>
<kw name="Wait Until Element Is Enabled" library="SeleniumLibrary">
<arg>${obj_rlookup}</arg>
<arg>20s</arg>
<doc>Waits until the element ``locator`` is enabled.</doc>
<status status="PASS" starttime="20220413 15:53:50.030" endtime="20220413 15:53:50.067"/>
</kw>
<kw name="Click Element" library="SeleniumLibrary">
<arg>${obj_rlookup}</arg>
<doc>Click the element identified by ``locator``.</doc>
<msg timestamp="20220413 15:53:50.067" level="INFO">Clicking element '//span[@class='v-btn__content']//i[@class='v-icon notranslate mdi mdi-book-search-outline theme--light primary--text']'.</msg>
<status status="PASS" starttime="20220413 15:53:50.067" endtime="20220413 15:53:50.130"/>
</kw>
<kw name="Sleep" library="BuiltIn">
<arg>10s</arg>
<doc>Pauses the test executed for the given time.</doc>
<msg timestamp="20220413 15:54:00.133" level="INFO">Slept 10 seconds</msg>
<status status="PASS" starttime="20220413 15:53:50.131" endtime="20220413 15:54:00.133"/>
</kw>
<kw name="Input Text" library="SeleniumLibrary">
<arg>${obj_rtype}</arg>
<arg>${obj_rtype1}</arg>
<doc>Types the given ``text`` into the text field identified by ``locator``.</doc>
<msg timestamp="20220413 15:54:00.133" level="INFO">Typing text 'Olivia Morrison' into text field '//div[@class='v-text-field__slot']//input[@placeholder='Search']'.</msg>
<status status="PASS" starttime="20220413 15:54:00.133" endtime="20220413 15:54:00.481"/>
</kw>
<kw name="Run Keyword If" library="BuiltIn">
<arg>${i}== 2</arg>
<arg>Click Element</arg>
<arg>${obj_reciselect}</arg>
<arg>ELSE</arg>
<arg>Click Element</arg>
<arg>${obj_reciselect1}</arg>
<doc>Runs the given keyword with the given arguments, if ``condition`` is true.</doc>
<kw name="Click Element" library="SeleniumLibrary">
<arg>${obj_reciselect1}</arg>
<doc>Click the element identified by ``locator``.</doc>
<msg timestamp="20220413 15:54:00.483" level="INFO">Clicking element '//td[@class='text-center']//button[@class='text-capitalize primary-outlined-btn v-btn v-btn--outlined theme--light v-size--default secondary--text']'.</msg>
<status status="PASS" starttime="20220413 15:54:00.482" endtime="20220413 15:54:00.679"/>
</kw>
<status status="PASS" starttime="20220413 15:54:00.482" endtime="20220413 15:54:00.679"/>
</kw>
<kw name="Input Text" library="SeleniumLibrary">
<arg>${obj_nonemp}</arg>
<arg>${obj_nonemp1}</arg>
<doc>Types the given ``text`` into the text field identified by ``locator``.</doc>
<msg timestamp="20220413 15:54:00.680" level="INFO">Typing text '=W6+250' into text field '//em[contains(text(),"1 Nonemployee compensation")]/../following-sibling::section/div/div/div/div/input'.</msg>
<status status="PASS" starttime="20220413 15:54:00.680" endtime="20220413 15:54:00.976"/>
</kw>
<kw name="Click Element" library="SeleniumLibrary">
<arg>${obj_payersales}</arg>
<doc>Click the element identified by ``locator``.</doc>
<msg timestamp="20220413 15:54:00.976" level="INFO">Clicking element '(//div[@class='v-input--selection-controls__ripple'])[11]'.</msg>
<status status="PASS" starttime="20220413 15:54:00.976" endtime="20220413 15:54:01.108"/>
</kw>
<kw name="Input Text" library="SeleniumLibrary">
<arg>${obj_fdwh}</arg>
<arg>${obj_fdwh1}</arg>
<doc>Types the given ``text`` into the text field identified by ``locator``.</doc>
<msg timestamp="20220413 15:54:01.109" level="INFO">Typing text '=Y6+225' into text field '//em[contains(text(),"4 Federal income tax withheld")]/../following-sibling::section/div/div/div/div/input'.</msg>
<status status="PASS" starttime="20220413 15:54:01.108" endtime="20220413 15:54:01.313"/>
</kw>
<kw name="Run Keyword If" library="BuiltIn">
<arg>${i}==${rows}</arg>
<arg>Click Element</arg>
<arg>${obj_savecont}</arg>
<arg>ELSE</arg>
<arg>Click Element</arg>
<arg>${obj_saveadd}</arg>
<doc>Runs the given keyword with the given arguments, if ``condition`` is true.</doc>
<kw name="Click Element" library="SeleniumLibrary">
<arg>${obj_saveadd}</arg>
<doc>Click the element identified by ``locator``.</doc>
<msg timestamp="20220413 15:54:01.315" level="INFO">Clicking element '//span[@class="v-btn__content" and contains(text(),"Save &amp; Add Another")]'.</msg>
<status status="PASS" starttime="20220413 15:54:01.314" endtime="20220413 15:54:01.457"/>
</kw>
<status status="PASS" starttime="20220413 15:54:01.314" endtime="20220413 15:54:01.457"/>
</kw>
<kw name="Sleep" library="BuiltIn">
<arg>5s</arg>
<doc>Pauses the test executed for the given time.</doc>
<msg timestamp="20220413 15:54:06.471" level="INFO">Slept 5 seconds</msg>
<status status="PASS" starttime="20220413 15:54:01.457" endtime="20220413 15:54:06.471"/>
</kw>
<kw name="Run Keyword And Return Status" library="BuiltIn">
<var>${passed}</var>
<arg>Wait Until Element Is Enabled</arg>
<arg>${obj_addressent}</arg>
<arg>10s</arg>
<doc>Runs the given keyword with given arguments and returns the status as a Boolean value.</doc>
<kw name="Wait Until Element Is Enabled" library="SeleniumLibrary">
<arg>${obj_addressent}</arg>
<arg>10s</arg>
<doc>Waits until the element ``locator`` is enabled.</doc>
<msg timestamp="20220413 15:54:16.624" level="INFO" html="true">&lt;/td&gt;&lt;/tr&gt;&lt;tr&gt;&lt;td colspan="3"&gt;&lt;a href="selenium-screenshot-9.png"&gt;&lt;img src="selenium-screenshot-9.png" width="800px"&gt;&lt;/a&gt;</msg>
<msg timestamp="20220413 15:54:16.626" level="FAIL">Element with locator '//label[@class="v-label theme--light" and contains(text(),"Address you entered")]' not found.</msg>
<status status="FAIL" starttime="20220413 15:54:06.473" endtime="20220413 15:54:16.626"/>
</kw>
<msg timestamp="20220413 15:54:16.626" level="INFO">${passed} = False</msg>
<status status="PASS" starttime="20220413 15:54:06.472" endtime="20220413 15:54:16.626"/>
</kw>
<kw name="Run Keyword If" library="BuiltIn">
<arg>${passed}</arg>
<arg>Click Element</arg>
<arg>${obj_addressent}</arg>
<doc>Runs the given keyword with the given arguments, if ``condition`` is true.</doc>
<status status="PASS" starttime="20220413 15:54:16.626" endtime="20220413 15:54:16.626"/>
</kw>
<kw name="Run Keyword And Return Status" library="BuiltIn">
<var>${passed}</var>
<arg>Wait Until Element Is Enabled</arg>
<arg>${obj_addresscont}</arg>
<arg>10s</arg>
<doc>Runs the given keyword with given arguments and returns the status as a Boolean value.</doc>
<kw name="Wait Until Element Is Enabled" library="SeleniumLibrary">
<arg>${obj_addresscont}</arg>
<arg>10s</arg>
<doc>Waits until the element ``locator`` is enabled.</doc>
<msg timestamp="20220413 15:54:26.810" level="INFO" html="true">&lt;/td&gt;&lt;/tr&gt;&lt;tr&gt;&lt;td colspan="3"&gt;&lt;a href="selenium-screenshot-10.png"&gt;&lt;img src="selenium-screenshot-10.png" width="800px"&gt;&lt;/a&gt;</msg>
<msg timestamp="20220413 15:54:26.811" level="FAIL">Element with locator '//button[@class='text-capitalize border-0 xl v-btn v-btn--has-bg theme--light elevation-1 v-size--x-large primary']' not found.</msg>
<status status="FAIL" starttime="20220413 15:54:16.627" endtime="20220413 15:54:26.811"/>
</kw>
<msg timestamp="20220413 15:54:26.811" level="INFO">${passed} = False</msg>
<status status="PASS" starttime="20220413 15:54:16.626" endtime="20220413 15:54:26.811"/>
</kw>
<kw name="Run Keyword If" library="BuiltIn">
<arg>${passed}</arg>
<arg>Click Element</arg>
<arg>${obj_addresscont}</arg>
<doc>Runs the given keyword with the given arguments, if ``condition`` is true.</doc>
<status status="PASS" starttime="20220413 15:54:26.811" endtime="20220413 15:54:26.811"/>
</kw>
<status status="PASS" starttime="20220413 15:53:50.028" endtime="20220413 15:54:26.811"/>
</iter>
<iter>
<var name="${i}">8</var>
<kw name="Get Cell Value" library="RPA.Excel.Files">
<var>${obj_rtype1}</var>
<arg>${i}</arg>
<arg>C</arg>
<arg>RecipientInfo</arg>
<doc>Get a cell value in the given worksheet.</doc>
<msg timestamp="20220413 15:54:26.812" level="INFO">${obj_rtype1} = Robert Lee</msg>
<status status="PASS" starttime="20220413 15:54:26.812" endtime="20220413 15:54:26.812"/>
</kw>
<kw name="Get Cell Value" library="RPA.Excel.Files">
<var>${obj_nonemp1}</var>
<arg>${i}</arg>
<arg>W</arg>
<arg>RecipientInfo</arg>
<doc>Get a cell value in the given worksheet.</doc>
<msg timestamp="20220413 15:54:26.813" level="INFO">${obj_nonemp1} = =W7+250</msg>
<status status="PASS" starttime="20220413 15:54:26.812" endtime="20220413 15:54:26.813"/>
</kw>
<kw name="Get Cell Value" library="RPA.Excel.Files">
<var>${obj_fdwh1}</var>
<arg>${i}</arg>
<arg>Y</arg>
<arg>RecipientInfo</arg>
<doc>Get a cell value in the given worksheet.</doc>
<msg timestamp="20220413 15:54:26.813" level="INFO">${obj_fdwh1} = =Y7+225</msg>
<status status="PASS" starttime="20220413 15:54:26.813" endtime="20220413 15:54:26.813"/>
</kw>
<kw name="Wait Until Element Is Enabled" library="SeleniumLibrary">
<arg>${obj_rlookup}</arg>
<arg>20s</arg>
<doc>Waits until the element ``locator`` is enabled.</doc>
<status status="PASS" starttime="20220413 15:54:26.814" endtime="20220413 15:54:26.845"/>
</kw>
<kw name="Click Element" library="SeleniumLibrary">
<arg>${obj_rlookup}</arg>
<doc>Click the element identified by ``locator``.</doc>
<msg timestamp="20220413 15:54:26.846" level="INFO">Clicking element '//span[@class='v-btn__content']//i[@class='v-icon notranslate mdi mdi-book-search-outline theme--light primary--text']'.</msg>
<status status="PASS" starttime="20220413 15:54:26.846" endtime="20220413 15:54:26.905"/>
</kw>
<kw name="Sleep" library="BuiltIn">
<arg>10s</arg>
<doc>Pauses the test executed for the given time.</doc>
<msg timestamp="20220413 15:54:36.906" level="INFO">Slept 10 seconds</msg>
<status status="PASS" starttime="20220413 15:54:26.906" endtime="20220413 15:54:36.906"/>
</kw>
<kw name="Input Text" library="SeleniumLibrary">
<arg>${obj_rtype}</arg>
<arg>${obj_rtype1}</arg>
[...]
<doc>Click the element identified by ``locator``.</doc>
<msg timestamp="20220413 15:55:51.404" level="INFO">Clicking element '(//div[@class='v-input--selection-controls__ripple'])[11]'.</msg>
<status status="PASS" starttime="20220413 15:55:51.403" endtime="20220413 15:55:51.536"/>
</kw>
<kw name="Input Text" library="SeleniumLibrary">
<arg>${obj_fdwh}</arg>
<arg>${obj_fdwh1}</arg>
<doc>Types the given ``text`` into the text field identified by ``locator``.</doc>
<msg timestamp="20220413 15:55:51.537" level="INFO">Typing text '=Y9+225' into text field '//em[contains(text(),"4 Federal income tax withheld")]/../following-sibling::section/div/div/div/div/input'.</msg>
<status status="PASS" starttime="20220413 15:55:51.536" endtime="20220413 15:55:51.791"/>
</kw>
<kw name="Run Keyword If" library="BuiltIn">
<arg>${i}==${rows}</arg>
<arg>Click Element</arg>
<arg>${obj_savecont}</arg>
<arg>ELSE</arg>
<arg>Click Element</arg>
<arg>${obj_saveadd}</arg>
<doc>Runs the given keyword with the given arguments, if ``condition`` is true.</doc>
<kw name="Click Element" library="SeleniumLibrary">
<arg>${obj_saveadd}</arg>
<doc>Click the element identified by ``locator``.</doc>
<msg timestamp="20220413 15:55:51.792" level="INFO">Clicking element '//span[@class="v-btn__content" and contains(text(),"Save &amp; Add Another")]'.</msg>
<status status="PASS" starttime="20220413 15:55:51.792" endtime="20220413 15:55:52.083"/>
</kw>
<status status="PASS" starttime="20220413 15:55:51.791" endtime="20220413 15:55:52.083"/>
</kw>
<kw name="Sleep" library="BuiltIn">
<arg>5s</arg>
<doc>Pauses the test executed for the given time.</doc>
<msg timestamp="20220413 15:55:57.086" level="INFO">Slept 5 seconds</msg>
<status status="PASS" starttime="20220413 15:55:52.083" endtime="20220413 15:55:57.086"/>
</kw>
<kw name="Run Keyword And Return Status" library="BuiltIn">
<var>${passed}</var>
<arg>Wait Until Element Is Enabled</arg>
<arg>${obj_addressent}</arg>
<arg>10s</arg>
<doc>Runs the given keyword with given arguments and returns the status as a Boolean value.</doc>
<kw name="Wait Until Element Is Enabled" library="SeleniumLibrary">
<arg>${obj_addressent}</arg>
<arg>10s</arg>
<doc>Waits until the element ``locator`` is enabled.</doc>
<msg timestamp="20220413 15:56:07.302" level="INFO" html="true">&lt;/td&gt;&lt;/tr&gt;&lt;tr&gt;&lt;td colspan="3"&gt;&lt;a href="selenium-screenshot-15.png"&gt;&lt;img src="selenium-screenshot-15.png" width="800px"&gt;&lt;/a&gt;</msg>
<msg timestamp="20220413 15:56:07.303" level="FAIL">Element with locator '//label[@class="v-label theme--light" and contains(text(),"Address you entered")]' not found.</msg>
<status status="FAIL" starttime="20220413 15:55:57.089" endtime="20220413 15:56:07.303"/>
</kw>
<msg timestamp="20220413 15:56:07.303" level="INFO">${passed} = False</msg>
<status status="PASS" starttime="20220413 15:55:57.086" endtime="20220413 15:56:07.303"/>
</kw>
<kw name="Run Keyword If" library="BuiltIn">
<arg>${passed}</arg>
<arg>Click Element</arg>
<arg>${obj_addressent}</arg>
<doc>Runs the given keyword with the given arguments, if ``condition`` is true.</doc>
<status status="PASS" starttime="20220413 15:56:07.303" endtime="20220413 15:56:07.303"/>
</kw>
<kw name="Run Keyword And Return Status" library="BuiltIn">
<var>${passed}</var>
<arg>Wait Until Element Is Enabled</arg>
<arg>${obj_addresscont}</arg>
<arg>10s</arg>
<doc>Runs the given keyword with given arguments and returns the status as a Boolean value.</doc>
<kw name="Wait Until Element Is Enabled" library="SeleniumLibrary">
<arg>${obj_addresscont}</arg>
<arg>10s</arg>
<doc>Waits until the element ``locator`` is enabled.</doc>
<msg timestamp="20220413 15:56:17.457" level="INFO" html="true">&lt;/td&gt;&lt;/tr&gt;&lt;tr&gt;&lt;td colspan="3"&gt;&lt;a href="selenium-screenshot-16.png"&gt;&lt;img src="selenium-screenshot-16.png" width="800px"&gt;&lt;/a&gt;</msg>
<msg timestamp="20220413 15:56:17.458" level="FAIL">Element with locator '//button[@class='text-capitalize border-0 xl v-btn v-btn--has-bg theme--light elevation-1 v-size--x-large primary']' not found.</msg>
<status status="FAIL" starttime="20220413 15:56:07.303" endtime="20220413 15:56:17.458"/>
</kw>
<msg timestamp="20220413 15:56:17.458" level="INFO">${passed} = False</msg>
<status status="PASS" starttime="20220413 15:56:07.303" endtime="20220413 15:56:17.458"/>
</kw>
<kw name="Run Keyword If" library="BuiltIn">
<arg>${passed}</arg>
<arg>Click Element</arg>
<arg>${obj_addresscont}</arg>
<doc>Runs the given keyword with the given arguments, if ``condition`` is true.</doc>
<status status="PASS" starttime="20220413 15:56:17.458" endtime="20220413 15:56:17.458"/>
</kw>
<status status="PASS" starttime="20220413 15:55:40.462" endtime="20220413 15:56:17.458"/>
</iter>
<iter>
<var name="${i}">11</var>
<kw name="Get Cell Value" library="RPA.Excel.Files">
<var>${obj_rtype1}</var>
<arg>${i}</arg>
<arg>C</arg>
<arg>RecipientInfo</arg>
<doc>Get a cell value in the given worksheet.</doc>
<msg timestamp="20220413 15:56:17.459" level="INFO">${obj_rtype1} = Andrea Bower</msg>
<status status="PASS" starttime="20220413 15:56:17.458" endtime="20220413 15:56:17.459"/>
</kw>
<kw name="Get Cell Value" library="RPA.Excel.Files">
<var>${obj_nonemp1}</var>
<arg>${i}</arg>
<arg>W</arg>
<arg>RecipientInfo</arg>
<doc>Get a cell value in the given worksheet.</doc>
<msg timestamp="20220413 15:56:17.459" level="INFO">${obj_nonemp1} = =W10+250</msg>
<status status="PASS" starttime="20220413 15:56:17.459" endtime="20220413 15:56:17.459"/>
</kw>
<kw name="Get Cell Value" library="RPA.Excel.Files">
<var>${obj_fdwh1}</var>
<arg>${i}</arg>
<arg>Y</arg>
<arg>RecipientInfo</arg>
<doc>Get a cell value in the given worksheet.</doc>
<msg timestamp="20220413 15:56:17.460" level="INFO">${obj_fdwh1} = =Y10+225</msg>
<status status="PASS" starttime="20220413 15:56:17.459" endtime="20220413 15:56:17.460"/>
</kw>
<kw name="Wait Until Element Is Enabled" library="SeleniumLibrary">
<arg>${obj_rlookup}</arg>
<arg>20s</arg>
<doc>Waits until the element ``locator`` is enabled.</doc>
<status status="PASS" starttime="20220413 15:56:17.460" endtime="20220413 15:56:17.497"/>
</kw>
<kw name="Click Element" library="SeleniumLibrary">
<arg>${obj_rlookup}</arg>
<doc>Click the element identified by ``locator``.</doc>
<msg timestamp="20220413 15:56:17.497" level="INFO">Clicking element '//span[@class='v-btn__content']//i[@class='v-icon notranslate mdi mdi-book-search-outline theme--light primary--text']'.</msg>
<status status="PASS" starttime="20220413 15:56:17.497" endtime="20220413 15:56:17.554"/>
</kw>
<kw name="Sleep" library="BuiltIn">
<arg>10s</arg>
<doc>Pauses the test executed for the given time.</doc>
<msg timestamp="20220413 15:56:27.565" level="INFO">Slept 10 seconds</msg>
<status status="PASS" starttime="20220413 15:56:17.554" endtime="20220413 15:56:27.565"/>
</kw>
<kw name="Input Text" library="SeleniumLibrary">
<arg>${obj_rtype}</arg>
<arg>${obj_rtype1}</arg>
<doc>Types the given ``text`` into the text field identified by ``locator``.</doc>
<msg timestamp="20220413 15:56:27.566" level="INFO">Typing text 'Andrea Bower' into text field '//div[@class='v-text-field__slot']//input[@placeholder='Search']'.</msg>
<status status="PASS" starttime="20220413 15:56:27.565" endtime="20220413 15:56:27.869"/>
</kw>
<kw name="Run Keyword If" library="BuiltIn">
<arg>${i}== 2</arg>
<arg>Click Element</arg>
<arg>${obj_reciselect}</arg>
<arg>ELSE</arg>
<arg>Click Element</arg>
<arg>${obj_reciselect1}</arg>
<doc>Runs the given keyword with the given arguments, if ``condition`` is true.</doc>
<kw name="Click Element" library="SeleniumLibrary">
<arg>${obj_reciselect1}</arg>
<doc>Click the element identified by ``locator``.</doc>
<msg timestamp="20220413 15:56:27.870" level="INFO">Clicking element '//td[@class='text-center']//button[@class='text-capitalize primary-outlined-btn v-btn v-btn--outlined theme--light v-size--default secondary--text']'.</msg>
<status status="PASS" starttime="20220413 15:56:27.870" endtime="20220413 15:56:28.071"/>
</kw>
<status status="PASS" starttime="20220413 15:56:27.869" endtime="20220413 15:56:28.071"/>
</kw>
<kw name="Input Text" library="SeleniumLibrary">
<arg>${obj_nonemp}</arg>
<arg>${obj_nonemp1}</arg>
<doc>Types the given ``text`` into the text field identified by ``locator``.</doc>
<msg timestamp="20220413 15:56:28.072" level="INFO">Typing text '=W10+250' into text field '//em[contains(text(),"1 Nonemployee compensation")]/../following-sibling::section/div/div/div/div/input'.</msg>
<status status="PASS" starttime="20220413 15:56:28.072" endtime="20220413 15:56:28.413"/>
</kw>
<kw name="Click Element" library="SeleniumLibrary">
<arg>${obj_payersales}</arg>
<doc>Click the element identified by ``locator``.</doc>
<msg timestamp="20220413 15:56:28.413" level="INFO">Clicking element '(//div[@class='v-input--selection-controls__ripple'])[11]'.</msg>
<status status="PASS" starttime="20220413 15:56:28.413" endtime="20220413 15:56:28.532"/>
</kw>
<kw name="Input Text" library="SeleniumLibrary">
<arg>${obj_fdwh}</arg>
<arg>${obj_fdwh1}</arg>
<doc>Types the given ``text`` into the text field identified by ``locator``.</doc>
<msg timestamp="20220413 15:56:28.532" level="INFO">Typing text '=Y10+225' into text field '//em[contains(text(),"4 Federal income tax withheld")]/../following-sibling::section/div/div/div/div/input'.</msg>
<status status="PASS" starttime="20220413 15:56:28.532" endtime="20220413 15:56:28.765"/>
</kw>
<kw name="Run Keyword If" library="BuiltIn">
<arg>${i}==${rows}</arg>
<arg>Click Element</arg>
<arg>${obj_savecont}</arg>
<arg>ELSE</arg>
<arg>Click Element</arg>
<arg>${obj_saveadd}</arg>
<doc>Runs the given keyword with the given arguments, if ``condition`` is true.</doc>
<kw name="Click Element" library="SeleniumLibrary">
<arg>${obj_savecont}</arg>
<doc>Click the element identified by ``locator``.</doc>
<msg timestamp="20220413 15:56:28.766" level="INFO">Clicking element '//button[@class='text-capitalize primary-btn btn-hover-shrink v-btn v-btn--has-bg theme--light elevation-1 v-size--x-large primary']'.</msg>
<status status="PASS" starttime="20220413 15:56:28.766" endtime="20220413 15:56:28.899"/>
</kw>
<status status="PASS" starttime="20220413 15:56:28.765" endtime="20220413 15:56:28.900"/>
</kw>
<kw name="Sleep" library="BuiltIn">
<arg>5s</arg>
<doc>Pauses the test executed for the given time.</doc>
<msg timestamp="20220413 15:56:33.909" level="INFO">Slept 5 seconds</msg>
<status status="PASS" starttime="20220413 15:56:28.900" endtime="20220413 15:56:33.909"/>
</kw>
<kw name="Run Keyword And Return Status" library="BuiltIn">
<var>${passed}</var>
<arg>Wait Until Element Is Enabled</arg>
<arg>${obj_addressent}</arg>
<arg>10s</arg>
<doc>Runs the given keyword with given arguments and returns the status as a Boolean value.</doc>
<kw name="Wait Until Element Is Enabled" library="SeleniumLibrary">
<arg>${obj_addressent}</arg>
<arg>10s</arg>
<doc>Waits until the element ``locator`` is enabled.</doc>
<msg timestamp="20220413 15:56:44.133" level="INFO" html="true">&lt;/td&gt;&lt;/tr&gt;&lt;tr&gt;&lt;td colspan="3"&gt;&lt;a href="selenium-screenshot-17.png"&gt;&lt;img src="selenium-screenshot-17.png" width="800px"&gt;&lt;/a&gt;</msg>
<msg timestamp="20220413 15:56:44.134" level="FAIL">Element with locator '//label[@class="v-label theme--light" and contains(text(),"Address you entered")]' not found.</msg>
<status status="FAIL" starttime="20220413 15:56:33.910" endtime="20220413 15:56:44.134"/>
</kw>
<msg timestamp="20220413 15:56:44.134" level="INFO">${passed} = False</msg>
<status status="PASS" starttime="20220413 15:56:33.909" endtime="20220413 15:56:44.134"/>
</kw>
<kw name="Run Keyword If" library="BuiltIn">
<arg>${passed}</arg>
<arg>Click Element</arg>
<arg>${obj_addressent}</arg>
<doc>Runs the given keyword with the given arguments, if ``condition`` is true.</doc>
<status status="PASS" starttime="20220413 15:56:44.134" endtime="20220413 15:56:44.135"/>
</kw>
<kw name="Run Keyword And Return Status" library="BuiltIn">
<var>${passed}</var>
<arg>Wait Until Element Is Enabled</arg>
<arg>${obj_addresscont}</arg>
<arg>10s</arg>
<doc>Runs the given keyword with given arguments and returns the status as a Boolean value.</doc>
<kw name="Wait Until Element Is Enabled" library="SeleniumLibrary">
<arg>${obj_addresscont}</arg>
<arg>10s</arg>
<doc>Waits until the element ``locator`` is enabled.</doc>
<msg timestamp="20220413 15:56:54.425" level="INFO" html="true">&lt;/td&gt;&lt;/tr&gt;&lt;tr&gt;&lt;td colspan="3"&gt;&lt;a href="selenium-screenshot-18.png"&gt;&lt;img src="selenium-screenshot-18.png" width="800px"&gt;&lt;/a&gt;</msg>
<msg timestamp="20220413 15:56:54.426" level="FAIL">Element with locator '//button[@class='text-capitalize border-0 xl v-btn v-btn--has-bg theme--light elevation-1 v-size--x-large primary']' not found.</msg>
<status status="FAIL" starttime="20220413 15:56:44.135" endtime="20220413 15:56:54.426"/>
</kw>
<msg timestamp="20220413 15:56:54.426" level="INFO">${passed} = False</msg>
<status status="PASS" starttime="20220413 15:56:44.135" endtime="20220413 15:56:54.426"/>
</kw>
<kw name="Run Keyword If" library="BuiltIn">
<arg>${passed}</arg>
<arg>Click Element</arg>
<arg>${obj_addresscont}</arg>
<doc>Runs the given keyword with the given arguments, if ``condition`` is true.</doc>
<status status="PASS" starttime="20220413 15:56:54.427" endtime="20220413 15:56:54.427"/>
</kw>
<status status="PASS" starttime="20220413 15:56:17.458" endtime="20220413 15:56:54.427"/>
</iter>
<status status="PASS" starttime="20220413 15:51:00.284" endtime="20220413 15:56:54.427"/>
</for>
<msg timestamp="20220413 15:56:54.427" level="INFO">${passed} = None</msg>
<status status="PASS" starttime="20220413 15:50:31.248" endtime="20220413 15:56:54.427"/>
</kw>
<kw name="Sleep" library="BuiltIn">
<arg>15s</arg>
<doc>Pauses the test executed for the given time.</doc>
<msg timestamp="20220413 15:57:09.429" level="INFO">Slept 15 seconds</msg>
<status status="PASS" starttime="20220413 15:56:54.427" endtime="20220413 15:57:09.430"/>
</kw>
<status status="PASS" starttime="20220413 15:50:31.247" endtime="20220413 15:57:09.431"/>
</test>
<test id="s1-t4" name="Review and Transmit the order">
<kw name="Review_Transmit_form1099Nec" library="ReviewandTransmit">
<var>${passed}</var>
<kw name="Parse Xml" library="XML">
<var>${xml}</var>
<arg>login.xml</arg>
<doc>Parses the given XML file or string into an element structure.</doc>
<msg timestamp="20220413 15:57:09.434" level="INFO">${xml} = &lt;Element 'OR' at 0x000002A21C555120&gt;</msg>
<status status="PASS" starttime="20220413 15:57:09.432" endtime="20220413 15:57:09.434"/>
</kw>
<kw name="Get Element Text" library="XML">
<var>${obj_revsavecont}</var>
<arg>${xml}</arg>
<arg>revsavecont</arg>
<doc>Returns all text of the element, possibly whitespace normalized.</doc>
<msg timestamp="20220413 15:57:09.434" level="INFO">${obj_revsavecont} = //div[@class='text-center mt-4']//button[@type='button']</msg>
<status status="PASS" starttime="20220413 15:57:09.434" endtime="20220413 15:57:09.434"/>
</kw>
<kw name="Get Element Text" library="XML">
<var>${obj_adtsave}</var>
<arg>${xml}</arg>
<arg>adtsavecont</arg>
<doc>Returns all text of the element, possibly whitespace normalized.</doc>
<msg timestamp="20220413 15:57:09.435" level="INFO">${obj_adtsave} = //div[@class='v-card__actions justify-space-between d-flex align-center']//button[@class='text-capitalize primary-btn btn-hover-shrink v-btn v-btn--has-bg theme--light elevation-1 v-size--x-large prim...</msg>
<status status="PASS" starttime="20220413 15:57:09.435" endtime="20220413 15:57:09.435"/>
</kw>
<kw name="Get Element Text" library="XML">
<var>${obj_compltorder}</var>
<arg>${xml}</arg>
<arg>compltorder</arg>
<doc>Returns all text of the element, possibly whitespace normalized.</doc>
<msg timestamp="20220413 15:57:09.435" level="INFO">${obj_compltorder} = //div[@class='text-center']//button[@class='btn-hover-shrink primary-btn text-capitalize xxl-btn v-btn v-btn--has-bg theme--light elevation-1 v-size--x-large success']</msg>
<status status="PASS" starttime="20220413 15:57:09.435" endtime="20220413 15:57:09.435"/>
</kw>
<kw name="Get Element Text" library="XML">
<var>${obj_ctransmit}</var>
<arg>${xml}</arg>
<arg>ctransmit</arg>
<doc>Returns all text of the element, possibly whitespace normalized.</doc>
<msg timestamp="20220413 15:57:09.436" level="INFO">${obj_ctransmit} = //div[@class='v-card__actions justify-center mt-3']//button[@class='text-initial primary-btn btn-hover-shrink xl-btn v-btn v-btn--has-bg theme--light v-size--x-large success']</msg>
<status status="PASS" starttime="20220413 15:57:09.436" endtime="20220413 15:57:09.436"/>
</kw>
<kw name="Click Element" library="SeleniumLibrary">
<arg>${obj_revsavecont}</arg>
<doc>Click the element identified by ``locator``.</doc>
<msg timestamp="20220413 15:57:09.436" level="INFO">Clicking element '//div[@class='text-center mt-4']//button[@type='button']'.</msg>
<status status="PASS" starttime="20220413 15:57:09.436" endtime="20220413 15:57:09.590"/>
</kw>
<kw name="Sleep" library="BuiltIn">
<arg>10s</arg>
<doc>Pauses the test executed for the given time.</doc>
<msg timestamp="20220413 15:57:19.592" level="INFO">Slept 10 seconds</msg>
<status status="PASS" starttime="20220413 15:57:09.590" endtime="20220413 15:57:19.592"/>
</kw>
<kw name="Click Element" library="SeleniumLibrary">
<arg>${obj_adtsave}</arg>
<doc>Click the element identified by ``locator``.</doc>
<msg timestamp="20220413 15:57:19.593" level="INFO">Clicking element '//div[@class='v-card__actions justify-space-between d-flex align-center']//button[@class='text-capitalize primary-btn btn-hover-shrink v-btn v-btn--has-bg theme--light elevation-1 v-size--x-large primary']'.</msg>
<status status="PASS" starttime="20220413 15:57:19.592" endtime="20220413 15:57:19.643"/>
</kw>
<kw name="Sleep" library="BuiltIn">
<arg>25s</arg>
<doc>Pauses the test executed for the given time.</doc>
<msg timestamp="20220413 15:57:44.652" level="INFO">Slept 25 seconds</msg>
<status status="PASS" starttime="20220413 15:57:19.643" endtime="20220413 15:57:44.652"/>
</kw>
<kw name="Click Element" library="SeleniumLibrary">
<arg>${obj_compltorder}</arg>
<doc>Click the element identified by ``locator``.</doc>
<msg timestamp="20220413 15:57:44.653" level="INFO">Clicking element '//div[@class='text-center']//button[@class='btn-hover-shrink primary-btn text-capitalize xxl-btn v-btn v-btn--has-bg theme--light elevation-1 v-size--x-large success']'.</msg>
<status status="PASS" starttime="20220413 15:57:44.652" endtime="20220413 15:57:44.727"/>
</kw>
<kw name="Sleep" library="BuiltIn">
<arg>5s</arg>
<doc>Pauses the test executed for the given time.</doc>
<msg timestamp="20220413 15:57:49.731" level="INFO">Slept 5 seconds</msg>
<status status="PASS" starttime="20220413 15:57:44.727" endtime="20220413 15:57:49.731"/>
</kw>
<kw name="Click Element" library="SeleniumLibrary">
<arg>${obj_ctransmit}</arg>
<doc>Click the element identified by ``locator``.</doc>
<msg timestamp="20220413 15:57:49.732" level="INFO">Clicking element '//div[@class='v-card__actions justify-center mt-3']//button[@class='text-initial primary-btn btn-hover-shrink xl-btn v-btn v-btn--has-bg theme--light v-size--x-large success']'.</msg>
<status status="PASS" starttime="20220413 15:57:49.731" endtime="20220413 15:57:49.793"/>
</kw>
<msg timestamp="20220413 15:57:49.793" level="INFO">${passed} = None</msg>
<status status="PASS" starttime="20220413 15:57:09.432" endtime="20220413 15:57:49.793"/>
</kw>
<status status="PASS" starttime="20220413 15:57:09.431" endtime="20220413 15:57:49.793"/>
</test>
<status status="PASS" starttime="20220413 15:49:57.384" endtime="20220413 15:57:49.795"/>
</suite>
<statistics>
<total>
<stat pass="4" fail="0" skip="0">All Tests</stat>
</total>
<tag>
</tag>
<suite>
<stat pass="4" fail="0" skip="0" id="s1" name="1099Nec">1099Nec</stat>
</suite>
</statistics>
<errors>
</errors>
</robot>
